#
# An unexpected error has occurred (11)
#
Stack:
/lib/x86_64-linux-gnu/libc.so.6(+0x3ef20) [0x7fba096aef20]
/home/shubham/Xilinx2018.3/Vivado/2018.3/lib/lnx64.o/libhls_hwsyn.so(pass::PortAlignment::alignTopFunctionArg(llvm::Function*)+0x889) [0x7fb9f0196969]
/home/shubham/Xilinx2018.3/Vivado/2018.3/lib/lnx64.o/libhls_hwsyn.so(pass::PortAlignment::runOnModule(llvm::Module&)+0xec) [0x7fb9f019d3fc]
/home/shubham/Xilinx2018.3/Vivado/2018.3/lib/lnx64.o/libLLVM-3.1.so(llvm::MPPassManager::runOnModule(llvm::Module&)+0x182) [0x7fb9f1467682]
/home/shubham/Xilinx2018.3/Vivado/2018.3/lib/lnx64.o/libLLVM-3.1.so(llvm::PassManagerImpl::run(llvm::Module&)+0xac) [0x7fb9f146783c]
/home/shubham/Xilinx2018.3/Vivado/2018.3/lib/lnx64.o/libhls_main.so(+0xe041d) [0x7fb9f25f941d]
/home/shubham/Xilinx2018.3/Vivado/2018.3/lib/lnx64.o/libhls_support.so(xpcl::TclCommand::callback(int, Tcl_Obj* const*)+0x675) [0x7fb9f22e20e5]
/home/shubham/Xilinx2018.3/Vivado/2018.3/lib/lnx64.o/libhls_support.so(+0x7629b) [0x7fb9f22e229b]
/home/shubham/Xilinx2018.3/Vivado/2018.3/lib/lnx64.o/libtcl8.5.so(+0x334af) [0x7fba04ed64af]
/home/shubham/Xilinx2018.3/Vivado/2018.3/lib/lnx64.o/libtcl8.5.so(+0x76875) [0x7fba04f19875]
/home/shubham/Xilinx2018.3/Vivado/2018.3/lib/lnx64.o/libtcl8.5.so(+0x7e029) [0x7fba04f21029]
/home/shubham/Xilinx2018.3/Vivado/2018.3/lib/lnx64.o/libtcl8.5.so(TclEvalObjEx+0x76) [0x7fba04ed8156]
/home/shubham/Xilinx2018.3/Vivado/2018.3/lib/lnx64.o/librdi_commontasks.so(+0x1d9887) [0x7fb9fa180887]
/home/shubham/Xilinx2018.3/Vivado/2018.3/lib/lnx64.o/libtcl8.5.so(+0x334af) [0x7fba04ed64af]
/home/shubham/Xilinx2018.3/Vivado/2018.3/lib/lnx64.o/libtcl8.5.so(+0x76875) [0x7fba04f19875]
/home/shubham/Xilinx2018.3/Vivado/2018.3/lib/lnx64.o/libtcl8.5.so(TclObjInterpProcCore+0x420) [0x7fba04f5adf0]
/home/shubham/Xilinx2018.3/Vivado/2018.3/lib/lnx64.o/libtcl8.5.so(+0x334af) [0x7fba04ed64af]
/home/shubham/Xilinx2018.3/Vivado/2018.3/lib/lnx64.o/libtcl8.5.so(+0x76875) [0x7fba04f19875]
/home/shubham/Xilinx2018.3/Vivado/2018.3/lib/lnx64.o/libtcl8.5.so(+0x7e029) [0x7fba04f21029]
/home/shubham/Xilinx2018.3/Vivado/2018.3/lib/lnx64.o/libtcl8.5.so(TclEvalObjEx+0x76) [0x7fba04ed8156]
/home/shubham/Xilinx2018.3/Vivado/2018.3/lib/lnx64.o/librdi_commontasks.so(+0x1d9887) [0x7fb9fa180887]
/home/shubham/Xilinx2018.3/Vivado/2018.3/lib/lnx64.o/libtcl8.5.so(+0x334af) [0x7fba04ed64af]
/home/shubham/Xilinx2018.3/Vivado/2018.3/lib/lnx64.o/libtcl8.5.so(+0x76875) [0x7fba04f19875]
/home/shubham/Xilinx2018.3/Vivado/2018.3/lib/lnx64.o/libtcl8.5.so(TclObjInterpProcCore+0x420) [0x7fba04f5adf0]
/home/shubham/Xilinx2018.3/Vivado/2018.3/lib/lnx64.o/libtcl8.5.so(+0x334af) [0x7fba04ed64af]
/home/shubham/Xilinx2018.3/Vivado/2018.3/lib/lnx64.o/libtcl8.5.so(+0x76875) [0x7fba04f19875]
/home/shubham/Xilinx2018.3/Vivado/2018.3/lib/lnx64.o/libtcl8.5.so(TclObjInterpProcCore+0x420) [0x7fba04f5adf0]
/home/shubham/Xilinx2018.3/Vivado/2018.3/lib/lnx64.o/libtcl8.5.so(+0x334af) [0x7fba04ed64af]
/home/shubham/Xilinx2018.3/Vivado/2018.3/lib/lnx64.o/libtcl8.5.so(+0x76875) [0x7fba04f19875]
/home/shubham/Xilinx2018.3/Vivado/2018.3/lib/lnx64.o/libtcl8.5.so(+0x7e029) [0x7fba04f21029]
/home/shubham/Xilinx2018.3/Vivado/2018.3/lib/lnx64.o/libtcl8.5.so(TclEvalObjEx+0x76) [0x7fba04ed8156]
/home/shubham/Xilinx2018.3/Vivado/2018.3/lib/lnx64.o/librdi_commontasks.so(+0x1d9887) [0x7fb9fa180887]
/home/shubham/Xilinx2018.3/Vivado/2018.3/lib/lnx64.o/libtcl8.5.so(+0x334af) [0x7fba04ed64af]
/home/shubham/Xilinx2018.3/Vivado/2018.3/lib/lnx64.o/libtcl8.5.so(+0x76875) [0x7fba04f19875]
/home/shubham/Xilinx2018.3/Vivado/2018.3/lib/lnx64.o/libtcl8.5.so(Tcl_ExprObj+0xf8) [0x7fba04f20c08]
/home/shubham/Xilinx2018.3/Vivado/2018.3/lib/lnx64.o/libtcl8.5.so(Tcl_ExprBooleanObj+0x16) [0x7fba04ed6e96]
/home/shubham/Xilinx2018.3/Vivado/2018.3/lib/lnx64.o/libtcl8.5.so(+0x3e6de) [0x7fba04ee16de]
/home/shubham/Xilinx2018.3/Vivado/2018.3/lib/lnx64.o/libtcl8.5.so(+0x334af) [0x7fba04ed64af]
/home/shubham/Xilinx2018.3/Vivado/2018.3/lib/lnx64.o/libtcl8.5.so(+0x34b38) [0x7fba04ed7b38]
/home/shubham/Xilinx2018.3/Vivado/2018.3/lib/lnx64.o/libtcl8.5.so(Tcl_EvalEx+0x13) [0x7fba04ed80a3]
/home/shubham/Xilinx2018.3/Vivado/2018.3/lib/lnx64.o/libtcl8.5.so(Tcl_Eval+0x15) [0x7fba04ed80c5]
/home/shubham/Xilinx2018.3/Vivado/2018.3/lib/lnx64.o/libhls_main.so(+0x9ed62) [0x7fb9f25b7d62]
/home/shubham/Xilinx2018.3/Vivado/2018.3/lib/lnx64.o/libhls_support.so(xpcl::TclCommand::callback(int, Tcl_Obj* const*)+0x39e) [0x7fb9f22e1e0e]
/home/shubham/Xilinx2018.3/Vivado/2018.3/lib/lnx64.o/libhls_support.so(+0x7629b) [0x7fb9f22e229b]
/home/shubham/Xilinx2018.3/Vivado/2018.3/lib/lnx64.o/libtcl8.5.so(+0x334af) [0x7fba04ed64af]
/home/shubham/Xilinx2018.3/Vivado/2018.3/lib/lnx64.o/libtcl8.5.so(+0x76875) [0x7fba04f19875]
/home/shubham/Xilinx2018.3/Vivado/2018.3/lib/lnx64.o/libtcl8.5.so(TclObjInterpProcCore+0x420) [0x7fba04f5adf0]
/home/shubham/Xilinx2018.3/Vivado/2018.3/lib/lnx64.o/libtcl8.5.so(+0x334af) [0x7fba04ed64af]
/home/shubham/Xilinx2018.3/Vivado/2018.3/lib/lnx64.o/libtcl8.5.so(+0x76875) [0x7fba04f19875]
/home/shubham/Xilinx2018.3/Vivado/2018.3/lib/lnx64.o/libtcl8.5.so(+0x7e029) [0x7fba04f21029]
/home/shubham/Xilinx2018.3/Vivado/2018.3/lib/lnx64.o/libtcl8.5.so(TclEvalObjEx+0x76) [0x7fba04ed8156]
/home/shubham/Xilinx2018.3/Vivado/2018.3/lib/lnx64.o/librdi_commontasks.so(+0x1d9887) [0x7fb9fa180887]
/home/shubham/Xilinx2018.3/Vivado/2018.3/lib/lnx64.o/libtcl8.5.so(+0x334af) [0x7fba04ed64af]
/home/shubham/Xilinx2018.3/Vivado/2018.3/lib/lnx64.o/libtcl8.5.so(+0x76875) [0x7fba04f19875]
/home/shubham/Xilinx2018.3/Vivado/2018.3/lib/lnx64.o/libtcl8.5.so(Tcl_ExprObj+0xf8) [0x7fba04f20c08]
/home/shubham/Xilinx2018.3/Vivado/2018.3/lib/lnx64.o/libtcl8.5.so(Tcl_ExprBooleanObj+0x16) [0x7fba04ed6e96]
/home/shubham/Xilinx2018.3/Vivado/2018.3/lib/lnx64.o/libtcl8.5.so(+0x3e6de) [0x7fba04ee16de]
/home/shubham/Xilinx2018.3/Vivado/2018.3/lib/lnx64.o/libtcl8.5.so(+0x334af) [0x7fba04ed64af]
/home/shubham/Xilinx2018.3/Vivado/2018.3/lib/lnx64.o/libtcl8.5.so(+0x34b38) [0x7fba04ed7b38]
/home/shubham/Xilinx2018.3/Vivado/2018.3/lib/lnx64.o/libtcl8.5.so(Tcl_EvalEx+0x13) [0x7fba04ed80a3]
/home/shubham/Xilinx2018.3/Vivado/2018.3/lib/lnx64.o/libtcl8.5.so(Tcl_Eval+0x15) [0x7fba04ed80c5]
/home/shubham/Xilinx2018.3/Vivado/2018.3/lib/lnx64.o/libhls_main.so(+0x9ed62) [0x7fb9f25b7d62]
/home/shubham/Xilinx2018.3/Vivado/2018.3/lib/lnx64.o/libhls_support.so(xpcl::TclCommand::callback(int, Tcl_Obj* const*)+0x39e) [0x7fb9f22e1e0e]
/home/shubham/Xilinx2018.3/Vivado/2018.3/lib/lnx64.o/libhls_support.so(+0x7629b) [0x7fb9f22e229b]
/home/shubham/Xilinx2018.3/Vivado/2018.3/lib/lnx64.o/libtcl8.5.so(+0x334af) [0x7fba04ed64af]
/home/shubham/Xilinx2018.3/Vivado/2018.3/lib/lnx64.o/libtcl8.5.so(+0x76875) [0x7fba04f19875]
/home/shubham/Xilinx2018.3/Vivado/2018.3/lib/lnx64.o/libtcl8.5.so(TclObjInterpProcCore+0x420) [0x7fba04f5adf0]
/home/shubham/Xilinx2018.3/Vivado/2018.3/lib/lnx64.o/libtcl8.5.so(+0x334af) [0x7fba04ed64af]
/home/shubham/Xilinx2018.3/Vivado/2018.3/lib/lnx64.o/libtcl8.5.so(+0x76875) [0x7fba04f19875]
/home/shubham/Xilinx2018.3/Vivado/2018.3/lib/lnx64.o/libtcl8.5.so(+0x7e029) [0x7fba04f21029]
/home/shubham/Xilinx2018.3/Vivado/2018.3/lib/lnx64.o/libtcl8.5.so(TclEvalObjEx+0x76) [0x7fba04ed8156]
/home/shubham/Xilinx2018.3/Vivado/2018.3/lib/lnx64.o/librdi_commontasks.so(+0x1d9887) [0x7fb9fa180887]
/home/shubham/Xilinx2018.3/Vivado/2018.3/lib/lnx64.o/libtcl8.5.so(+0x334af) [0x7fba04ed64af]
/home/shubham/Xilinx2018.3/Vivado/2018.3/lib/lnx64.o/libtcl8.5.so(+0x76875) [0x7fba04f19875]
/home/shubham/Xilinx2018.3/Vivado/2018.3/lib/lnx64.o/libtcl8.5.so(Tcl_ExprObj+0xf8) [0x7fba04f20c08]
/home/shubham/Xilinx2018.3/Vivado/2018.3/lib/lnx64.o/libtcl8.5.so(Tcl_ExprBooleanObj+0x16) [0x7fba04ed6e96]
/home/shubham/Xilinx2018.3/Vivado/2018.3/lib/lnx64.o/libtcl8.5.so(+0x3e6de) [0x7fba04ee16de]
/home/shubham/Xilinx2018.3/Vivado/2018.3/lib/lnx64.o/libtcl8.5.so(+0x334af) [0x7fba04ed64af]
/home/shubham/Xilinx2018.3/Vivado/2018.3/lib/lnx64.o/libtcl8.5.so(+0x34b38) [0x7fba04ed7b38]
/home/shubham/Xilinx2018.3/Vivado/2018.3/lib/lnx64.o/libtcl8.5.so(Tcl_EvalEx+0x13) [0x7fba04ed80a3]
/home/shubham/Xilinx2018.3/Vivado/2018.3/lib/lnx64.o/libtcl8.5.so(Tcl_Eval+0x15) [0x7fba04ed80c5]
/home/shubham/Xilinx2018.3/Vivado/2018.3/lib/lnx64.o/libhls_main.so(+0x9ed62) [0x7fb9f25b7d62]
/home/shubham/Xilinx2018.3/Vivado/2018.3/lib/lnx64.o/libhls_support.so(xpcl::TclCommand::callback(int, Tcl_Obj* const*)+0x39e) [0x7fb9f22e1e0e]
/home/shubham/Xilinx2018.3/Vivado/2018.3/lib/lnx64.o/libhls_support.so(+0x7629b) [0x7fb9f22e229b]
/home/shubham/Xilinx2018.3/Vivado/2018.3/lib/lnx64.o/libtcl8.5.so(+0x334af) [0x7fba04ed64af]
/home/shubham/Xilinx2018.3/Vivado/2018.3/lib/lnx64.o/libtcl8.5.so(+0x34b38) [0x7fba04ed7b38]
/home/shubham/Xilinx2018.3/Vivado/2018.3/lib/lnx64.o/libtcl8.5.so(Tcl_EvalEx+0x13) [0x7fba04ed80a3]
/home/shubham/Xilinx2018.3/Vivado/2018.3/lib/lnx64.o/libtcl8.5.so(Tcl_FSEvalFileEx+0x1da) [0x7fba04f3cc5a]
/home/shubham/Xilinx2018.3/Vivado/2018.3/lib/lnx64.o/libhls_main.so(ApSourceTclFile(std::__cxx11::basic_string<char, std::char_traits<char>, std::allocator<char> > const&, char const*)+0x77) [0x7fb9f25acd07]
/home/shubham/Xilinx2018.3/Vivado/2018.3/lib/lnx64.o/libhls_main.so(+0x99049) [0x7fb9f25b2049]
/home/shubham/Xilinx2018.3/Vivado/2018.3/lib/lnx64.o/libhls_support.so(xpcl::TclCommand::callback(int, Tcl_Obj* const*)+0x39e) [0x7fb9f22e1e0e]
/home/shubham/Xilinx2018.3/Vivado/2018.3/lib/lnx64.o/libhls_support.so(+0x7629b) [0x7fb9f22e229b]
/home/shubham/Xilinx2018.3/Vivado/2018.3/lib/lnx64.o/libtcl8.5.so(+0x334af) [0x7fba04ed64af]
/home/shubham/Xilinx2018.3/Vivado/2018.3/lib/lnx64.o/libtcl8.5.so(Tcl_EvalObjv+0x32) [0x7fba04ed65e2]
/home/shubham/Xilinx2018.3/Vivado/2018.3/lib/lnx64.o/libtcl8.5.so(TclEvalObjEx+0x322) [0x7fba04ed8402]
/home/shubham/Xilinx2018.3/Vivado/2018.3/lib/lnx64.o/librdi_hlstasks.so(+0xda5a) [0x7fb9f29dca5a]
/home/shubham/Xilinx2018.3/Vivado/2018.3/lib/lnx64.o/librdi_common.so(+0x7ef352) [0x7fba0a9f1352]
/home/shubham/Xilinx2018.3/Vivado/2018.3/lib/lnx64.o/libtcl8.5.so(+0x334af) [0x7fba04ed64af]
/home/shubham/Xilinx2018.3/Vivado/2018.3/lib/lnx64.o/libtcl8.5.so(+0x34b38) [0x7fba04ed7b38]
/home/shubham/Xilinx2018.3/Vivado/2018.3/lib/lnx64.o/libtcl8.5.so(Tcl_EvalEx+0x13) [0x7fba04ed80a3]
/home/shubham/Xilinx2018.3/Vivado/2018.3/lib/lnx64.o/libtcl8.5.so(TclEvalObjEx+0x3cf) [0x7fba04ed84af]
/home/shubham/Xilinx2018.3/Vivado/2018.3/lib/lnx64.o/libtcl8.5.so(+0xb74a9) [0x7fba04f5a4a9]
/home/shubham/Xilinx2018.3/Vivado/2018.3/lib/lnx64.o/libtcl8.5.so(+0x334af) [0x7fba04ed64af]
/home/shubham/Xilinx2018.3/Vivado/2018.3/lib/lnx64.o/libtcl8.5.so(+0x76875) [0x7fba04f19875]
/home/shubham/Xilinx2018.3/Vivado/2018.3/lib/lnx64.o/libtcl8.5.so(TclObjInterpProcCore+0x420) [0x7fba04f5adf0]
/home/shubham/Xilinx2018.3/Vivado/2018.3/lib/lnx64.o/libtcl8.5.so(+0x334af) [0x7fba04ed64af]
/home/shubham/Xilinx2018.3/Vivado/2018.3/lib/lnx64.o/libtcl8.5.so(+0x76875) [0x7fba04f19875]
/home/shubham/Xilinx2018.3/Vivado/2018.3/lib/lnx64.o/libtcl8.5.so(+0x7e029) [0x7fba04f21029]
/home/shubham/Xilinx2018.3/Vivado/2018.3/lib/lnx64.o/libtcl8.5.so(TclEvalObjEx+0x76) [0x7fba04ed8156]
/home/shubham/Xilinx2018.3/Vivado/2018.3/lib/lnx64.o/librdi_commontasks.so(+0x1d9924) [0x7fb9fa180924]
/home/shubham/Xilinx2018.3/Vivado/2018.3/lib/lnx64.o/libtcl8.5.so(+0x334af) [0x7fba04ed64af]
/home/shubham/Xilinx2018.3/Vivado/2018.3/lib/lnx64.o/libtcl8.5.so(+0x34b38) [0x7fba04ed7b38]
/home/shubham/Xilinx2018.3/Vivado/2018.3/lib/lnx64.o/libtcl8.5.so(+0xad486) [0x7fba04f50486]
/home/shubham/Xilinx2018.3/Vivado/2018.3/lib/lnx64.o/libtcl8.5.so(+0x346c5) [0x7fba04ed76c5]
/home/shubham/Xilinx2018.3/Vivado/2018.3/lib/lnx64.o/libtcl8.5.so(Tcl_EvalEx+0x13) [0x7fba04ed80a3]
/home/shubham/Xilinx2018.3/Vivado/2018.3/lib/lnx64.o/libtcl8.5.so(Tcl_FSEvalFileEx+0x1da) [0x7fba04f3cc5a]
/home/shubham/Xilinx2018.3/Vivado/2018.3/lib/lnx64.o/librdi_commontasks.so(+0x1f6abd) [0x7fb9fa19dabd]
/home/shubham/Xilinx2018.3/Vivado/2018.3/lib/lnx64.o/librdi_common.so(+0x7ef352) [0x7fba0a9f1352]
/home/shubham/Xilinx2018.3/Vivado/2018.3/lib/lnx64.o/libtcl8.5.so(+0x334af) [0x7fba04ed64af]
/home/shubham/Xilinx2018.3/Vivado/2018.3/lib/lnx64.o/libtcl8.5.so(Tcl_EvalObjv+0x32) [0x7fba04ed65e2]
/home/shubham/Xilinx2018.3/Vivado/2018.3/lib/lnx64.o/libtcl8.5.so(TclEvalObjEx+0x322) [0x7fba04ed8402]
/home/shubham/Xilinx2018.3/Vivado/2018.3/lib/lnx64.o/librdi_commontasks.so(+0x2280ff) [0x7fb9fa1cf0ff]
/home/shubham/Xilinx2018.3/Vivado/2018.3/lib/lnx64.o/librdi_commontasks.so(+0x2297ce) [0x7fb9fa1d07ce]
/home/shubham/Xilinx2018.3/Vivado/2018.3/lib/lnx64.o/librdi_common.so(+0x7ef352) [0x7fba0a9f1352]
/home/shubham/Xilinx2018.3/Vivado/2018.3/lib/lnx64.o/libtcl8.5.so(+0x334af) [0x7fba04ed64af]
/home/shubham/Xilinx2018.3/Vivado/2018.3/lib/lnx64.o/libtcl8.5.so(Tcl_EvalObjv+0x32) [0x7fba04ed65e2]
/home/shubham/Xilinx2018.3/Vivado/2018.3/lib/lnx64.o/libtcl8.5.so(TclEvalObjEx+0x322) [0x7fba04ed8402]
/home/shubham/Xilinx2018.3/Vivado/2018.3/lib/lnx64.o/librdi_commonmain.so(+0x7414) [0x7fba09ffe414]
/home/shubham/Xilinx2018.3/Vivado/2018.3/lib/lnx64.o/libtcl8.5.so(Tcl_Main+0x1d0) [0x7fba04f43210]
/home/shubham/Xilinx2018.3/Vivado/2018.3/lib/lnx64.o/librdi_common.so(+0x83363b) [0x7fba0aa3563b]
/lib/x86_64-linux-gnu/libpthread.so.0(+0x76db) [0x7fba02e616db]
/lib/x86_64-linux-gnu/libc.so.6(clone+0x3f) [0x7fba0979188f]
