#
# An unexpected error has occurred (11)
#
Stack:
/lib/x86_64-linux-gnu/libc.so.6(+0x3ef20) [0x7f068d76bf20]
/home/shubham/Xilinx2018.3/Vivado/2018.3/lib/lnx64.o/libhls_hwsyn.so(pass::PortAlignment::alignTopFunctionArg(llvm::Function*)+0x889) [0x7f0674f29969]
/home/shubham/Xilinx2018.3/Vivado/2018.3/lib/lnx64.o/libhls_hwsyn.so(pass::PortAlignment::runOnModule(llvm::Module&)+0xec) [0x7f0674f303fc]
/home/shubham/Xilinx2018.3/Vivado/2018.3/lib/lnx64.o/libLLVM-3.1.so(llvm::MPPassManager::runOnModule(llvm::Module&)+0x182) [0x7f06761fa682]
/home/shubham/Xilinx2018.3/Vivado/2018.3/lib/lnx64.o/libLLVM-3.1.so(llvm::PassManagerImpl::run(llvm::Module&)+0xac) [0x7f06761fa83c]
/home/shubham/Xilinx2018.3/Vivado/2018.3/lib/lnx64.o/libhls_main.so(+0xe041d) [0x7f067d70e41d]
/home/shubham/Xilinx2018.3/Vivado/2018.3/lib/lnx64.o/libhls_support.so(xpcl::TclCommand::callback(int, Tcl_Obj* const*)+0x675) [0x7f067d3f70e5]
/home/shubham/Xilinx2018.3/Vivado/2018.3/lib/lnx64.o/libhls_support.so(+0x7629b) [0x7f067d3f729b]
/home/shubham/Xilinx2018.3/Vivado/2018.3/lib/lnx64.o/libtcl8.5.so(+0x334af) [0x7f0688f934af]
/home/shubham/Xilinx2018.3/Vivado/2018.3/lib/lnx64.o/libtcl8.5.so(+0x76875) [0x7f0688fd6875]
/home/shubham/Xilinx2018.3/Vivado/2018.3/lib/lnx64.o/libtcl8.5.so(+0x7e029) [0x7f0688fde029]
/home/shubham/Xilinx2018.3/Vivado/2018.3/lib/lnx64.o/libtcl8.5.so(TclEvalObjEx+0x76) [0x7f0688f95156]
/home/shubham/Xilinx2018.3/Vivado/2018.3/lib/lnx64.o/librdi_commontasks.so(+0x1d9887) [0x7f067e39a887]
/home/shubham/Xilinx2018.3/Vivado/2018.3/lib/lnx64.o/libtcl8.5.so(+0x334af) [0x7f0688f934af]
/home/shubham/Xilinx2018.3/Vivado/2018.3/lib/lnx64.o/libtcl8.5.so(+0x76875) [0x7f0688fd6875]
/home/shubham/Xilinx2018.3/Vivado/2018.3/lib/lnx64.o/libtcl8.5.so(TclObjInterpProcCore+0x420) [0x7f0689017df0]
/home/shubham/Xilinx2018.3/Vivado/2018.3/lib/lnx64.o/libtcl8.5.so(+0x334af) [0x7f0688f934af]
/home/shubham/Xilinx2018.3/Vivado/2018.3/lib/lnx64.o/libtcl8.5.so(+0x76875) [0x7f0688fd6875]
/home/shubham/Xilinx2018.3/Vivado/2018.3/lib/lnx64.o/libtcl8.5.so(+0x7e029) [0x7f0688fde029]
/home/shubham/Xilinx2018.3/Vivado/2018.3/lib/lnx64.o/libtcl8.5.so(TclEvalObjEx+0x76) [0x7f0688f95156]
/home/shubham/Xilinx2018.3/Vivado/2018.3/lib/lnx64.o/librdi_commontasks.so(+0x1d9887) [0x7f067e39a887]
/home/shubham/Xilinx2018.3/Vivado/2018.3/lib/lnx64.o/libtcl8.5.so(+0x334af) [0x7f0688f934af]
/home/shubham/Xilinx2018.3/Vivado/2018.3/lib/lnx64.o/libtcl8.5.so(+0x76875) [0x7f0688fd6875]
/home/shubham/Xilinx2018.3/Vivado/2018.3/lib/lnx64.o/libtcl8.5.so(TclObjInterpProcCore+0x420) [0x7f0689017df0]
/home/shubham/Xilinx2018.3/Vivado/2018.3/lib/lnx64.o/libtcl8.5.so(+0x334af) [0x7f0688f934af]
/home/shubham/Xilinx2018.3/Vivado/2018.3/lib/lnx64.o/libtcl8.5.so(+0x76875) [0x7f0688fd6875]
/home/shubham/Xilinx2018.3/Vivado/2018.3/lib/lnx64.o/libtcl8.5.so(TclObjInterpProcCore+0x420) [0x7f0689017df0]
/home/shubham/Xilinx2018.3/Vivado/2018.3/lib/lnx64.o/libtcl8.5.so(+0x334af) [0x7f0688f934af]
/home/shubham/Xilinx2018.3/Vivado/2018.3/lib/lnx64.o/libtcl8.5.so(+0x76875) [0x7f0688fd6875]
/home/shubham/Xilinx2018.3/Vivado/2018.3/lib/lnx64.o/libtcl8.5.so(+0x7e029) [0x7f0688fde029]
/home/shubham/Xilinx2018.3/Vivado/2018.3/lib/lnx64.o/libtcl8.5.so(TclEvalObjEx+0x76) [0x7f0688f95156]
/home/shubham/Xilinx2018.3/Vivado/2018.3/lib/lnx64.o/librdi_commontasks.so(+0x1d9887) [0x7f067e39a887]
/home/shubham/Xilinx2018.3/Vivado/2018.3/lib/lnx64.o/libtcl8.5.so(+0x334af) [0x7f0688f934af]
/home/shubham/Xilinx2018.3/Vivado/2018.3/lib/lnx64.o/libtcl8.5.so(+0x76875) [0x7f0688fd6875]
/home/shubham/Xilinx2018.3/Vivado/2018.3/lib/lnx64.o/libtcl8.5.so(Tcl_ExprObj+0xf8) [0x7f0688fddc08]
/home/shubham/Xilinx2018.3/Vivado/2018.3/lib/lnx64.o/libtcl8.5.so(Tcl_ExprBooleanObj+0x16) [0x7f0688f93e96]
/home/shubham/Xilinx2018.3/Vivado/2018.3/lib/lnx64.o/libtcl8.5.so(+0x3e6de) [0x7f0688f9e6de]
/home/shubham/Xilinx2018.3/Vivado/2018.3/lib/lnx64.o/libtcl8.5.so(+0x334af) [0x7f0688f934af]
/home/shubham/Xilinx2018.3/Vivado/2018.3/lib/lnx64.o/libtcl8.5.so(+0x34b38) [0x7f0688f94b38]
/home/shubham/Xilinx2018.3/Vivado/2018.3/lib/lnx64.o/libtcl8.5.so(Tcl_EvalEx+0x13) [0x7f0688f950a3]
/home/shubham/Xilinx2018.3/Vivado/2018.3/lib/lnx64.o/libtcl8.5.so(Tcl_Eval+0x15) [0x7f0688f950c5]
/home/shubham/Xilinx2018.3/Vivado/2018.3/lib/lnx64.o/libhls_main.so(+0x9ed62) [0x7f067d6ccd62]
/home/shubham/Xilinx2018.3/Vivado/2018.3/lib/lnx64.o/libhls_support.so(xpcl::TclCommand::callback(int, Tcl_Obj* const*)+0x39e) [0x7f067d3f6e0e]
/home/shubham/Xilinx2018.3/Vivado/2018.3/lib/lnx64.o/libhls_support.so(+0x7629b) [0x7f067d3f729b]
/home/shubham/Xilinx2018.3/Vivado/2018.3/lib/lnx64.o/libtcl8.5.so(+0x334af) [0x7f0688f934af]
/home/shubham/Xilinx2018.3/Vivado/2018.3/lib/lnx64.o/libtcl8.5.so(+0x76875) [0x7f0688fd6875]
/home/shubham/Xilinx2018.3/Vivado/2018.3/lib/lnx64.o/libtcl8.5.so(TclObjInterpProcCore+0x420) [0x7f0689017df0]
/home/shubham/Xilinx2018.3/Vivado/2018.3/lib/lnx64.o/libtcl8.5.so(+0x334af) [0x7f0688f934af]
/home/shubham/Xilinx2018.3/Vivado/2018.3/lib/lnx64.o/libtcl8.5.so(+0x76875) [0x7f0688fd6875]
/home/shubham/Xilinx2018.3/Vivado/2018.3/lib/lnx64.o/libtcl8.5.so(+0x7e029) [0x7f0688fde029]
/home/shubham/Xilinx2018.3/Vivado/2018.3/lib/lnx64.o/libtcl8.5.so(TclEvalObjEx+0x76) [0x7f0688f95156]
/home/shubham/Xilinx2018.3/Vivado/2018.3/lib/lnx64.o/librdi_commontasks.so(+0x1d9887) [0x7f067e39a887]
/home/shubham/Xilinx2018.3/Vivado/2018.3/lib/lnx64.o/libtcl8.5.so(+0x334af) [0x7f0688f934af]
/home/shubham/Xilinx2018.3/Vivado/2018.3/lib/lnx64.o/libtcl8.5.so(+0x76875) [0x7f0688fd6875]
/home/shubham/Xilinx2018.3/Vivado/2018.3/lib/lnx64.o/libtcl8.5.so(Tcl_ExprObj+0xf8) [0x7f0688fddc08]
/home/shubham/Xilinx2018.3/Vivado/2018.3/lib/lnx64.o/libtcl8.5.so(Tcl_ExprBooleanObj+0x16) [0x7f0688f93e96]
/home/shubham/Xilinx2018.3/Vivado/2018.3/lib/lnx64.o/libtcl8.5.so(+0x3e6de) [0x7f0688f9e6de]
/home/shubham/Xilinx2018.3/Vivado/2018.3/lib/lnx64.o/libtcl8.5.so(+0x334af) [0x7f0688f934af]
/home/shubham/Xilinx2018.3/Vivado/2018.3/lib/lnx64.o/libtcl8.5.so(+0x34b38) [0x7f0688f94b38]
/home/shubham/Xilinx2018.3/Vivado/2018.3/lib/lnx64.o/libtcl8.5.so(Tcl_EvalEx+0x13) [0x7f0688f950a3]
/home/shubham/Xilinx2018.3/Vivado/2018.3/lib/lnx64.o/libtcl8.5.so(Tcl_Eval+0x15) [0x7f0688f950c5]
/home/shubham/Xilinx2018.3/Vivado/2018.3/lib/lnx64.o/libhls_main.so(+0x9ed62) [0x7f067d6ccd62]
/home/shubham/Xilinx2018.3/Vivado/2018.3/lib/lnx64.o/libhls_support.so(xpcl::TclCommand::callback(int, Tcl_Obj* const*)+0x39e) [0x7f067d3f6e0e]
/home/shubham/Xilinx2018.3/Vivado/2018.3/lib/lnx64.o/libhls_support.so(+0x7629b) [0x7f067d3f729b]
/home/shubham/Xilinx2018.3/Vivado/2018.3/lib/lnx64.o/libtcl8.5.so(+0x334af) [0x7f0688f934af]
/home/shubham/Xilinx2018.3/Vivado/2018.3/lib/lnx64.o/libtcl8.5.so(+0x76875) [0x7f0688fd6875]
/home/shubham/Xilinx2018.3/Vivado/2018.3/lib/lnx64.o/libtcl8.5.so(TclObjInterpProcCore+0x420) [0x7f0689017df0]
/home/shubham/Xilinx2018.3/Vivado/2018.3/lib/lnx64.o/libtcl8.5.so(+0x334af) [0x7f0688f934af]
/home/shubham/Xilinx2018.3/Vivado/2018.3/lib/lnx64.o/libtcl8.5.so(+0x76875) [0x7f0688fd6875]
/home/shubham/Xilinx2018.3/Vivado/2018.3/lib/lnx64.o/libtcl8.5.so(+0x7e029) [0x7f0688fde029]
/home/shubham/Xilinx2018.3/Vivado/2018.3/lib/lnx64.o/libtcl8.5.so(TclEvalObjEx+0x76) [0x7f0688f95156]
/home/shubham/Xilinx2018.3/Vivado/2018.3/lib/lnx64.o/librdi_commontasks.so(+0x1d9887) [0x7f067e39a887]
/home/shubham/Xilinx2018.3/Vivado/2018.3/lib/lnx64.o/libtcl8.5.so(+0x334af) [0x7f0688f934af]
/home/shubham/Xilinx2018.3/Vivado/2018.3/lib/lnx64.o/libtcl8.5.so(+0x76875) [0x7f0688fd6875]
/home/shubham/Xilinx2018.3/Vivado/2018.3/lib/lnx64.o/libtcl8.5.so(Tcl_ExprObj+0xf8) [0x7f0688fddc08]
/home/shubham/Xilinx2018.3/Vivado/2018.3/lib/lnx64.o/libtcl8.5.so(Tcl_ExprBooleanObj+0x16) [0x7f0688f93e96]
/home/shubham/Xilinx2018.3/Vivado/2018.3/lib/lnx64.o/libtcl8.5.so(+0x3e6de) [0x7f0688f9e6de]
/home/shubham/Xilinx2018.3/Vivado/2018.3/lib/lnx64.o/libtcl8.5.so(+0x334af) [0x7f0688f934af]
/home/shubham/Xilinx2018.3/Vivado/2018.3/lib/lnx64.o/libtcl8.5.so(+0x34b38) [0x7f0688f94b38]
/home/shubham/Xilinx2018.3/Vivado/2018.3/lib/lnx64.o/libtcl8.5.so(Tcl_EvalEx+0x13) [0x7f0688f950a3]
/home/shubham/Xilinx2018.3/Vivado/2018.3/lib/lnx64.o/libtcl8.5.so(Tcl_Eval+0x15) [0x7f0688f950c5]
/home/shubham/Xilinx2018.3/Vivado/2018.3/lib/lnx64.o/libhls_main.so(+0x9ed62) [0x7f067d6ccd62]
/home/shubham/Xilinx2018.3/Vivado/2018.3/lib/lnx64.o/libhls_support.so(xpcl::TclCommand::callback(int, Tcl_Obj* const*)+0x39e) [0x7f067d3f6e0e]
/home/shubham/Xilinx2018.3/Vivado/2018.3/lib/lnx64.o/libhls_support.so(+0x7629b) [0x7f067d3f729b]
/home/shubham/Xilinx2018.3/Vivado/2018.3/lib/lnx64.o/libtcl8.5.so(+0x334af) [0x7f0688f934af]
/home/shubham/Xilinx2018.3/Vivado/2018.3/lib/lnx64.o/libtcl8.5.so(+0x34b38) [0x7f0688f94b38]
/home/shubham/Xilinx2018.3/Vivado/2018.3/lib/lnx64.o/libtcl8.5.so(Tcl_EvalEx+0x13) [0x7f0688f950a3]
/home/shubham/Xilinx2018.3/Vivado/2018.3/lib/lnx64.o/libtcl8.5.so(Tcl_FSEvalFileEx+0x1da) [0x7f0688ff9c5a]
/home/shubham/Xilinx2018.3/Vivado/2018.3/lib/lnx64.o/libhls_main.so(ApSourceTclFile(std::__cxx11::basic_string<char, std::char_traits<char>, std::allocator<char> > const&, char const*)+0x77) [0x7f067d6c1d07]
/home/shubham/Xilinx2018.3/Vivado/2018.3/lib/lnx64.o/libhls_main.so(+0x99049) [0x7f067d6c7049]
/home/shubham/Xilinx2018.3/Vivado/2018.3/lib/lnx64.o/libhls_support.so(xpcl::TclCommand::callback(int, Tcl_Obj* const*)+0x39e) [0x7f067d3f6e0e]
/home/shubham/Xilinx2018.3/Vivado/2018.3/lib/lnx64.o/libhls_support.so(+0x7629b) [0x7f067d3f729b]
/home/shubham/Xilinx2018.3/Vivado/2018.3/lib/lnx64.o/libtcl8.5.so(+0x334af) [0x7f0688f934af]
/home/shubham/Xilinx2018.3/Vivado/2018.3/lib/lnx64.o/libtcl8.5.so(Tcl_EvalObjv+0x32) [0x7f0688f935e2]
/home/shubham/Xilinx2018.3/Vivado/2018.3/lib/lnx64.o/libtcl8.5.so(TclEvalObjEx+0x322) [0x7f0688f95402]
/home/shubham/Xilinx2018.3/Vivado/2018.3/lib/lnx64.o/librdi_hlstasks.so(+0xda5a) [0x7f0684e7aa5a]
/home/shubham/Xilinx2018.3/Vivado/2018.3/lib/lnx64.o/librdi_common.so(+0x7ef352) [0x7f068eaae352]
/home/shubham/Xilinx2018.3/Vivado/2018.3/lib/lnx64.o/libtcl8.5.so(+0x334af) [0x7f0688f934af]
/home/shubham/Xilinx2018.3/Vivado/2018.3/lib/lnx64.o/libtcl8.5.so(+0x34b38) [0x7f0688f94b38]
/home/shubham/Xilinx2018.3/Vivado/2018.3/lib/lnx64.o/libtcl8.5.so(Tcl_EvalEx+0x13) [0x7f0688f950a3]
/home/shubham/Xilinx2018.3/Vivado/2018.3/lib/lnx64.o/libtcl8.5.so(TclEvalObjEx+0x3cf) [0x7f0688f954af]
/home/shubham/Xilinx2018.3/Vivado/2018.3/lib/lnx64.o/libtcl8.5.so(+0xb74a9) [0x7f06890174a9]
/home/shubham/Xilinx2018.3/Vivado/2018.3/lib/lnx64.o/libtcl8.5.so(+0x334af) [0x7f0688f934af]
/home/shubham/Xilinx2018.3/Vivado/2018.3/lib/lnx64.o/libtcl8.5.so(+0x76875) [0x7f0688fd6875]
/home/shubham/Xilinx2018.3/Vivado/2018.3/lib/lnx64.o/libtcl8.5.so(TclObjInterpProcCore+0x420) [0x7f0689017df0]
/home/shubham/Xilinx2018.3/Vivado/2018.3/lib/lnx64.o/libtcl8.5.so(+0x334af) [0x7f0688f934af]
/home/shubham/Xilinx2018.3/Vivado/2018.3/lib/lnx64.o/libtcl8.5.so(+0x76875) [0x7f0688fd6875]
/home/shubham/Xilinx2018.3/Vivado/2018.3/lib/lnx64.o/libtcl8.5.so(+0x7e029) [0x7f0688fde029]
/home/shubham/Xilinx2018.3/Vivado/2018.3/lib/lnx64.o/libtcl8.5.so(TclEvalObjEx+0x76) [0x7f0688f95156]
/home/shubham/Xilinx2018.3/Vivado/2018.3/lib/lnx64.o/librdi_commontasks.so(+0x1d9924) [0x7f067e39a924]
/home/shubham/Xilinx2018.3/Vivado/2018.3/lib/lnx64.o/libtcl8.5.so(+0x334af) [0x7f0688f934af]
/home/shubham/Xilinx2018.3/Vivado/2018.3/lib/lnx64.o/libtcl8.5.so(+0x34b38) [0x7f0688f94b38]
/home/shubham/Xilinx2018.3/Vivado/2018.3/lib/lnx64.o/libtcl8.5.so(+0xad486) [0x7f068900d486]
/home/shubham/Xilinx2018.3/Vivado/2018.3/lib/lnx64.o/libtcl8.5.so(+0x346c5) [0x7f0688f946c5]
/home/shubham/Xilinx2018.3/Vivado/2018.3/lib/lnx64.o/libtcl8.5.so(Tcl_EvalEx+0x13) [0x7f0688f950a3]
/home/shubham/Xilinx2018.3/Vivado/2018.3/lib/lnx64.o/libtcl8.5.so(Tcl_FSEvalFileEx+0x1da) [0x7f0688ff9c5a]
/home/shubham/Xilinx2018.3/Vivado/2018.3/lib/lnx64.o/librdi_commontasks.so(+0x1f6abd) [0x7f067e3b7abd]
/home/shubham/Xilinx2018.3/Vivado/2018.3/lib/lnx64.o/librdi_common.so(+0x7ef352) [0x7f068eaae352]
/home/shubham/Xilinx2018.3/Vivado/2018.3/lib/lnx64.o/libtcl8.5.so(+0x334af) [0x7f0688f934af]
/home/shubham/Xilinx2018.3/Vivado/2018.3/lib/lnx64.o/libtcl8.5.so(Tcl_EvalObjv+0x32) [0x7f0688f935e2]
/home/shubham/Xilinx2018.3/Vivado/2018.3/lib/lnx64.o/libtcl8.5.so(TclEvalObjEx+0x322) [0x7f0688f95402]
/home/shubham/Xilinx2018.3/Vivado/2018.3/lib/lnx64.o/librdi_commontasks.so(+0x2280ff) [0x7f067e3e90ff]
/home/shubham/Xilinx2018.3/Vivado/2018.3/lib/lnx64.o/librdi_commontasks.so(+0x2297ce) [0x7f067e3ea7ce]
/home/shubham/Xilinx2018.3/Vivado/2018.3/lib/lnx64.o/librdi_common.so(+0x7ef352) [0x7f068eaae352]
/home/shubham/Xilinx2018.3/Vivado/2018.3/lib/lnx64.o/libtcl8.5.so(+0x334af) [0x7f0688f934af]
/home/shubham/Xilinx2018.3/Vivado/2018.3/lib/lnx64.o/libtcl8.5.so(Tcl_EvalObjv+0x32) [0x7f0688f935e2]
/home/shubham/Xilinx2018.3/Vivado/2018.3/lib/lnx64.o/libtcl8.5.so(TclEvalObjEx+0x322) [0x7f0688f95402]
/home/shubham/Xilinx2018.3/Vivado/2018.3/lib/lnx64.o/librdi_commonmain.so(+0x7414) [0x7f068e0bb414]
/home/shubham/Xilinx2018.3/Vivado/2018.3/lib/lnx64.o/libtcl8.5.so(Tcl_Main+0x1d0) [0x7f0689000210]
/home/shubham/Xilinx2018.3/Vivado/2018.3/lib/lnx64.o/librdi_common.so(+0x83363b) [0x7f068eaf263b]
/lib/x86_64-linux-gnu/libpthread.so.0(+0x76db) [0x7f0686f1e6db]
/lib/x86_64-linux-gnu/libc.so.6(clone+0x3f) [0x7f068d84e88f]
