INFO-FLOW: Workspace /home/shubham/HLS_Exercises/CustomClocks2/solution1 opened at Tue Jan 28 15:32:48 IST 2020
Execute     config_clock -quiet -name default -period 10 -default=false 
INFO: [SYN 201-201] Setting up clock 'default' with a period of 10ns.
Execute     open_platform DefaultPlatform 
Execute     import_lib /home/shubham/Xilinx2018.3/Vivado/2018.3/common/technology/xilinx/zynquplus/zynquplus 
Execute       source /home/shubham/Xilinx2018.3/Vivado/2018.3/common/technology/xilinx/common/xilinx.lib 
Execute         source /home/shubham/Xilinx2018.3/Vivado/2018.3/common/technology/xilinx/interface/xilinx_interface.lib 
Execute           source /home/shubham/Xilinx2018.3/Vivado/2018.3/common/technology/xilinx/interface/plb46.lib 
Execute           source /home/shubham/Xilinx2018.3/Vivado/2018.3/common/technology/xilinx/interface/fsl.lib 
Execute           source /home/shubham/Xilinx2018.3/Vivado/2018.3/common/technology/xilinx/interface/axi4.lib 
Execute           source /home/shubham/Xilinx2018.3/Vivado/2018.3/common/technology/xilinx/interface/maxi.lib 
Execute           source /home/shubham/Xilinx2018.3/Vivado/2018.3/common/technology/xilinx/interface/saxilite.lib 
Execute         source /home/shubham/Xilinx2018.3/Vivado/2018.3/common/technology/xilinx/common/dsp48.lib 
Execute         source /home/shubham/Xilinx2018.3/Vivado/2018.3/common/technology/xilinx/ip/dds_compiler.lib 
Execute         source /home/shubham/Xilinx2018.3/Vivado/2018.3/common/technology/xilinx/ip/xfft.lib 
Execute         source /home/shubham/Xilinx2018.3/Vivado/2018.3/common/technology/xilinx/ip/xfir.lib 
Execute       source /home/shubham/Xilinx2018.3/Vivado/2018.3/common/technology/xilinx/common/xilinx_old.lib 
Execute       source /home/shubham/Xilinx2018.3/Vivado/2018.3/common/technology/xilinx/common/xilinx_vivado.lib 
Execute       source /home/shubham/Xilinx2018.3/Vivado/2018.3/common/technology/xilinx/common/xilinx.hlp 
Execute         source /home/shubham/Xilinx2018.3/Vivado/2018.3/common/technology/xilinx/common/target_info.tcl 
Execute         source /home/shubham/Xilinx2018.3/Vivado/2018.3/common/technology/xilinx/interface/xilinx_interface.hlp 
Execute           source /home/shubham/Xilinx2018.3/Vivado/2018.3/common/technology/xilinx/interface/maxi.hlp 
Execute           source /home/shubham/Xilinx2018.3/Vivado/2018.3/common/technology/xilinx/interface/saxilite.hlp 
Execute         source /home/shubham/Xilinx2018.3/Vivado/2018.3/common/technology/xilinx/common/dsp48.hlp 
Execute       source /home/shubham/Xilinx2018.3/Vivado/2018.3/common/technology/xilinx/zynquplus/dsp48e2.hlp 
Execute       get_default_platform 
Execute       config_chip_info -quiet -resource  {SLICE 34260} {LUT 274080}   {FF 548160}  {DSP48E 2520}  {BRAM 1824} {URAM 0}  
Execute       config_chip_info -quiet -speed medium 
Execute       source /home/shubham/Xilinx2018.3/Vivado/2018.3/common/technology/xilinx/common/xilinx.hlp 
Execute         source /home/shubham/Xilinx2018.3/Vivado/2018.3/common/technology/xilinx/common/target_info.tcl 
Execute         source /home/shubham/Xilinx2018.3/Vivado/2018.3/common/technology/xilinx/interface/xilinx_interface.hlp 
Execute           source /home/shubham/Xilinx2018.3/Vivado/2018.3/common/technology/xilinx/interface/maxi.hlp 
Execute           source /home/shubham/Xilinx2018.3/Vivado/2018.3/common/technology/xilinx/interface/saxilite.hlp 
Execute         source /home/shubham/Xilinx2018.3/Vivado/2018.3/common/technology/xilinx/common/dsp48.hlp 
Execute     source /home/shubham/Xilinx2018.3/Vivado/2018.3/common/technology/xilinx/zynquplus/zynquplus.gen 
Execute       source /home/shubham/Xilinx2018.3/Vivado/2018.3/common/technology/xilinx/common/virtex.gen 
Execute         source /home/shubham/Xilinx2018.3/Vivado/2018.3/common/technology/xilinx/common/xilinx.gen 
Execute           source /home/shubham/Xilinx2018.3/Vivado/2018.3/common/technology/xilinx/interface/plb46.gen 
Execute           source /home/shubham/Xilinx2018.3/Vivado/2018.3/common/technology/xilinx/interface/fsl.gen 
Execute           source /home/shubham/Xilinx2018.3/Vivado/2018.3/common/technology/xilinx/interface/axi4.gen 
Execute           source /home/shubham/Xilinx2018.3/Vivado/2018.3/common/technology/xilinx/interface/nativeAXI4.gen 
Execute             source /home/shubham/Xilinx2018.3/Vivado/2018.3/common/technology/xilinx/interface/saxilite.gen 
Execute             source /home/shubham/Xilinx2018.3/Vivado/2018.3/common/technology/xilinx/interface/maxi.gen 
Execute           source /home/shubham/Xilinx2018.3/Vivado/2018.3/common/technology/xilinx/scripts/xilinxcoregen.gen 
Execute           source /home/shubham/Xilinx2018.3/Vivado/2018.3/common/technology/xilinx/interface/XilEDKCoreGen.gen 
Execute           source /home/shubham/Xilinx2018.3/Vivado/2018.3/common/technology/xilinx/ip/dds_compiler.gen 
Execute           source /home/shubham/Xilinx2018.3/Vivado/2018.3/common/technology/xilinx/ip/util.gen 
Execute           source /home/shubham/Xilinx2018.3/Vivado/2018.3/common/technology/xilinx/ip/xfft.gen 
Execute           source /home/shubham/Xilinx2018.3/Vivado/2018.3/common/technology/xilinx/ip/xfir.gen 
Execute         source /home/shubham/Xilinx2018.3/Vivado/2018.3/common/technology/xilinx/common/dsp48.gen 
Execute     open_platform DefaultPlatform 
Execute     import_lib /home/shubham/Xilinx2018.3/Vivado/2018.3/common/technology/xilinx/zynquplus/zynquplus_fpv7 
Execute       source /home/shubham/Xilinx2018.3/Vivado/2018.3/common/technology/xilinx/common/xilinx_fpv7.lib 
Execute         source /home/shubham/Xilinx2018.3/Vivado/2018.3/common/technology/xilinx/common/xilinx_hp.lib 
Execute       source /home/shubham/Xilinx2018.3/Vivado/2018.3/common/technology/xilinx/common/xilinx_fpv.hlp 
Execute         source /home/shubham/Xilinx2018.3/Vivado/2018.3/common/technology/xilinx/common/xilinx.hlp 
Execute           source /home/shubham/Xilinx2018.3/Vivado/2018.3/common/technology/xilinx/common/target_info.tcl 
Execute           source /home/shubham/Xilinx2018.3/Vivado/2018.3/common/technology/xilinx/interface/xilinx_interface.hlp 
Execute             source /home/shubham/Xilinx2018.3/Vivado/2018.3/common/technology/xilinx/interface/maxi.hlp 
Execute             source /home/shubham/Xilinx2018.3/Vivado/2018.3/common/technology/xilinx/interface/saxilite.hlp 
Execute           source /home/shubham/Xilinx2018.3/Vivado/2018.3/common/technology/xilinx/common/dsp48.hlp 
Execute       source /home/shubham/Xilinx2018.3/Vivado/2018.3/common/technology/xilinx/zynquplus/zynquplus_hp.hlp 
Execute     source /home/shubham/Xilinx2018.3/Vivado/2018.3/common/technology/xilinx/zynquplus/zynquplus_fpv7.gen 
Execute       source /home/shubham/Xilinx2018.3/Vivado/2018.3/common/technology/xilinx/common/xilinx_fpv6.gen 
Execute     set_part xczu9eg-ffvb1156-2-e 
Execute       add_library xilinx/zynquplus/zynquplus:xczu9eg:-ffvb1156:-2-e 
Execute         get_default_platform 
Execute         license_isbetapart xczu9eg 
Command         license_isbetapart done; error code: 1; 
Execute         get_default_platform 
Execute         config_chip_info -quiet -resource  {SLICE 34260} {LUT 274080}   {FF 548160}  {DSP48E 2520}  {BRAM 1824} {URAM 0}  
Execute         config_chip_info -quiet -speed medium 
Execute       add_library xilinx/zynquplus/zynquplus_fpv7 
Execute         get_default_platform 
INFO: [HLS 200-10] Setting target device to 'xczu9eg-ffvb1156-2-e'
Execute       get_default_platform 
Execute     get_default_platform 
Execute     config_chip_info -quiet -resource  {SLICE 34260} {LUT 274080}   {FF 548160}  {DSP48E 2520}  {BRAM 1824} {URAM 0}  
Execute     config_chip_info -quiet -speed medium 
Command   open_solution done; 0.15 sec.
Execute   set_part xczu9eg-ffvb1156-2-e -tool vivado 
Execute     add_library xilinx/zynquplus/zynquplus:xczu9eg:-ffvb1156:-2-e 
Execute       get_default_platform 
Execute       license_isbetapart xczu9eg 
Command       license_isbetapart done; error code: 1; 
Execute       get_default_platform 
Execute       config_chip_info -quiet -resource  {SLICE 34260} {LUT 274080}   {FF 548160}  {DSP48E 2520}  {BRAM 1824} {URAM 0}  
Execute       config_chip_info -quiet -speed medium 
Execute     add_library xilinx/zynquplus/zynquplus_fpv7 
Execute       get_default_platform 
Execute     get_default_platform 
Execute   create_clock -period 10 -name default 
Execute   csynth_design 
Execute     get_config_compile -effort 
Execute     get_config_compile -enable_clang39 
Execute     get_config_compile -g 
Execute     get_config_compile -lm 
Execute     get_config_compile -ng 
Execute     get_config_compile -opt_fp 
Execute     get_config_compile -skip_cdt 
Execute     get_config_compile -skip_syncheck 
Execute     get_config_compile -skip_transform 
Execute     config_compile -blackbox  
Execute     get_config_compile -keep_printf 
Execute     elaborate -effort=medium -skip_syncheck=0 -keep_printf=0 -lm=0 -skip_cdt=0 -skip_transform=0 -ng=0 -g=0 -opt_fp=0 -from_csynth_design=1 
Execute       get_config_schedule -relax_ii_for_timing 
INFO: [SCHED 204-61] Option 'relax_ii_for_timing' is enabled, will increase II to preserve clock frequency constraints.
Execute       get_config_schedule -suppress_dependence_error_break 
INFO: [HLS 200-10] Analyzing design file 'CustomClocks2/.settings/Custom2.cpp' ... 
INFO-FLOW: Compiling one TU...
Execute       is_m_axi_addr64 
INFO-FLOW: Handling CustomClocks2/.settings/Custom2.cpp as C++
Execute       get_default_platform 
Execute       is_encrypted CustomClocks2/.settings/Custom2.cpp 
Execute       get_default_platform 
INFO-FLOW: Running: GCC PP
INFO-FLOW: Source preprocessing
Execute       clang  -fno-limit-debug-info -gcc-toolchain "/home/shubham/Xilinx2018.3/Vivado/2018.3/lnx64/tools/gcc" -hls  -fno-exceptions  -D__llvm__  -E "CustomClocks2/.settings/Custom2.cpp"     -fno-math-errno -c -emit-llvm -O0  -mllvm -disable-llvm-optzns -fno-threadsafe-statics  -fno-use-cxa-atexit  -fno-threadsafe-statics -fno-use-cxa-atexit -D__CLANG_3_1__ -DAESL_SYN -D__SYNTHESIS__ -D__HLS_SYN__ -I "/home/shubham/Xilinx2018.3/Vivado/2018.3/common/technology/autopilot" -I "/home/shubham/Xilinx2018.3/Vivado/2018.3/common/technology/autopilot/ap_sysc" -include etc/autopilot_ssdm_op.h -D__DSP48E2__  -o "/home/shubham/HLS_Exercises/CustomClocks2/solution1/.autopilot/db/Custom2.pp.0.cpp" 
INFO-FLOW: exec /home/shubham/Xilinx2018.3/Vivado/2018.3/lnx64/tools/clang/bin/clang -fno-limit-debug-info -gcc-toolchain /home/shubham/Xilinx2018.3/Vivado/2018.3/lnx64/tools/gcc -hls -fno-exceptions -D__llvm__ -E CustomClocks2/.settings/Custom2.cpp -fno-math-errno -c -emit-llvm -O0 -mllvm -disable-llvm-optzns -fno-threadsafe-statics -fno-use-cxa-atexit -fno-threadsafe-statics -fno-use-cxa-atexit -D__CLANG_3_1__ -DAESL_SYN -D__SYNTHESIS__ -D__HLS_SYN__ -I /home/shubham/Xilinx2018.3/Vivado/2018.3/common/technology/autopilot -I /home/shubham/Xilinx2018.3/Vivado/2018.3/common/technology/autopilot/ap_sysc -include etc/autopilot_ssdm_op.h -D__DSP48E2__ -o /home/shubham/HLS_Exercises/CustomClocks2/solution1/.autopilot/db/Custom2.pp.0.cpp
Command       clang done; 1.05 sec.
Execute       tidy_31 xilinx-xfmat-array-geometry /home/shubham/HLS_Exercises/CustomClocks2/solution1/.autopilot/db/Custom2.pp.0.cpp std=gnu++98 
INFO-FLOW: exec /home/shubham/Xilinx2018.3/Vivado/2018.3/lnx64/tools/clang-3.9-csynth/bin/tidy-3.1 -header-filter=.* -checks=-*,xilinx-xfmat-array-geometry -quiet -fix /home/shubham/HLS_Exercises/CustomClocks2/solution1/.autopilot/db/Custom2.pp.0.cpp -- -std=gnu++98 -fhls -ferror-limit=0
Command       tidy_31 done; 0.55 sec.
INFO-FLOW: Syntax Checking before pre-processing...
Execute       clang -syntaxcheck -src /home/shubham/HLS_Exercises/CustomClocks2/solution1/.autopilot/db/Custom2.pp.0.cpp  -fno-limit-debug-info -gcc-toolchain "/home/shubham/Xilinx2018.3/Vivado/2018.3/lnx64/tools/gcc" -hls    -fno-math-errno -c -emit-llvm -O0  -mllvm -disable-llvm-optzns -fno-threadsafe-statics  -fno-use-cxa-atexit  -fno-threadsafe-statics -fno-use-cxa-atexit -D__CLANG_3_1__ -DAESL_SYN -D__SYNTHESIS__ -D__HLS_SYN__ -I "/home/shubham/Xilinx2018.3/Vivado/2018.3/common/technology/autopilot" -I "/home/shubham/Xilinx2018.3/Vivado/2018.3/common/technology/autopilot/ap_sysc" -include etc/autopilot_ssdm_op.h -D__DSP48E2__  "/home/shubham/HLS_Exercises/CustomClocks2/solution1/.autopilot/db/Custom2.pp.0.cpp"  -o "/home/shubham/HLS_Exercises/CustomClocks2/solution1/.autopilot/db/useless.bc"  
INFO-FLOW: exec /home/shubham/Xilinx2018.3/Vivado/2018.3/lnx64/tools/clang/bin/clang -fno-limit-debug-info -gcc-toolchain /home/shubham/Xilinx2018.3/Vivado/2018.3/lnx64/tools/gcc -hls -fno-math-errno -c -emit-llvm -O0 -mllvm -disable-llvm-optzns -fno-threadsafe-statics -fno-use-cxa-atexit -fno-threadsafe-statics -fno-use-cxa-atexit -D__CLANG_3_1__ -DAESL_SYN -D__SYNTHESIS__ -D__HLS_SYN__ -I /home/shubham/Xilinx2018.3/Vivado/2018.3/common/technology/autopilot -I /home/shubham/Xilinx2018.3/Vivado/2018.3/common/technology/autopilot/ap_sysc -include etc/autopilot_ssdm_op.h -D__DSP48E2__ /home/shubham/HLS_Exercises/CustomClocks2/solution1/.autopilot/db/Custom2.pp.0.cpp -o /home/shubham/HLS_Exercises/CustomClocks2/solution1/.autopilot/db/useless.bc
Command       clang done; 1.35 sec.
INFO-FLOW: Done: GCC PP time: 3 seconds per iteration
Execute       list_core -type functional_unit 
Execute       tidy_31 xilinx-systemc-detector /home/shubham/HLS_Exercises/CustomClocks2/solution1/.autopilot/db/Custom2.pp.0.cpp std=gnu++98 -directive=/home/shubham/HLS_Exercises/CustomClocks2/solution1/.autopilot/db/.systemc_flag 
INFO-FLOW: exec /home/shubham/Xilinx2018.3/Vivado/2018.3/lnx64/tools/clang-3.9-csynth/bin/tidy-3.1 -header-filter=.* -checks=-*,xilinx-systemc-detector -import-directive=/home/shubham/HLS_Exercises/CustomClocks2/solution1/.autopilot/db/.systemc_flag -quiet -fix-errors /home/shubham/HLS_Exercises/CustomClocks2/solution1/.autopilot/db/Custom2.pp.0.cpp -- -std=gnu++98 -fhls -ferror-limit=0
Command       tidy_31 done; 0.51 sec.
INFO-FLOW: CDT Preprocessing without tidy-3.1...
INFO-FLOW: Marker-Pragma convertor: /home/shubham/HLS_Exercises/CustomClocks2/solution1/.autopilot/db/Custom2.pp.0.cpp /home/shubham/HLS_Exercises/CustomClocks2/solution1/.autopilot/db/Custom2.pp.0.cpp.ap-line.cpp /home/shubham/HLS_Exercises/CustomClocks2/solution1/.autopilot/db/Custom2.pp.0.cpp.ap-line.cpp.CXX 1
INFO-FLOW: Converting Markers to Pragmas...
Execute       cdt  "/home/shubham/HLS_Exercises/CustomClocks2/solution1/.autopilot/db/Custom2.pp.0.cpp.ap-line.cpp"  -m "custom2" -o "/home/shubham/HLS_Exercises/CustomClocks2/solution1/.autopilot/db/Custom2.pp.0.cpp.ap-cdt.cpp" --pp --directive /home/shubham/HLS_Exercises/CustomClocks2/solution1/solution1.directive --source /home/shubham/HLS_Exercises/CustomClocks2/.settings/Custom2.cpp --error /home/shubham/HLS_Exercises/CustomClocks2/solution1/.autopilot/db --funcunit "AddSub AddSub_DSP AddSubnS DAddSub_fulldsp DAddSub_nodsp DDiv DExp_fulldsp DExp_meddsp DExp_nodsp DLog_fulldsp DLog_meddsp DLog_nodsp DMul_fulldsp DMul_maxdsp DMul_meddsp DMul_nodsp DRSqrt DRecip DSP_Macro DSqrt DivnS FAddSub_fulldsp FAddSub_nodsp FDiv FExp_fulldsp FExp_meddsp FExp_nodsp FLog_fulldsp FLog_meddsp FLog_nodsp FMul_fulldsp FMul_maxdsp FMul_meddsp FMul_nodsp FRSqrt_fulldsp FRSqrt_nodsp FRecip_fulldsp FRecip_nodsp FSqrt HAddSub_fulldsp HAddSub_meddsp HAddSub_nodsp HDiv HMul_fulldsp HMul_maxdsp HMul_nodsp HSqrt Mul Mul2S Mul3S Mul4S Mul5S Mul6S Mul_LUT MulnS MuxnS" --ve --vetcl /home/shubham/HLS_Exercises/CustomClocks2/solution1/.autopilot/db --ca --es --gf --pd --p2d /home/shubham/HLS_Exercises/CustomClocks2/solution1/.autopilot/db --sd --scff /home/shubham/HLS_Exercises/CustomClocks2/solution1/.autopilot/db/.systemc_flag --ad 
INFO-FLOW: Error:Syntax error in source:for (__decltype(__n + 0) __niter = __n;
Error:Missing ; in source:t
Error:Syntax error in source:)
 *__first = __value;
Error:Syntax error in source:for (__decltype(__n + 0) __niter = __n;
Error:Missing ; in source:t
Error:Syntax error in source:)
 *__first = __tmp;
WARNING: An illegal reflective access operation has occurred
WARNING: Illegal reflective access by org.eclipse.emf.ecore.xmi.impl.XMLHandler (file:/home/shubham/Xilinx2018.3/Vivado/2018.3/lnx64/tools/eclipse/plugins/org.eclipse.emf.ecore.xmi_2.13.0.v20170609-0707.jar) to method com.sun.org.apache.xerces.internal.parsers.AbstractSAXParser$LocatorProxy.getEncoding()
WARNING: Please consider reporting this to the maintainers of org.eclipse.emf.ecore.xmi.impl.XMLHandler
WARNING: Use --illegal-access=warn to enable warnings of further illegal reflective access operations
WARNING: All illegal access operations will be denied in a future release
Command       cdt done; 5.66 sec.
INFO-FLOW: Marker-Pragma convertor: /home/shubham/HLS_Exercises/CustomClocks2/solution1/.autopilot/db/Custom2.pp.0.cpp.ap-cdt.cpp /home/shubham/HLS_Exercises/CustomClocks2/solution1/.autopilot/db/Custom2.pragma.0.cpp /home/shubham/HLS_Exercises/CustomClocks2/solution1/.autopilot/db/Custom2.pragma.0.cpp.ap-line.CXX 0
INFO-FLOW: Converting Pragmas to Markers...
Execute       source /home/shubham/HLS_Exercises/CustomClocks2/solution1/.autopilot/db/pragma.status.tcl 
INFO-FLOW: Pragma Handling...
INFO-FLOW: SystemC Checker
Execute       ap_eval exec /home/shubham/Xilinx2018.3/Vivado/2018.3/lnx64/tools/clang/bin/clang++ -gcc-toolchain /home/shubham/Xilinx2018.3/Vivado/2018.3/lnx64/tools/gcc -hls -DAP_PRE  -I "/home/shubham/Xilinx2018.3/Vivado/2018.3/lnx64/tools/systemc/include" -I "/home/shubham/Xilinx2018.3/Vivado/2018.3/include" -I "/home/shubham/Xilinx2018.3/Vivado/2018.3/include/ap_sysc" -S "CustomClocks2/.settings/Custom2.cpp" -o /home/shubham/HLS_Exercises/CustomClocks2/solution1/.autopilot/db/Custom2.pp.00.o 
Command       ap_eval done; 1.25 sec.
INFO-FLOW: Marker-Pragma convertor: /home/shubham/HLS_Exercises/CustomClocks2/solution1/.autopilot/db/Custom2.pragma.1.cpp /home/shubham/HLS_Exercises/CustomClocks2/solution1/.autopilot/db/Custom2.scpp.0.cpp /home/shubham/HLS_Exercises/CustomClocks2/solution1/.autopilot/db/Custom2.scpp.0.cpp.line_pre.CXX 1
INFO-FLOW: Converting Markers to Pragmas...
INFO-FLOW: SystemC preprocessor
Execute       ap_eval exec /home/shubham/Xilinx2018.3/Vivado/2018.3/tps/lnx64/jre9.0.4/bin/java -Xmx512m -classpath "/home/shubham/Xilinx2018.3/Vivado/2018.3/lib/classes/org.eclipse.cdt.core_5.0.0.200806171202.jar:/home/shubham/Xilinx2018.3/Vivado/2018.3/lib/classes/jargs.jar:/home/shubham/Xilinx2018.3/Vivado/2018.3/lib/classes/org.eclipse.core.runtime_3.4.0.v20080512.jar:/home/shubham/Xilinx2018.3/Vivado/2018.3/lib/classes/org.eclipse.equinox.common_3.4.0.v20080421-2006.jar:/home/shubham/Xilinx2018.3/Vivado/2018.3/lib/classes/autopilot.scelaborator.jar"  autopilot.scelaborator.ScParser  -S "/home/shubham/Xilinx2018.3/Vivado/2018.3/common/technology/autopilot/ap_sysc" --force-inline  -o "/home/shubham/HLS_Exercises/CustomClocks2/solution1/.autopilot/db/" "/home/shubham/HLS_Exercises/CustomClocks2/solution1/.autopilot/db/Custom2.scpp.0.cpp" --mi-suffix=0 -d -t 
Command       ap_eval done; error code: 1; 8.01 sec.
INFO-FLOW: Marker-Pragma convertor: /home/shubham/HLS_Exercises/CustomClocks2/solution1/.autopilot/db/Custom2.scpp.0.cpp.ssdm.cpp /home/shubham/HLS_Exercises/CustomClocks2/solution1/.autopilot/db/Custom2.scpp.1.cpp /home/shubham/HLS_Exercises/CustomClocks2/solution1/.autopilot/db/Custom2.scpp.1.cpp.line_post.CXX 0
INFO-FLOW: Converting Pragmas to Markers...
Execute       get_default_platform 
INFO-FLOW: Processing labels
Execute       clang -src /home/shubham/HLS_Exercises/CustomClocks2/solution1/.autopilot/db/Custom2.pragma.2.cpp  -fno-limit-debug-info -gcc-toolchain /home/shubham/Xilinx2018.3/Vivado/2018.3/lnx64/tools/gcc -hls -hls-analyze-label -hls-analyze-pragma -fno-exceptions  -D__llvm__  -w  "/home/shubham/HLS_Exercises/CustomClocks2/solution1/.autopilot/db/Custom2.pragma.2.cpp"    -fno-math-errno -c -emit-llvm -O0  -mllvm -disable-llvm-optzns -fno-threadsafe-statics  -fno-use-cxa-atexit -DAESL_SYN -D__SYNTHESIS__ -D__HLS_SYN__ -I "/home/shubham/Xilinx2018.3/Vivado/2018.3/common/technology/autopilot" -I "/home/shubham/Xilinx2018.3/Vivado/2018.3/common/technology/autopilot/ap_sysc" -include etc/autopilot_ssdm_op.h -D__DSP48E2__ -g -o "/home/shubham/HLS_Exercises/CustomClocks2/solution1/.autopilot/db/Custom2.bc" 
INFO-FLOW: exec /home/shubham/Xilinx2018.3/Vivado/2018.3/lnx64/tools/clang/bin/clang -fno-limit-debug-info -gcc-toolchain /home/shubham/Xilinx2018.3/Vivado/2018.3/lnx64/tools/gcc -hls -hls-analyze-label -hls-analyze-pragma -fno-exceptions -D__llvm__ -w /home/shubham/HLS_Exercises/CustomClocks2/solution1/.autopilot/db/Custom2.pragma.2.cpp -fno-math-errno -c -emit-llvm -O0 -mllvm -disable-llvm-optzns -fno-threadsafe-statics -fno-use-cxa-atexit -DAESL_SYN -D__SYNTHESIS__ -D__HLS_SYN__ -I /home/shubham/Xilinx2018.3/Vivado/2018.3/common/technology/autopilot -I /home/shubham/Xilinx2018.3/Vivado/2018.3/common/technology/autopilot/ap_sysc -include etc/autopilot_ssdm_op.h -D__DSP48E2__ -g -o /home/shubham/HLS_Exercises/CustomClocks2/solution1/.autopilot/db/Custom2.bc
Command       clang done; 1.33 sec.
INFO-FLOW: Linking Debug ...
Execute       llvm-ld /home/shubham/HLS_Exercises/CustomClocks2/solution1/.autopilot/db/Custom2.g.bc -disable-opt -L/home/shubham/Xilinx2018.3/Vivado/2018.3/lnx64/lib -lhlsm -lhlsmc++ -o /home/shubham/HLS_Exercises/CustomClocks2/solution1/.autopilot/db/a.g 
Command       llvm-ld done; 0.5 sec.
INFO: [HLS 200-111] Finished Linking Time (s): cpu = 00:00:55 ; elapsed = 00:00:22 . Memory (MB): peak = 437.957 ; gain = 0.090 ; free physical = 665 ; free virtual = 5274
Execute       source /home/shubham/HLS_Exercises/CustomClocks2/solution1/.autopilot/db/ve_warning.tcl 
INFO: [HLS 200-10] Validating synthesis directives ...
Execute       source /home/shubham/HLS_Exercises/CustomClocks2/solution1/.autopilot/db/pragma.status.tcl 
INFO: [HLS 200-111] Finished Checking Pragmas Time (s): cpu = 00:00:55 ; elapsed = 00:00:22 . Memory (MB): peak = 437.957 ; gain = 0.090 ; free physical = 665 ; free virtual = 5274
Execute       get_config_sdx -target 
Execute       opt_and_import_c a -opt_level=2 -skip_syncheck=0 -ng=0 -keep_printf=0 
Execute         cleanup_all_models 
INFO: [HLS 200-10] Starting code transformations ...
Execute         transform -promote-dbg-pointer /home/shubham/HLS_Exercises/CustomClocks2/solution1/.autopilot/db/a.pp.bc -o /home/shubham/HLS_Exercises/CustomClocks2/solution1/.autopilot/db/a.pp.0.bc -f 
Execute         llvm-ld /home/shubham/HLS_Exercises/CustomClocks2/solution1/.autopilot/db/a.pp.0.bc -disable-opt -L/home/shubham/Xilinx2018.3/Vivado/2018.3/lnx64/lib -lfloatconversion -o /home/shubham/HLS_Exercises/CustomClocks2/solution1/.autopilot/db/a.g.0 
Command         llvm-ld done; 0.49 sec.
INFO-FLOW: Running Standard Transforms...
Execute         transform -hls -share-std-xform -demangle-name -inline-byval-memcpy -always-inline -promote-dbg-pointer -interface-preproc -mem2reg -lower-blackbox -scalarrepl -mem2reg -keep-read-access -instcombine -dce -promote-dbg-pointer -bitop-raise -loop-simplify -indvarspre -indvars -loop-simplify -xunroll -constprop -instcombine -simplifycfg -indvars -simplifycfg -dce -globaldce -basicaa -simplifycfg -mem2reg -globalopt -global-constprop -deadargelim -instcombine -simplifycfg -prune-eh -simplifycfg -scalarrepl -instcombine -reassociate -licm -simplifycfg -loop-simplify -indvars -instcombine -simplifycfg -mem2reg -loop-simplify -indvars -instcombine -gvn -gvn -instcombine -adce -break-crit-edges -simplifycfg -loop-delete -global-array-opt -dce -dse -adce -find-syn-modules -top custom2 -deadargelim -mem2reg -instcombine -dce -presyn-prepare -auto-rom-infer -interface-preproc -syn-check -check-rec-only -find-region -simplifycfg -func-extr -function-inline -globaldce -mem2reg -instcombine -dce -gvn -globaldce -adce -adse -constprop -instcombine -bit-constprop -instcombine -dce -simplifycfg -bitop-raise -simplifycfg -dce -loop-delete -reassociate -globalopt -global-privatize -mem2reg -dce -global-constprop -pointer-simplify -constprop -dce -func-inst -deadargelim -auto-shift-reg-idiom -promote-dbg-pointer -norm-name /home/shubham/HLS_Exercises/CustomClocks2/solution1/.autopilot/db/a.g.0.bc -o /home/shubham/HLS_Exercises/CustomClocks2/solution1/.autopilot/db/a.g.1.bc -f -phase std-opt 
INFO: [HLS 200-111] Finished Standard Transforms Time (s): cpu = 00:00:55 ; elapsed = 00:00:22 . Memory (MB): peak = 438.125 ; gain = 0.258 ; free physical = 656 ; free virtual = 5267
INFO: [HLS 200-10] Checking synthesizability ...
INFO-FLOW: Checking Synthesizability 1/2..
Execute         transform -hls -syn-check -check-rec-only -disaggr -scalarrepl -norm-name -dce -mem2reg -instcombine -function-uniquify -directive-preproc -mem2reg -dse -dce -auto-rom-infer -dce -pag -array-normalize -instcombine -dce -warn-fifo-pointer -array-seg-normalize -instcombine -dce -array-flatten -instcombine -dce -array-burst -dce -deadargelim -promote-global-argument -simplifycfg -mem2reg -globaldce -resolve-double-ptr -dce -deadargelim -dce -instcombine -function-inline -globaldce -dce -doublePtrSimplify -doublePtrElim -dce -doublePtrSimplify -promote-dbg-pointer -dce -scalarrepl -dse -adse -instcombine -ptrLegalization -simplifycfg -dce -instcombine -pointer-simplify -ptrArgReplace -dce -instcombine -disaggr -scalarrepl -norm-name -dce -mem2reg -instcombine -ptrLegalization -simplifycfg -deadargelim -instcombine -dce -inst-simplify -function-uniquify -directive-preproc -mem2reg -dse -dce -globaldce -check-dspbuiltin /home/shubham/HLS_Exercises/CustomClocks2/solution1/.autopilot/db/a.g.1.bc -o /home/shubham/HLS_Exercises/CustomClocks2/solution1/.autopilot/db/a.g.2.prechk.bc -f 
INFO-FLOW: Checking Synthesizability 2/2..
Execute         transform -syn-check /home/shubham/HLS_Exercises/CustomClocks2/solution1/.autopilot/db/a.g.2.prechk.bc -o /home/shubham/HLS_Exercises/CustomClocks2/solution1/.autopilot/db/a.g.2.bc -f -phase syn-check 
INFO: [HLS 200-111] Finished Checking Synthesizability Time (s): cpu = 00:00:55 ; elapsed = 00:00:22 . Memory (MB): peak = 438.125 ; gain = 0.258 ; free physical = 652 ; free virtual = 5263
INFO-FLOW: Compiler optimizing ...
INFO-FLOW: Share syncheck's 1.bc for syn flow: copy /home/shubham/HLS_Exercises/CustomClocks2/solution1/.autopilot/db/a.g.1.bc to /home/shubham/HLS_Exercises/CustomClocks2/solution1/.autopilot/db/a.o.1.bc
INFO-FLOW: Presyn 1...
Execute         transform -hls -tmp /home/shubham/HLS_Exercises/CustomClocks2/solution1/.autopilot/db -interface-port-rename -type-info -function-uniquify -directive-preproc -mem2reg -dse -dce -disaggr -scalarrepl -norm-name -deadargelim -mem2reg -instcombine -dce -simplifycfg -auto-rom-infer -dce -function-uniquify -resource-proc -simplifycfg -mem2reg -globaldce -resolve-double-ptr -dce -deadargelim -dce -instcombine -clib-intrinsic-prepare -dce -func-buffer -dce -pag -array-normalize -func-legal -instcombine -gvn -constprop -dce -ptrArgReplace -mem2reg -instcombine -dce -array-seg-normalize -deadargelim -instcombine -dce -pointer-simplify -dce -port-alignment -dce -interface-preproc -data-pack -instcombine -dce -basicaa -aggr-aa -aggrmodref-aa -aggr-aa -gvn -gvn -basicaa -aggr-aa -aggrmodref-aa -aggr-aa -dse -adse -adce -loop-simplify -indvars -instcombine -gvn -loop-simplify -mem2reg -dce -find-region -instcombine -auto-loop-pipeline -inst-simplify -interface-preproc -cfgopt -instcombine -indvars -auto-loop-unroll -loop-simplify -loop-bound -xunroll -constprop -instcombine -simplifycfg -indvars -simplifycfg -dce -globaldce -clean-region -attach-range -gvn -inst-simplify -constprop -simplifycfg -dce -pointer-simplify -dce -globalopt -constprop -dce -array-promote -constprop -instcombine -dce -ptrArgReplace -mem2reg -instcombine -simplifycfg -dce -auto-par -instcombine -dce -array-transform-check -array-reshape -instcombine -simplifycfg -dce -ptrArgReplace -deadargelim -mem2reg -instcombine -simplifycfg -dce -indvars -loop-simplify -loop-bound -xunroll -constprop -instcombine -simplifycfg -indvars -simplifycfg -dce -globaldce -basicaa -aggr-aa -aggrmodref-aa -aggr-aa -dse -duplicate-dataflow-processes -globaldce -instcombine -array-partition -instcombine -simplifycfg -dce -ptrArgReplace -global-constprop -deadargelim -mem2reg -func-legal -instcombine -dce -global-constprop -deadargelim -mem2reg -instcombine -simplifycfg -dce -merge-param -deadargelim -globalopt -constprop -dce -array-promote -constprop -instcombine -dce -ptrArgReplace -mem2reg -instcombine -simplifycfg -dce -mem-intrinsic-preproc -dce -global-internalize -global-privatize -mem2reg -globaldce -promote-global-argument -ptrArgReplace -mem2reg -instcombine -dce -globalopt -mergereturn -simplify-global-access -mem2reg -dce -pointer-simplify -dce -functionattrs -basicaa -aggr-aa -aggrmodref-aa -aggr-aa -gvn -gvn -basicaa -aggr-aa -aggrmodref-aa -aggr-aa -dse -adse -adce -inst-simplify -dce -norm-name -function-inline -globaldce -func-inst -constprop -instcombine -simplifycfg -dce -func-legal -dce -loop-bound -arraycheck -bitwidthmin -on-by-dataflow -loop-delete -instcombine -simplifycfg -globaldce -dce -gvn -deadargelim -dce -loop-simplify -clean-region -simplifycfg -propagate-stable-arguments -loop-stream -instcombine -simplifycfg -dce -globaldce -duplicate-dataflow-processes -stream-intrinsic-preproc -dce -check-ap-stream -loop-simplify -eliminate-keepreads -extract-dataflow-in-loop -loop-simplify -dce -gvn -deadargelim -dse -check-dataflow-syntax -legalize-stream-variable -legalize-global -extract-subproc -dce -dead-channel-elimination -canonicalize-gep -globaldce -dce -gvn -deadargelim -annotate-dataflow-channels -scalar-propagation -deadargelim -globaldce -mem2reg -check-dataflow-channels -function-stream -dce -globaldce -prop-fifo-spec -internal-stream-gen -canonicalize-gep -globaldce -dce -gvn -deadargelim -mergereturn -indvars -loop-simplify -instcombine -array-stream -array-seg-normalize -array-partition -func-legal -instcombine -simplifycfg -dce -bundle-memfifo-ops -deadargelim -function-uniquify -directive-preproc -mem2reg -dse -dce -group-axi-access -licm -simplifycfg -dce -loop-delete -norm-name /home/shubham/HLS_Exercises/CustomClocks2/solution1/.autopilot/db/a.o.1.bc -o /home/shubham/HLS_Exercises/CustomClocks2/solution1/.autopilot/db/a.o.1.tmp.bc -f 
Command         transform done; 0.11 sec.
INFO-FLOW: Presyn 2...
Execute         transform -hls -keep-callgraph -scalarrepl -mem2reg -port-alignment -attach-range -dce -pipe-mux-gen -indvars -loop-bound -inst-simplify -instcombine -dce -merge-array-access -mem2reg -dce -clean-region -mergereturn -if-conv -instcombine -dce -constprop -basicaa -aggr-aa -aggrmodref-aa -aggr-aa -gvn -gvn -basicaa -aggr-aa -aggrmodref-aa -aggr-aa -dse -adse -adce -scalarrepl -mem2reg -global-constprop -deadargelim -deadargelim -instcombine -dce -simplifycfg -ptrArgReplace -mem2reg -function-inline -globaldce -mem2reg -instcombine -dce -expr-balance -instcombine -dce -bitwidthmin -interface-preproc -directive-preproc -inst-rectify -instcombine -dce -functionattrs -constprop -instcombine -bit-constprop -simplify-global-access -globalopt -globaldce -inst-simplify -instcombine -elimdeaddata -dce -loop-delete -simplifycfg -loop-simplify -auto-burst -norm-name /home/shubham/HLS_Exercises/CustomClocks2/solution1/.autopilot/db/a.o.1.tmp.bc -o /home/shubham/HLS_Exercises/CustomClocks2/solution1/.autopilot/db/a.o.2.bc -f -phase presyn 
INFO: [HLS 200-111] Finished Pre-synthesis Time (s): cpu = 00:00:56 ; elapsed = 00:00:23 . Memory (MB): peak = 565.867 ; gain = 128.000 ; free physical = 628 ; free virtual = 5240
INFO-FLOW: Building ssdm...
Execute         transform -hls -function-uniquify -auto-function-inline -globaldce -ptrArgReplace -mem2reg -instcombine -dce -reset-lda -loop-simplify -indvars -licm -loop-dep -loop-bound -licm -loop-simplify -flattenloopnest -array-flatten -gvn -instcombine -dce -array-map -dce -func-legal -gvn -adce -instcombine -cfgopt -simplifycfg -loop-simplify -array-burst -promote-global-argument -dce -axi4-lower -array-seg-normalize -basicaa -aggrmodref-aa -globalsmodref-aa -aggr-aa -gvn -gvn -basicaa -aggrmodref-aa -globalsmodref-aa -aggr-aa -dse -adse -adce -licm -inst-simplify -dce -globaldce -instcombine -array-stream -eliminate-keepreads -instcombine -dce -deadargelim -doublePtrSimplify -doublePtrElim -dce -doublePtrSimplify -promote-dbg-pointer -dce -scalarrepl -mem2reg -disaggr -norm-name -mem2reg -instcombine -dse -adse -adce -ptrLegalization -dce -auto-rom-infer -array-flatten -dce -instcombine -check-doubleptr -loop-rot -constprop -cfgopt -simplifycfg -loop-simplify -indvars -pointer-simplify -dce -loop-bound -loop-simplify -loop-preproc -constprop -global-constprop -gvn -mem2reg -instcombine -dce -loop-bound -loop-merge -dce -bitwidthmin -deadargelim -dce -canonicalize-dataflow -dce -scalar-propagation -deadargelim -globaldce -mem2reg -read-loop-dep -interface-preproc -directive-preproc -interface-gen -bram-byte-enable -deadargelim -inst-simplify -dce -gvn -mem2reg -instcombine -dce -adse -loop-bound -instcombine -cfgopt -simplifycfg -loop-simplify -clean-region -io-protocol -find-region -mem2reg -bitop-raise -inst-simplify -inst-rectify -instcombine -adce -deadargelim -loop-simplify -phi-opt -bitop-raise -cfgopt -simplifycfg -strip-dead-prototypes -interface-lower -bitop-lower -intrinsic-lower -auto-function-inline -basicaa -aggrmodref-aa -globalsmodref-aa -aggr-aa -inst-simplify -simplifycfg -loop-simplify -mergereturn -inst-simplify -inst-rectify -dce -load-elim -bitop-lower -loop-rewind -pointer-simplify -dce -cfgopt -dce -bitwidth -loop-bound -loop-dep -read-loop-dep -dce -check-stream -norm-name -legalize -validate-dataflow -inst-clarity -cdfg-build /home/shubham/HLS_Exercises/CustomClocks2/solution1/.autopilot/db/a.o.2.bc -o /home/shubham/HLS_Exercises/CustomClocks2/solution1/.autopilot/db/a.o.3.bc -f -phase build-ssdm 
WARNING: [XFORM 203-561] 'Loop-1' (/home/shubham/HLS_Exercises/CustomClocks2/counter1.h:24:7) in function 'first_counter::increment' is an infinite loop.
Command         transform done; 0.2 sec.
INFO: [HLS 200-111] Finished Architecture Synthesis Time (s): cpu = 00:00:56 ; elapsed = 00:00:23 . Memory (MB): peak = 565.867 ; gain = 128.000 ; free physical = 617 ; free virtual = 5229
INFO-FLOW: Finish building internal data model.
Command       opt_and_import_c done; 0.99 sec.
Command     elaborate done; 22.33 sec.
Execute     autosyn -from_csynth_design=1 
INFO: [HLS 200-10] Starting hardware synthesis ...
INFO-FLOW: Synthesizing SystemC design ...
Execute       sc_get_modules -debug custom2 
WARNING: [SCA 200-202] Found a duplicated SystemC module 'first_counter'.
INFO: [SCA 200-201] Elaborating SystemC module 'first_counter'.
INFO: [SCA 200-201] Performing SystemC synthesis linting.
INFO: [SCA 200-201] Analyzing ports and processes.
INFO: [SCA 200-201] Found the clock port of process 'first_counter::increment': 'clock'.
INFO: [SCA 200-201] Found the reset port of process 'first_counter::increment': 'reset'.
WARNING: [SCA 200-202] Port 'out_counter' has no reset.
WARNING: [SCA 200-202] Signal 'first_counter_count_V' has no reset.
WARNING: [SCA 200-202] Found reading to uninitialized signal/variable 'first_counter_count_V'('first_counter_count_s', /home/shubham/HLS_Exercises/CustomClocks2/counter1.h:25), the signal/variable should be written or reset firstly, or it may introduce RTL simulation mismatch.
INFO: [SCA 200-201] Elaborating SystemC module 'custom2'.
INFO: [SCA 200-201] Analyzing the module hierarchy:
INFO: [SCA 200-201] Contains sub-module: 'first_counter'
INFO: [SCA 200-201] Contains sub-module: 'first_counter'
INFO: [SCA 200-201] Performing SystemC synthesis linting.
INFO: [SCA 200-201] Analyzing ports and processes.
Execute       export_ssdm /home/shubham/HLS_Exercises/CustomClocks2/solution1/.autopilot/db/a.o.sce.ll 
INFO-FLOW: SystemC Modules: { first_counter custom2 }
Execute       ap_set_top_model custom2 
Execute       cdfg_preprocess -model custom2 
Execute       ap_set_top_model first_counter 
Execute       sc_get_processes first_counter 
INFO: [HLS 200-10] Synthesizing SystemC module 'first_counter'
INFO-FLOW: SystemC module [first_counter] has process(es): { increment }
INFO: [HLS 200-10] Found SystemC process: 'first_counter_increment' 
INFO: [HLS 200-10] Synthesizing 'first_counter_increment' ...
Execute       get_model_list first_counter_increment -filter all-wo-channel -topdown 
Execute       preproc_iomode -model first_counter::increment 
Execute       get_model_list first_counter_increment -filter all-wo-channel 
INFO-FLOW: Model list for configure: first_counter::increment
INFO-FLOW: Configuring Module : first_counter::increment ...
Execute       set_default_model first_counter::increment 
Execute       apply_spec_resource_limit first_counter::increment 
INFO-FLOW: Model list for preprocess: first_counter::increment
INFO-FLOW: Preprocessing Module: first_counter::increment ...
Execute       set_default_model first_counter::increment 
Execute       cdfg_preprocess -model first_counter::increment 
Execute       rtl_gen_preprocess first_counter::increment 
INFO-FLOW: Model list for synthesis: first_counter::increment
INFO: [HLS 200-10] ----------------------------------------------------------------
INFO: [HLS 200-42] -- Implementing module 'first_counter_increment' 
INFO: [HLS 200-10] ----------------------------------------------------------------
Execute       set_default_model first_counter::increment 
Execute       schedule -model first_counter::increment 
INFO: [SCHED 204-11] Starting scheduling ...
INFO: [SCHED 204-11] Finished scheduling.
Command       schedule done; 0.12 sec.
INFO: [HLS 200-111]  Elapsed time: 22.91 seconds; current allocated memory: 96.755 MB.
Execute       report -o /home/shubham/HLS_Exercises/CustomClocks2/solution1/.autopilot/db/first_counter_increment.verbose.sched.rpt -verbose -f 
INFO: [HLS 200-434] Only 0 loops out of a total 1 loops have been pipelined in this design.
Execute       db_write -o /home/shubham/HLS_Exercises/CustomClocks2/solution1/.autopilot/db/first_counter_increment.sched.adb -f 
INFO-FLOW: Finish scheduling first_counter::increment.
Execute       set_default_model first_counter::increment 
Execute       bind -model first_counter::increment 
BIND OPTION: fu_weight=[ 0.0 -- 1.0 ]
BIND OPTION: model=first_counter::increment
BIND OPTION: reg_weight=[ 0.0 -- 1.0 ]
INFO: [BIND 205-100] Starting micro-architecture generation ...
INFO: [BIND 205-101] Performing variable lifetime analysis.
INFO: [BIND 205-101] Exploring resource sharing.
INFO: [BIND 205-101] Binding ...
INFO: [BIND 205-100] Finished micro-architecture generation.
INFO: [HLS 200-111]  Elapsed time: 0.06 seconds; current allocated memory: 96.959 MB.
Execute       report -o /home/shubham/HLS_Exercises/CustomClocks2/solution1/.autopilot/db/first_counter_increment.verbose.bind.rpt -verbose -f 
Execute       db_write -o /home/shubham/HLS_Exercises/CustomClocks2/solution1/.autopilot/db/first_counter_increment.bind.adb -f 
INFO-FLOW: Finish binding first_counter::increment.
Execute       get_model_list first_counter_increment -filter all-wo-channel 
INFO-FLOW: Preprocessing for RTLGen ...
Execute       rtl_gen_preprocess first_counter::increment 
INFO-FLOW: Model list for RTL generation: first_counter::increment
INFO: [HLS 200-10] ----------------------------------------------------------------
INFO: [HLS 200-10] -- Generating RTL for module 'first_counter_increment' 
INFO: [HLS 200-10] ----------------------------------------------------------------
Execute       get_config_rtl -prefix 
Execute       get_config_rtl -auto_prefix 
Execute       create_rtl_model first_counter::increment -vendor xilinx -mg_file /home/shubham/HLS_Exercises/CustomClocks2/solution1/.autopilot/db/first_counter_increment.compgen.tcl 
INFO: [RTGEN 206-100] Finished creating RTL model for 'first_counter_increment'.
INFO: [HLS 200-111]  Elapsed time: 0.03 seconds; current allocated memory: 97.127 MB.
Execute       source /home/shubham/HLS_Exercises/CustomClocks2/solution1/.autopilot/db/custom2.rtl_wrap.cfg.tcl 
Execute       gen_rtl first_counter::increment -style xilinx -tracefl mytrace -tracefmt vcd -traceopt all -f -lang sc -o /home/shubham/HLS_Exercises/CustomClocks2/solution1/syn/systemc/first_counter_increment -synmodules first_counter::increment 
Execute       gen_rtl first_counter::increment -style xilinx -f -lang vhdl -o /home/shubham/HLS_Exercises/CustomClocks2/solution1/syn/vhdl/first_counter_increment 
Execute       gen_rtl first_counter::increment -style xilinx -f -lang vlog -o /home/shubham/HLS_Exercises/CustomClocks2/solution1/syn/verilog/first_counter_increment 
Execute       gen_tb_info first_counter::increment -o /home/shubham/HLS_Exercises/CustomClocks2/solution1/.autopilot/db/first_counter_increment -p /home/shubham/HLS_Exercises/CustomClocks2/solution1/.autopilot/db 
Execute       report -model first_counter::increment -o /home/shubham/HLS_Exercises/CustomClocks2/solution1/syn/report/first_counter_increment_csynth.rpt -f 
Execute       report -model first_counter::increment -o /home/shubham/HLS_Exercises/CustomClocks2/solution1/syn/report/first_counter_increment_csynth.xml -f -x 
Execute       report -model first_counter::increment -o /home/shubham/HLS_Exercises/CustomClocks2/solution1/.autopilot/db/first_counter_increment.verbose.rpt -verbose -f 
Execute       db_write -model first_counter::increment -o /home/shubham/HLS_Exercises/CustomClocks2/solution1/.autopilot/db/first_counter_increment.adb -f 
INFO-FLOW: Model list for RTL component generation: first_counter::increment
INFO-FLOW: Handling components in module [first_counter_increment] ... 
Execute       source /home/shubham/HLS_Exercises/CustomClocks2/solution1/.autopilot/db/first_counter_increment.compgen.tcl 
INFO-FLOW: Append model first_counter_increment
INFO-FLOW: Generating RTL model list ...
INFO-FLOW: All models in this session: first_counter_increment
INFO-FLOW: To file: write model first_counter_increment
INFO-FLOW: Finished generating RTL model list.


INFO-FLOW: RTL Generation done.
INFO-FLOW: CAS Generation done.
INFO-FLOW: CBC Generation done.
INFO-FLOW: SystemC module [first_counter] is top-level?: false 
INFO: [HLS 200-10] Synthesizing 'first_counter' ...
Execute       preproc_iomode -model first_counter 
INFO-FLOW: Model list for configure: first_counter
INFO-FLOW: Configuring Module : first_counter ...
Execute       set_default_model first_counter 
Execute       apply_spec_resource_limit first_counter 
INFO-FLOW: Model list for preprocess: first_counter
INFO-FLOW: Preprocessing Module: first_counter ...
Execute       set_default_model first_counter 
Execute       cdfg_preprocess -model first_counter 
Execute       rtl_gen_preprocess first_counter 
INFO-FLOW: Model list for synthesis: first_counter
INFO: [HLS 200-10] ----------------------------------------------------------------
INFO: [HLS 200-42] -- Implementing module 'first_counter' 
INFO: [HLS 200-10] ----------------------------------------------------------------
Execute       set_default_model first_counter 
Execute       schedule -model first_counter 
INFO: [SCHED 204-11] Starting scheduling ...
INFO: [SCHED 204-11] Finished scheduling.
INFO: [HLS 200-111]  Elapsed time: 0.05 seconds; current allocated memory: 97.519 MB.
Execute       report -o /home/shubham/HLS_Exercises/CustomClocks2/solution1/.autopilot/db/first_counter.verbose.sched.rpt -verbose -f 
Execute       db_write -o /home/shubham/HLS_Exercises/CustomClocks2/solution1/.autopilot/db/first_counter.sched.adb -f 
INFO-FLOW: Finish scheduling first_counter.
Execute       set_default_model first_counter 
Execute       bind -model first_counter 
BIND OPTION: fu_weight=[ 0.0 -- 1.0 ]
BIND OPTION: model=first_counter
BIND OPTION: reg_weight=[ 0.0 -- 1.0 ]
INFO: [BIND 205-100] Starting micro-architecture generation ...
INFO: [BIND 205-101] Performing variable lifetime analysis.
INFO: [BIND 205-101] Exploring resource sharing.
INFO: [BIND 205-101] Binding ...
INFO: [BIND 205-100] Finished micro-architecture generation.
INFO: [HLS 200-111]  Elapsed time: 0.01 seconds; current allocated memory: 97.585 MB.
Execute       report -o /home/shubham/HLS_Exercises/CustomClocks2/solution1/.autopilot/db/first_counter.verbose.bind.rpt -verbose -f 
Execute       db_write -o /home/shubham/HLS_Exercises/CustomClocks2/solution1/.autopilot/db/first_counter.bind.adb -f 
INFO-FLOW: Finish binding first_counter.
INFO-FLOW: Preprocessing for RTLGen ...
Execute       rtl_gen_preprocess first_counter 
INFO-FLOW: Model list for RTL generation: first_counter
INFO: [HLS 200-10] ----------------------------------------------------------------
INFO: [HLS 200-10] -- Generating RTL for module 'first_counter' 
INFO: [HLS 200-10] ----------------------------------------------------------------
Execute       get_config_rtl -prefix 
Execute       get_config_rtl -auto_prefix 
Execute       create_rtl_model first_counter -vendor xilinx -mg_file /home/shubham/HLS_Exercises/CustomClocks2/solution1/.autopilot/db/first_counter.compgen.tcl 
INFO: [RTGEN 206-500] Setting interface mode on port 'first_counter/clock' to 'ap_none'.
INFO: [RTGEN 206-500] Setting interface mode on port 'first_counter/reset' to 'ap_none'.
INFO: [RTGEN 206-500] Setting interface mode on port 'first_counter/enable' to 'ap_none'.
INFO: [RTGEN 206-500] Setting interface mode on port 'first_counter/out_counter' to 'ap_vld'.
INFO: [RTGEN 206-100] Finished creating RTL model for 'first_counter'.
INFO: [HLS 200-111]  Elapsed time: 0 seconds; current allocated memory: 97.681 MB.
Execute       source /home/shubham/HLS_Exercises/CustomClocks2/solution1/.autopilot/db/custom2.rtl_wrap.cfg.tcl 
Execute       gen_rtl first_counter -style xilinx -tracefl mytrace -tracefmt vcd -traceopt all -f -lang sc -o /home/shubham/HLS_Exercises/CustomClocks2/solution1/syn/systemc/first_counter -synmodules first_counter 
Execute       gen_rtl first_counter -style xilinx -f -lang vhdl -o /home/shubham/HLS_Exercises/CustomClocks2/solution1/syn/vhdl/first_counter 
Execute       gen_rtl first_counter -style xilinx -f -lang vlog -o /home/shubham/HLS_Exercises/CustomClocks2/solution1/syn/verilog/first_counter 
Execute       gen_tb_info first_counter -o /home/shubham/HLS_Exercises/CustomClocks2/solution1/.autopilot/db/first_counter -p /home/shubham/HLS_Exercises/CustomClocks2/solution1/.autopilot/db 
Execute       report -model first_counter -o /home/shubham/HLS_Exercises/CustomClocks2/solution1/syn/report/first_counter_csynth.rpt -f 
Execute       report -model first_counter -o /home/shubham/HLS_Exercises/CustomClocks2/solution1/syn/report/first_counter_csynth.xml -f -x 
Execute       report -model first_counter -o /home/shubham/HLS_Exercises/CustomClocks2/solution1/.autopilot/db/first_counter.verbose.rpt -verbose -f 
Execute       db_write -model first_counter -o /home/shubham/HLS_Exercises/CustomClocks2/solution1/.autopilot/db/first_counter.adb -f 
INFO-FLOW: Model list for RTL component generation: first_counter
INFO-FLOW: Handling components in module [first_counter] ... 
Execute       source /home/shubham/HLS_Exercises/CustomClocks2/solution1/.autopilot/db/first_counter.compgen.tcl 
INFO-FLOW: Append model first_counter
INFO-FLOW: Generating RTL model list ...
INFO-FLOW: All models in this session: first_counter_increment first_counter
INFO-FLOW: To file: write model first_counter_increment
INFO-FLOW: To file: write model first_counter
INFO-FLOW: Finished generating RTL model list.


INFO-FLOW: RTL Generation done.
INFO-FLOW: CAS Generation done.
INFO-FLOW: CBC Generation done.
Execute       ap_set_top_model custom2 
Execute       sc_get_processes custom2 
INFO: [HLS 200-10] Synthesizing SystemC module 'custom2'
INFO-FLOW: SystemC module [custom2] has process(es): {  }
INFO-FLOW: SystemC module [custom2] is top-level?: true 
INFO: [HLS 200-10] Synthesizing 'custom2' ...
Execute       preproc_iomode -model custom2 
INFO-FLOW: Model list for configure: custom2
INFO-FLOW: Configuring Module : custom2 ...
Execute       set_default_model custom2 
Execute       apply_spec_resource_limit custom2 
INFO-FLOW: Model list for preprocess: custom2
INFO-FLOW: Preprocessing Module: custom2 ...
Execute       set_default_model custom2 
Execute       cdfg_preprocess -model custom2 
Execute       rtl_gen_preprocess custom2 
INFO-FLOW: Model list for synthesis: custom2
INFO: [HLS 200-10] ----------------------------------------------------------------
INFO: [HLS 200-42] -- Implementing module 'custom2' 
INFO: [HLS 200-10] ----------------------------------------------------------------
Execute       set_default_model custom2 
Execute       schedule -model custom2 
INFO: [SCHED 204-11] Starting scheduling ...
INFO: [SCHED 204-11] Finished scheduling.
INFO: [HLS 200-111]  Elapsed time: 0.04 seconds; current allocated memory: 97.970 MB.
Execute       report -o /home/shubham/HLS_Exercises/CustomClocks2/solution1/.autopilot/db/custom2.verbose.sched.rpt -verbose -f 
Execute       db_write -o /home/shubham/HLS_Exercises/CustomClocks2/solution1/.autopilot/db/custom2.sched.adb -f 
INFO-FLOW: Finish scheduling custom2.
Execute       set_default_model custom2 
Execute       bind -model custom2 
BIND OPTION: fu_weight=[ 0.0 -- 1.0 ]
BIND OPTION: model=custom2
BIND OPTION: reg_weight=[ 0.0 -- 1.0 ]
INFO: [BIND 205-100] Starting micro-architecture generation ...
INFO: [BIND 205-101] Performing variable lifetime analysis.
INFO: [BIND 205-101] Exploring resource sharing.
INFO: [BIND 205-101] Binding ...
INFO: [BIND 205-100] Finished micro-architecture generation.
INFO: [HLS 200-111]  Elapsed time: 0.01 seconds; current allocated memory: 98.080 MB.
Execute       report -o /home/shubham/HLS_Exercises/CustomClocks2/solution1/.autopilot/db/custom2.verbose.bind.rpt -verbose -f 
Execute       db_write -o /home/shubham/HLS_Exercises/CustomClocks2/solution1/.autopilot/db/custom2.bind.adb -f 
INFO-FLOW: Finish binding custom2.
INFO-FLOW: Preprocessing for RTLGen ...
Execute       rtl_gen_preprocess custom2 
INFO-FLOW: Model list for RTL generation: custom2
INFO: [HLS 200-10] ----------------------------------------------------------------
INFO: [HLS 200-10] -- Generating RTL for module 'custom2' 
INFO: [HLS 200-10] ----------------------------------------------------------------
Execute       get_config_rtl -prefix 
Execute       get_config_rtl -auto_prefix 
Execute       create_rtl_model custom2 -vendor xilinx -mg_file /home/shubham/HLS_Exercises/CustomClocks2/solution1/.autopilot/db/custom2.compgen.tcl 
INFO: [RTGEN 206-500] Setting interface mode on port 'custom2/clock1' to 'ap_none'.
INFO: [RTGEN 206-500] Setting interface mode on port 'custom2/clock2' to 'ap_none'.
INFO: [RTGEN 206-500] Setting interface mode on port 'custom2/reset' to 'ap_none'.
INFO: [RTGEN 206-500] Setting interface mode on port 'custom2/enable' to 'ap_none'.
INFO: [RTGEN 206-500] Setting interface mode on port 'custom2/out_counter1' to 'ap_vld'.
INFO: [RTGEN 206-500] Setting interface mode on port 'custom2/out_counter2' to 'ap_vld'.
WARNING: [RTGEN 206-101] Reset signal 'reset' was already created
WARNING: [RTGEN 206-101] Reset signal 'reset' was already created
INFO: [RTGEN 206-100] Finished creating RTL model for 'custom2'.
INFO: [HLS 200-111]  Elapsed time: 0.02 seconds; current allocated memory: 98.212 MB.
Execute       source /home/shubham/HLS_Exercises/CustomClocks2/solution1/.autopilot/db/custom2.rtl_wrap.cfg.tcl 
Execute       gen_rtl custom2 -istop -style xilinx -tracefl mytrace -tracefmt vcd -traceopt all -f -lang sc -o /home/shubham/HLS_Exercises/CustomClocks2/solution1/syn/systemc/custom2 -synmodules custom2 
Execute       gen_rtl custom2 -istop -style xilinx -f -lang vhdl -o /home/shubham/HLS_Exercises/CustomClocks2/solution1/syn/vhdl/custom2 
Execute       gen_rtl custom2 -istop -style xilinx -f -lang vlog -o /home/shubham/HLS_Exercises/CustomClocks2/solution1/syn/verilog/custom2 
Execute       export_constraint_db -o /home/shubham/HLS_Exercises/CustomClocks2/solution1/.autopilot/db/custom2.constraint.tcl -f -tool general 
Execute       report -model custom2 -o /home/shubham/HLS_Exercises/CustomClocks2/solution1/.autopilot/db/custom2.design.xml -verbose -f -dv 
Execute       report -model custom2 -o /home/shubham/HLS_Exercises/CustomClocks2/solution1/.autopilot/db/custom2.sdaccel.xml -verbose -f -sdaccel 
Execute       gen_tb_info custom2 -o /home/shubham/HLS_Exercises/CustomClocks2/solution1/.autopilot/db/custom2 -p /home/shubham/HLS_Exercises/CustomClocks2/solution1/.autopilot/db 
Execute       report -model custom2 -o /home/shubham/HLS_Exercises/CustomClocks2/solution1/syn/report/custom2_csynth.rpt -f 
Execute       report -model custom2 -o /home/shubham/HLS_Exercises/CustomClocks2/solution1/syn/report/custom2_csynth.xml -f -x 
Execute       report -model custom2 -o /home/shubham/HLS_Exercises/CustomClocks2/solution1/.autopilot/db/custom2.verbose.rpt -verbose -f 
Execute       db_write -model custom2 -o /home/shubham/HLS_Exercises/CustomClocks2/solution1/.autopilot/db/custom2.adb -f 
Execute       sc_get_clocks custom2 
Execute       get_config_export -vivado_clock 
Execute       sc_get_portdomain custom2 
INFO-FLOW: Model list for RTL component generation: custom2
INFO-FLOW: Handling components in module [custom2] ... 
Execute       source /home/shubham/HLS_Exercises/CustomClocks2/solution1/.autopilot/db/custom2.compgen.tcl 
INFO-FLOW: Append model custom2
INFO-FLOW: Generating RTL model list ...
INFO-FLOW: All models in this session: first_counter_increment first_counter custom2
INFO-FLOW: To file: write model first_counter_increment
INFO-FLOW: To file: write model first_counter
INFO-FLOW: To file: write model custom2
INFO-FLOW: Finished generating RTL model list.


INFO-FLOW: RTL Generation done.
INFO-FLOW: CAS Generation done.
INFO-FLOW: CBC Generation done.
INFO-FLOW: DBG:CMD: auto_generate_csynth_design
INFO-FLOW: DBG:CMD:     auto_generate --sim-model -phase csynth_design -d /home/shubham/HLS_Exercises/CustomClocks2/solution1
Execute       source /home/shubham/HLS_Exercises/CustomClocks2/solution1/.autopilot/db/global.setting.tcl 
INFO-FLOW: DBG:CMD: read_platform_lib /home/shubham/HLS_Exercises/CustomClocks2/solution1/.autopilot/db/global.setting.tcl
Execute       source /home/shubham/Xilinx2018.3/Vivado/2018.3/common/technology/generic/autopilot/common.gen 
Execute         source /home/shubham/Xilinx2018.3/Vivado/2018.3/common/technology/generic/autopilot/APCoreGen.gen 
Execute       source /home/shubham/Xilinx2018.3/Vivado/2018.3/common/technology/generic/autopilot/op.gen 
Execute       source /home/shubham/Xilinx2018.3/Vivado/2018.3/common/technology/generic/autopilot/op_simcore.gen 
Execute       source /home/shubham/Xilinx2018.3/Vivado/2018.3/common/technology/generic/autopilot/interface.gen 
Execute       source /home/shubham/HLS_Exercises/CustomClocks2/solution1/.autopilot/db/global.setting.tcl 
Execute       source /home/shubham/Xilinx2018.3/Vivado/2018.3/common/technology/xilinx/zynquplus/zynquplus.gen 
Execute         source /home/shubham/Xilinx2018.3/Vivado/2018.3/common/technology/xilinx/common/virtex.gen 
Execute           source /home/shubham/Xilinx2018.3/Vivado/2018.3/common/technology/xilinx/common/xilinx.gen 
Execute             source /home/shubham/Xilinx2018.3/Vivado/2018.3/common/technology/xilinx/interface/plb46.gen 
Execute             source /home/shubham/Xilinx2018.3/Vivado/2018.3/common/technology/xilinx/interface/fsl.gen 
Execute             source /home/shubham/Xilinx2018.3/Vivado/2018.3/common/technology/xilinx/interface/axi4.gen 
Execute             source /home/shubham/Xilinx2018.3/Vivado/2018.3/common/technology/xilinx/interface/nativeAXI4.gen 
Execute               source /home/shubham/Xilinx2018.3/Vivado/2018.3/common/technology/xilinx/interface/saxilite.gen 
Execute               source /home/shubham/Xilinx2018.3/Vivado/2018.3/common/technology/xilinx/interface/maxi.gen 
Execute             source /home/shubham/Xilinx2018.3/Vivado/2018.3/common/technology/xilinx/scripts/xilinxcoregen.gen 
Execute             source /home/shubham/Xilinx2018.3/Vivado/2018.3/common/technology/xilinx/interface/XilEDKCoreGen.gen 
Execute             source /home/shubham/Xilinx2018.3/Vivado/2018.3/common/technology/xilinx/ip/dds_compiler.gen 
Execute             source /home/shubham/Xilinx2018.3/Vivado/2018.3/common/technology/xilinx/ip/util.gen 
Execute             source /home/shubham/Xilinx2018.3/Vivado/2018.3/common/technology/xilinx/ip/xfft.gen 
Execute             source /home/shubham/Xilinx2018.3/Vivado/2018.3/common/technology/xilinx/ip/xfir.gen 
Command           ap_source done; 0.13 sec.
Execute           source /home/shubham/Xilinx2018.3/Vivado/2018.3/common/technology/xilinx/common/dsp48.gen 
Command         ap_source done; 0.13 sec.
Command       ap_source done; 0.13 sec.
Execute       source /home/shubham/Xilinx2018.3/Vivado/2018.3/common/technology/xilinx/zynquplus/zynquplus_fpv7.gen 
Execute         source /home/shubham/Xilinx2018.3/Vivado/2018.3/common/technology/xilinx/common/xilinx_fpv6.gen 
INFO-FLOW: DBG:CMD:   using AESL_AUTOCG::g_clock_period=10.000 (was NA)
INFO-FLOW: DBG:CMD:       generate_ip_cores sim=1 export=0 expOnly=0 dstVlogDir=syn/verilog
Execute       source /home/shubham/HLS_Exercises/CustomClocks2/solution1/.autopilot/db/global.setting.tcl 
Execute       source /home/shubham/HLS_Exercises/CustomClocks2/solution1/.autopilot/db/global.setting.tcl 
Execute       source /home/shubham/HLS_Exercises/CustomClocks2/solution1/.autopilot/db/global.setting.tcl 
Execute       source /home/shubham/HLS_Exercises/CustomClocks2/solution1/.autopilot/db/first_counter_increment.compgen.tcl 
Execute       source /home/shubham/HLS_Exercises/CustomClocks2/solution1/.autopilot/db/first_counter.compgen.tcl 
Execute       source /home/shubham/HLS_Exercises/CustomClocks2/solution1/.autopilot/db/custom2.compgen.tcl 
INFO-FLOW: DBG:CMD:     auto_generate -export -impltomg_flag -rtl both -tool Vivado -pcore_version 1.00.a -phase csynth_design -d /home/shubham/HLS_Exercises/CustomClocks2/solution1
Execute       source /home/shubham/HLS_Exercises/CustomClocks2/solution1/.autopilot/db/global.setting.tcl 
INFO-FLOW: DBG:CMD: read_platform_lib /home/shubham/HLS_Exercises/CustomClocks2/solution1/.autopilot/db/global.setting.tcl
Execute       source /home/shubham/Xilinx2018.3/Vivado/2018.3/common/technology/generic/autopilot/common.gen 
Execute         source /home/shubham/Xilinx2018.3/Vivado/2018.3/common/technology/generic/autopilot/APCoreGen.gen 
Execute       source /home/shubham/Xilinx2018.3/Vivado/2018.3/common/technology/generic/autopilot/op.gen 
Execute       source /home/shubham/Xilinx2018.3/Vivado/2018.3/common/technology/generic/autopilot/op_simcore.gen 
Execute       source /home/shubham/Xilinx2018.3/Vivado/2018.3/common/technology/generic/autopilot/interface.gen 
Execute       source /home/shubham/HLS_Exercises/CustomClocks2/solution1/.autopilot/db/global.setting.tcl 
Execute       source /home/shubham/Xilinx2018.3/Vivado/2018.3/common/technology/xilinx/zynquplus/zynquplus.gen 
Execute         source /home/shubham/Xilinx2018.3/Vivado/2018.3/common/technology/xilinx/common/virtex.gen 
Execute           source /home/shubham/Xilinx2018.3/Vivado/2018.3/common/technology/xilinx/common/xilinx.gen 
Execute             source /home/shubham/Xilinx2018.3/Vivado/2018.3/common/technology/xilinx/interface/plb46.gen 
Execute             source /home/shubham/Xilinx2018.3/Vivado/2018.3/common/technology/xilinx/interface/fsl.gen 
Execute             source /home/shubham/Xilinx2018.3/Vivado/2018.3/common/technology/xilinx/interface/axi4.gen 
Execute             source /home/shubham/Xilinx2018.3/Vivado/2018.3/common/technology/xilinx/interface/nativeAXI4.gen 
Execute               source /home/shubham/Xilinx2018.3/Vivado/2018.3/common/technology/xilinx/interface/saxilite.gen 
Execute               source /home/shubham/Xilinx2018.3/Vivado/2018.3/common/technology/xilinx/interface/maxi.gen 
Execute             source /home/shubham/Xilinx2018.3/Vivado/2018.3/common/technology/xilinx/scripts/xilinxcoregen.gen 
Execute             source /home/shubham/Xilinx2018.3/Vivado/2018.3/common/technology/xilinx/interface/XilEDKCoreGen.gen 
Execute             source /home/shubham/Xilinx2018.3/Vivado/2018.3/common/technology/xilinx/ip/dds_compiler.gen 
Execute             source /home/shubham/Xilinx2018.3/Vivado/2018.3/common/technology/xilinx/ip/util.gen 
Execute             source /home/shubham/Xilinx2018.3/Vivado/2018.3/common/technology/xilinx/ip/xfft.gen 
Execute             source /home/shubham/Xilinx2018.3/Vivado/2018.3/common/technology/xilinx/ip/xfir.gen 
Execute           source /home/shubham/Xilinx2018.3/Vivado/2018.3/common/technology/xilinx/common/dsp48.gen 
Execute       source /home/shubham/Xilinx2018.3/Vivado/2018.3/common/technology/xilinx/zynquplus/zynquplus_fpv7.gen 
Execute         source /home/shubham/Xilinx2018.3/Vivado/2018.3/common/technology/xilinx/common/xilinx_fpv6.gen 
INFO-FLOW: DBG:CMD:       initCTypeInfo top_module=custom2 xml_exists=0
Execute       source /home/shubham/HLS_Exercises/CustomClocks2/solution1/.autopilot/db/custom2.rtl_wrap.cfg.tcl 
Execute       source /home/shubham/HLS_Exercises/CustomClocks2/solution1/.autopilot/db/custom2.rtl_wrap.cfg.tcl 
Execute       source /home/shubham/HLS_Exercises/CustomClocks2/solution1/.autopilot/db/custom2.rtl_wrap.cfg.tcl 
Execute       source /home/shubham/HLS_Exercises/CustomClocks2/solution1/.autopilot/db/custom2.tbgen.tcl 
Execute       source /home/shubham/HLS_Exercises/CustomClocks2/solution1/.autopilot/db/custom2.tbgen.tcl 
INFO-FLOW: DBG:CMD:         dump_ctype_info_xml failed
INFO-FLOW: DBG:CMD:       export_impl_rtl
INFO-FLOW: DBG:CMD:       generate_ip_cores sim=0 export=0 expOnly=0 dstVlogDir=impl/.verilog
Execute       source /home/shubham/HLS_Exercises/CustomClocks2/solution1/.autopilot/db/global.setting.tcl 
Execute       source /home/shubham/HLS_Exercises/CustomClocks2/solution1/.autopilot/db/first_counter_increment.compgen.tcl 
Execute       source /home/shubham/HLS_Exercises/CustomClocks2/solution1/.autopilot/db/first_counter.compgen.tcl 
Execute       source /home/shubham/HLS_Exercises/CustomClocks2/solution1/.autopilot/db/custom2.compgen.tcl 
INFO-FLOW: DBG:CMD:       generate_ip_cores sim=0 export=1 expOnly=1 dstVlogDir=impl/.pcores/verilog
Execute       source /home/shubham/HLS_Exercises/CustomClocks2/solution1/.autopilot/db/global.setting.tcl 
Execute       source /home/shubham/HLS_Exercises/CustomClocks2/solution1/.autopilot/db/first_counter_increment.compgen.tcl 
Execute       source /home/shubham/HLS_Exercises/CustomClocks2/solution1/.autopilot/db/first_counter.compgen.tcl 
Execute       source /home/shubham/HLS_Exercises/CustomClocks2/solution1/.autopilot/db/custom2.compgen.tcl 
INFO-FLOW: DBG:CMD:       generate_ip_cores sim=0 export=0 expOnly=0 dstVlogDir=impl/.pcores/verilog_sim
Execute       source /home/shubham/HLS_Exercises/CustomClocks2/solution1/.autopilot/db/global.setting.tcl 
Execute       source /home/shubham/HLS_Exercises/CustomClocks2/solution1/.autopilot/db/first_counter_increment.compgen.tcl 
Execute       source /home/shubham/HLS_Exercises/CustomClocks2/solution1/.autopilot/db/first_counter.compgen.tcl 
Execute       source /home/shubham/HLS_Exercises/CustomClocks2/solution1/.autopilot/db/custom2.compgen.tcl 
Execute       source /home/shubham/HLS_Exercises/CustomClocks2/solution1/.autopilot/db/global.setting.tcl 
Execute       source /home/shubham/HLS_Exercises/CustomClocks2/solution1/.autopilot/db/custom2.constraint.tcl 
INFO-FLOW: DBG:CMD:       hasPcoreIpAdapter=false #gSsdmPorts=0
INFO-FLOW: DBG:CMD:       prepArgInfo -> loadAnalyze_DB top_module=custom2
Execute       source /home/shubham/HLS_Exercises/CustomClocks2/solution1/.autopilot/db/custom2.rtl_wrap.cfg.tcl 
Execute       source /home/shubham/HLS_Exercises/CustomClocks2/solution1/.autopilot/db/custom2.rtl_wrap.cfg.tcl 
Execute       source /home/shubham/HLS_Exercises/CustomClocks2/solution1/.autopilot/db/custom2.rtl_wrap.cfg.tcl 
Execute       source /home/shubham/HLS_Exercises/CustomClocks2/solution1/.autopilot/db/custom2.tbgen.tcl 
Execute       source /home/shubham/HLS_Exercises/CustomClocks2/solution1/.autopilot/db/custom2.tbgen.tcl 
INFO-FLOW: DBG:CMD:       generate_json is_phase_csynth=1 g_has_adaptors=false generate_bd_files=0 #modelList=3 #gSsdmPorts=0
Execute       source /home/shubham/HLS_Exercises/CustomClocks2/solution1/.autopilot/db/global.setting.tcl 
Execute       source /home/shubham/HLS_Exercises/CustomClocks2/solution1/.autopilot/db/global.setting.tcl 
INFO-FLOW: DBG:CMD:       initCTypeInfo top_module=custom2 xml_exists=0
Execute       source /home/shubham/HLS_Exercises/CustomClocks2/solution1/.autopilot/db/custom2.rtl_wrap.cfg.tcl 
Execute       source /home/shubham/HLS_Exercises/CustomClocks2/solution1/.autopilot/db/custom2.rtl_wrap.cfg.tcl 
Execute       source /home/shubham/HLS_Exercises/CustomClocks2/solution1/.autopilot/db/custom2.rtl_wrap.cfg.tcl 
Execute       source /home/shubham/HLS_Exercises/CustomClocks2/solution1/.autopilot/db/custom2.tbgen.tcl 
Execute       source /home/shubham/HLS_Exercises/CustomClocks2/solution1/.autopilot/db/custom2.tbgen.tcl 
INFO-FLOW: DBG:CMD:         dump_ctype_info_xml failed
INFO-FLOW: DBG:CMD:       initCTypeInfo top_module=custom2 xml_exists=0
Execute       source /home/shubham/HLS_Exercises/CustomClocks2/solution1/.autopilot/db/custom2.rtl_wrap.cfg.tcl 
Execute       source /home/shubham/HLS_Exercises/CustomClocks2/solution1/.autopilot/db/custom2.rtl_wrap.cfg.tcl 
Execute       source /home/shubham/HLS_Exercises/CustomClocks2/solution1/.autopilot/db/custom2.rtl_wrap.cfg.tcl 
Execute       source /home/shubham/HLS_Exercises/CustomClocks2/solution1/.autopilot/db/custom2.tbgen.tcl 
Execute       source /home/shubham/HLS_Exercises/CustomClocks2/solution1/.autopilot/db/custom2.tbgen.tcl 
INFO-FLOW: DBG:CMD:         dump_ctype_info_xml failed
INFO-FLOW: DBG:CMD:       initCTypeInfo top_module=custom2 xml_exists=0
Execute       source /home/shubham/HLS_Exercises/CustomClocks2/solution1/.autopilot/db/custom2.rtl_wrap.cfg.tcl 
Execute       source /home/shubham/HLS_Exercises/CustomClocks2/solution1/.autopilot/db/custom2.rtl_wrap.cfg.tcl 
Execute       source /home/shubham/HLS_Exercises/CustomClocks2/solution1/.autopilot/db/custom2.rtl_wrap.cfg.tcl 
Execute       source /home/shubham/HLS_Exercises/CustomClocks2/solution1/.autopilot/db/custom2.tbgen.tcl 
Execute       source /home/shubham/HLS_Exercises/CustomClocks2/solution1/.autopilot/db/custom2.tbgen.tcl 
INFO-FLOW: DBG:CMD:         dump_ctype_info_xml failed
Execute       source /home/shubham/HLS_Exercises/CustomClocks2/solution1/.autopilot/db/custom2.tbgen.tcl 
Execute       source /home/shubham/HLS_Exercises/CustomClocks2/solution1/.autopilot/db/custom2.tbgen.tcl 
Execute       source /home/shubham/HLS_Exercises/CustomClocks2/solution1/.autopilot/db/global.setting.tcl 
Execute       get_config_sdx -target 
Execute       get_config_export -xo 
Execute       source /home/shubham/HLS_Exercises/CustomClocks2/solution1/.autopilot/db/global.setting.tcl 
Execute       source /home/shubham/HLS_Exercises/CustomClocks2/solution1/.autopilot/db/custom2.constraint.tcl 
Execute       sc_get_clocks custom2 
Execute       source /home/shubham/HLS_Exercises/CustomClocks2/solution1/.autopilot/db/global.setting.tcl 
Execute       get_config_sdx -target 
Execute       get_config_sdx -profile 
Execute       ::config_rtl 
INFO-FLOW: DBG:CMD: add_json_sdx_info kernel file does not exist: /home/shubham/HLS_Exercises/CustomClocks2/solution1/.autopilot/db/kernel.internal.xml
INFO-FLOW: DBG:CMD:       delete-temp-dirs (skipped for debug)
INFO: [HLS 200-111] Finished generating all RTL models Time (s): cpu = 00:00:56 ; elapsed = 00:00:24 . Memory (MB): peak = 565.867 ; gain = 128.000 ; free physical = 591 ; free virtual = 5220
INFO: [SYSC 207-301] Generating SystemC RTL for custom2.
INFO: [VHDL 208-304] Generating VHDL RTL for custom2.
INFO: [VLOG 209-307] Generating Verilog RTL for custom2.
Command     autosyn done; 0.89 sec.
Execute     get_part 
Execute     get_config_export -sdx_tcl 
Command   csynth_design done; 23.23 sec.
Command ap_source done; 23.42 sec.
Execute cleanup_all 
