

================================================================
== Vivado HLS Report for 'first_counter'
================================================================
* Date:           Tue Jan 28 15:33:11 2020

* Version:        2018.3 (Build 2405991 on Thu Dec 06 23:56:15 MST 2018)
* Project:        CustomClocks2
* Solution:       solution1
* Product family: zynquplus
* Target device:  xczu9eg-ffvb1156-2-e


================================================================
== Performance Estimates
================================================================
+ Timing (ns): 
    * Summary: 
    +--------+-------+----------+------------+
    |  Clock | Target| Estimated| Uncertainty|
    +--------+-------+----------+------------+
    |ap_clk  |  10.00|     0.797|        1.25|
    +--------+-------+----------+------------+

+ Latency (clock cycles): 
    * Summary: 
    +-----+-----+-----+-----+---------+
    |  Latency  |  Interval | Pipeline|
    | min | max | min | max |   Type  |
    +-----+-----+-----+-----+---------+
    |    0|    3|    0|    3|   none  |
    +-----+-----+-----+-----+---------+

    + Detail: 
        * Instance: 
        +-----------------------------------+-------------------------+-----+-----+-----+-----+---------+
        |                                   |                         |  Latency  |  Interval | Pipeline|
        |              Instance             |          Module         | min | max | min | max |   Type  |
        +-----------------------------------+-------------------------+-----+-----+-----+-----+---------+
        |grp_first_counter_increment_fu_50  |first_counter_increment  |    2|    2|    2|    2|   none  |
        +-----------------------------------+-------------------------+-----+-----+-----+-----+---------+

        * Loop: 
        N/A



================================================================
== Utilization Estimates
================================================================
* Summary: 
+-----------------+---------+-------+--------+--------+-----+
|       Name      | BRAM_18K| DSP48E|   FF   |   LUT  | URAM|
+-----------------+---------+-------+--------+--------+-----+
|DSP              |        -|      -|       -|       -|    -|
|Expression       |        -|      -|       -|       -|    -|
|FIFO             |        -|      -|       -|       -|    -|
|Instance         |        -|      -|       2|      21|    -|
|Memory           |        -|      -|       -|       -|    -|
|Multiplexer      |        -|      -|       -|       -|    -|
|Register         |        -|      -|       8|       -|    -|
+-----------------+---------+-------+--------+--------+-----+
|Total            |        0|      0|      10|      21|    0|
+-----------------+---------+-------+--------+--------+-----+
|Available        |     1824|   2520|  548160|  274080|    0|
+-----------------+---------+-------+--------+--------+-----+
|Utilization (%)  |        0|      0|   ~0   |   ~0   |    0|
+-----------------+---------+-------+--------+--------+-----+

+ Detail: 
    * Instance: 
    +-----------------------------------+-------------------------+---------+-------+---+----+
    |              Instance             |          Module         | BRAM_18K| DSP48E| FF| LUT|
    +-----------------------------------+-------------------------+---------+-------+---+----+
    |grp_first_counter_increment_fu_50  |first_counter_increment  |        0|      0|  2|  21|
    +-----------------------------------+-------------------------+---------+-------+---+----+
    |Total                              |                         |        0|      0|  2|  21|
    +-----------------------------------+-------------------------+---------+-------+---+----+

    * DSP48: 
    N/A

    * Memory: 
    N/A

    * FIFO: 
    N/A

    * Expression: 
    N/A

    * Multiplexer: 
    N/A

    * Register: 
    +-----------------------+---+----+-----+-----------+
    |          Name         | FF| LUT| Bits| Const Bits|
    +-----------------------+---+----+-----+-----------+
    |first_counter_count_V  |  4|   0|    4|          0|
    |out_counter            |  4|   0|    4|          0|
    +-----------------------+---+----+-----+-----------+
    |Total                  |  8|   0|    8|          0|
    +-----------------------+---+----+-----+-----------+



================================================================
== Interface
================================================================
* Summary: 
+-------------+-----+-----+------------+--------------------------------+--------------+
|  RTL Ports  | Dir | Bits|  Protocol  |          Source Object         |    C Type    |
+-------------+-----+-----+------------+--------------------------------+--------------+
|clock        |  in |    1| ap_ctrl_hs | first_counter::first_counter.1 | return value |
|reset        |  in |    1| ap_ctrl_hs | first_counter::first_counter.1 | return value |
|enable       |  in |    1|   ap_none  |             enable             |    pointer   |
|out_counter  | out |    4|   ap_vld   |           out_counter          |    pointer   |
+-------------+-----+-----+------------+--------------------------------+--------------+

============================================================
+ Verbose Summary: Synthesis Manager
============================================================
InlineROM: 1
ExposeGlobal: 0
============================================================
+ Verbose Summary: CDFG Model
============================================================
IsTopModel: 1
ResetActiveHigh: 1
IsCombinational: 2
IsDatapathOnly: 0
HasWiredReturn: 1
HasMFsm: 0
HasVarLatency: 1
IsPipeline: 0
IsRtlPipelined: 0
IsInstanceOverlapped: 0
IsDontTouch: 0
HasImplIP: 0
IsGatedGlobalClock: 0


============================================================
+ Verbose Summary: Schedule
============================================================
* Number of FSM states : 2
* Pipeline : 0
* Dataflow Pipeline: 0

* FSM state transitions: 
1 --> 
	2  / (first_counter_ssd)
2 --> 

* FSM state operations: 

State 1 <SV = 0> <Delay = 0.79>
ST_1 : Operation 3 [1/1] (0.00ns)   --->   "call void (...)* @_ssdm_op_SpecBitsMap(i1* %clock), !map !187"   --->   Operation 3 'specbitsmap' <Predicate = true> <Delay = 0.00>
ST_1 : Operation 4 [1/1] (0.00ns)   --->   "call void (...)* @_ssdm_op_SpecBitsMap(i1* %reset), !map !191"   --->   Operation 4 'specbitsmap' <Predicate = true> <Delay = 0.00>
ST_1 : Operation 5 [1/1] (0.00ns)   --->   "call void (...)* @_ssdm_op_SpecBitsMap(i1* %enable), !map !195"   --->   Operation 5 'specbitsmap' <Predicate = true> <Delay = 0.00>
ST_1 : Operation 6 [1/1] (0.00ns)   --->   "call void (...)* @_ssdm_op_SpecBitsMap(i4* %out_counter), !map !199"   --->   Operation 6 'specbitsmap' <Predicate = true> <Delay = 0.00>
ST_1 : Operation 7 [1/1] (0.00ns)   --->   "call void (...)* @_ssdm_op_SpecBitsMap(i4* %first_counter_count_V), !map !203"   --->   Operation 7 'specbitsmap' <Predicate = true> <Delay = 0.00>
ST_1 : Operation 8 [1/1] (0.00ns)   --->   "call void (...)* @_ssdm_op_SpecTopModule([14 x i8]* @p_str17, [14 x i8]* @p_str17) nounwind" [/home/shubham/HLS_Exercises/CustomClocks2/counter1.h:40]   --->   Operation 8 'spectopmodule' <Predicate = true> <Delay = 0.00>
ST_1 : Operation 9 [1/1] (0.00ns)   --->   "%first_counter_ssd = load i1* @first_counter_ssdm_thread_M_increment, align 1" [/home/shubham/HLS_Exercises/CustomClocks2/counter1.h:41]   --->   Operation 9 'load' 'first_counter_ssd' <Predicate = true> <Delay = 0.00>
ST_1 : Operation 10 [1/1] (0.00ns)   --->   "br i1 %first_counter_ssd, label %1, label %2" [/home/shubham/HLS_Exercises/CustomClocks2/counter1.h:41]   --->   Operation 10 'br' <Predicate = true> <Delay = 0.00>
ST_1 : Operation 11 [1/1] (0.00ns)   --->   "call void (...)* @_ssdm_op_SpecProcessDecl([14 x i8]* @p_str17, i32 2, [10 x i8]* @p_str18) nounwind" [/home/shubham/HLS_Exercises/CustomClocks2/counter1.h:41]   --->   Operation 11 'specprocessdecl' <Predicate = (!first_counter_ssd)> <Delay = 0.00>
ST_1 : Operation 12 [1/1] (0.00ns)   --->   "call void (...)* @_ssdm_op_SpecSensitive([10 x i8]* @p_str18, [6 x i8]* @p_str19, i1* %clock, i32 1) nounwind" [/home/shubham/HLS_Exercises/CustomClocks2/counter1.h:42]   --->   Operation 12 'specsensitive' <Predicate = (!first_counter_ssd)> <Delay = 0.00>
ST_1 : Operation 13 [1/1] (0.00ns)   --->   "call void (...)* @_ssdm_op_SpecSensitive([10 x i8]* @p_str18, [6 x i8]* @p_str9, i1* %reset, i32 3) nounwind" [/home/shubham/HLS_Exercises/CustomClocks2/counter1.h:43]   --->   Operation 13 'specsensitive' <Predicate = (!first_counter_ssd)> <Delay = 0.00>
ST_1 : Operation 14 [1/1] (0.00ns)   --->   "call void (...)* @_ssdm_op_SpecPort([14 x i8]* @p_str17, i32 3, [5 x i8]* @p_str20, [6 x i8]* @p_str19, i32 0, i32 0, i1* %clock) nounwind" [/home/shubham/HLS_Exercises/CustomClocks2/counter1.h:44]   --->   Operation 14 'specport' <Predicate = (!first_counter_ssd)> <Delay = 0.00>
ST_1 : Operation 15 [1/1] (0.00ns)   --->   "call void (...)* @_ssdm_op_SpecPort([14 x i8]* @p_str17, i32 0, [7 x i8]* @p_str6, [6 x i8]* @p_str9, i32 0, i32 0, i1* %reset) nounwind" [/home/shubham/HLS_Exercises/CustomClocks2/counter1.h:45]   --->   Operation 15 'specport' <Predicate = (!first_counter_ssd)> <Delay = 0.00>
ST_1 : Operation 16 [1/1] (0.00ns)   --->   "call void (...)* @_ssdm_op_SpecPort([14 x i8]* @p_str17, i32 0, [7 x i8]* @p_str6, [7 x i8]* @p_str10, i32 0, i32 0, i1* %enable) nounwind" [/home/shubham/HLS_Exercises/CustomClocks2/counter1.h:46]   --->   Operation 16 'specport' <Predicate = (!first_counter_ssd)> <Delay = 0.00>
ST_1 : Operation 17 [1/1] (0.00ns)   --->   "call void (...)* @_ssdm_op_SpecPort([14 x i8]* @p_str17, i32 1, [13 x i8]* @p_str11, [12 x i8]* @p_str21, i32 0, i32 0, i4* %out_counter) nounwind" [/home/shubham/HLS_Exercises/CustomClocks2/counter1.h:47]   --->   Operation 17 'specport' <Predicate = (!first_counter_ssd)> <Delay = 0.00>
ST_1 : Operation 18 [1/1] (0.00ns)   --->   "ret void" [/home/shubham/HLS_Exercises/CustomClocks2/counter1.h:49]   --->   Operation 18 'ret' <Predicate = (!first_counter_ssd)> <Delay = 0.00>
ST_1 : Operation 19 [2/2] (0.79ns)   --->   "call void @"first_counter::increment"(i1* %clock, i1* %reset, i1* %enable, i4* %out_counter, i4* %first_counter_count_V)" [/home/shubham/HLS_Exercises/CustomClocks2/counter1.h:41]   --->   Operation 19 'call' <Predicate = (first_counter_ssd)> <Delay = 0.79> <CoreType = "Generic">   --->   Core 0 '' <Latency = 0> <II = 1> <Delay = 1.00> <Generic> <Opcode : >

State 2 <SV = 1> <Delay = 0.79>
ST_2 : Operation 20 [1/2] (0.79ns)   --->   "call void @"first_counter::increment"(i1* %clock, i1* %reset, i1* %enable, i4* %out_counter, i4* %first_counter_count_V)" [/home/shubham/HLS_Exercises/CustomClocks2/counter1.h:41]   --->   Operation 20 'call' <Predicate = true> <Delay = 0.79> <CoreType = "Generic">   --->   Core 0 '' <Latency = 0> <II = 1> <Delay = 1.00> <Generic> <Opcode : >
ST_2 : Operation 21 [1/1] (0.00ns)   --->   "unreachable"   --->   Operation 21 'unreachable' <Predicate = true> <Delay = 0.00>


============================================================
+ Verbose Summary: Binding
============================================================
STG Binding: 
---------------- STG Properties BEGIN ----------------
- Is combinational: 0
- Is one-state seq: 0
- Is datapath-only: 0
- Is pipelined: 0
- Is top level: 1
Port [ Return ] is wired: 1; IO mode=ap_ctrl_hs:ce=0
Port [ clock]:  wired=1; compound=0; hidden=0; nouse=1; global=0; static=0; extern=0; dir=0; type=0; pingpong=0; private_global=0; IO mode=ap_none:ce=0
Port [ reset]:  wired=1; compound=0; hidden=0; nouse=1; global=0; static=0; extern=0; dir=0; type=0; pingpong=0; private_global=0; IO mode=ap_none:ce=0
Port [ enable]:  wired=1; compound=0; hidden=0; nouse=0; global=0; static=0; extern=0; dir=0; type=0; pingpong=0; private_global=0; IO mode=ap_none:ce=0
Port [ out_counter]:  wired=1; compound=0; hidden=0; nouse=0; global=0; static=0; extern=0; dir=1; type=0; pingpong=0; private_global=0; IO mode=ap_vld:ce=0
Port [ first_counter_count_V]:  wired=1; compound=0; hidden=1; nouse=0; global=0; static=0; extern=0; dir=2; type=0; pingpong=0; private_global=0; IO mode=ap_ovld:ce=0
Port [ first_counter_ssdm_thread_M_increment]:  wired=0; compound=0; hidden=1; nouse=0; global=1; static=0; extern=1; dir=0; type=0; pingpong=0; private_global=1; linkage=0; visibility=0; IO mode=ap_none:ce=0
---------------- STG Properties END ------------------

---------------- Datapath Model BEGIN ----------------

<LifeTime>
<method=bitvector/>
StgValue_3        (specbitsmap    ) [ 000]
StgValue_4        (specbitsmap    ) [ 000]
StgValue_5        (specbitsmap    ) [ 000]
StgValue_6        (specbitsmap    ) [ 000]
StgValue_7        (specbitsmap    ) [ 000]
StgValue_8        (spectopmodule  ) [ 000]
first_counter_ssd (load           ) [ 010]
StgValue_10       (br             ) [ 000]
StgValue_11       (specprocessdecl) [ 000]
StgValue_12       (specsensitive  ) [ 000]
StgValue_13       (specsensitive  ) [ 000]
StgValue_14       (specport       ) [ 000]
StgValue_15       (specport       ) [ 000]
StgValue_16       (specport       ) [ 000]
StgValue_17       (specport       ) [ 000]
StgValue_18       (ret            ) [ 000]
StgValue_20       (call           ) [ 000]
StgValue_21       (unreachable    ) [ 000]
</LifeTime>

<model>

<comp_list>
<comp id="0" class="1000" name="clock">
<pin_list>
<pin id="1" dir="1" index="0" bw="1" slack="0"/>
</pin_list>
<bind>
<StgValue><ssdm name="clock"/></StgValue>
</bind>
</comp>

<comp id="2" class="1000" name="reset">
<pin_list>
<pin id="3" dir="1" index="0" bw="1" slack="0"/>
</pin_list>
<bind>
<StgValue><ssdm name="reset"/></StgValue>
</bind>
</comp>

<comp id="4" class="1000" name="enable">
<pin_list>
<pin id="5" dir="1" index="0" bw="1" slack="0"/>
</pin_list>
<bind>
<StgValue><ssdm name="enable"/></StgValue>
</bind>
</comp>

<comp id="6" class="1000" name="out_counter">
<pin_list>
<pin id="7" dir="1" index="0" bw="1" slack="0"/>
</pin_list>
<bind>
<StgValue><ssdm name="out_counter"/></StgValue>
</bind>
</comp>

<comp id="8" class="1000" name="first_counter_count_V">
<pin_list>
<pin id="9" dir="1" index="0" bw="1" slack="0"/>
</pin_list>
<bind>
<StgValue><ssdm name="first_counter_count_V"/></StgValue>
</bind>
</comp>

<comp id="10" class="1000" name="first_counter_ssdm_thread_M_increment">
<pin_list>
<pin id="11" dir="1" index="0" bw="1" slack="0"/>
</pin_list>
<bind>
<StgValue><ssdm name="first_counter_ssdm_thread_M_increment"/></StgValue>
</bind>
</comp>

<comp id="12" class="1001" name="const_12">
<pin_list>
<pin id="13" dir="1" index="0" bw="1" slack="2147483647"/>
</pin_list>
<bind>
<StgValue><ssdm name="_ssdm_op_SpecBitsMap"/></StgValue>
</bind>
</comp>

<comp id="14" class="1001" name="const_14">
<pin_list>
<pin id="15" dir="1" index="0" bw="1" slack="2147483647"/>
</pin_list>
<bind>
<StgValue><ssdm name="_ssdm_op_SpecTopModule"/></StgValue>
</bind>
</comp>

<comp id="16" class="1001" name="const_16">
<pin_list>
<pin id="17" dir="1" index="0" bw="1" slack="2147483647"/>
</pin_list>
<bind>
<StgValue><ssdm name="p_str17"/></StgValue>
</bind>
</comp>

<comp id="18" class="1001" name="const_18">
<pin_list>
<pin id="19" dir="1" index="0" bw="1" slack="2147483647"/>
</pin_list>
<bind>
<StgValue><ssdm name="_ssdm_op_SpecProcessDecl"/></StgValue>
</bind>
</comp>

<comp id="20" class="1001" name="const_20">
<pin_list>
<pin id="21" dir="1" index="0" bw="1" slack="2147483647"/>
</pin_list>
<bind>
<StgValue><ssdm name=""/></StgValue>
</bind>
</comp>

<comp id="22" class="1001" name="const_22">
<pin_list>
<pin id="23" dir="1" index="0" bw="1" slack="2147483647"/>
</pin_list>
<bind>
<StgValue><ssdm name="p_str18"/></StgValue>
</bind>
</comp>

<comp id="24" class="1001" name="const_24">
<pin_list>
<pin id="25" dir="1" index="0" bw="1" slack="2147483647"/>
</pin_list>
<bind>
<StgValue><ssdm name="_ssdm_op_SpecSensitive"/></StgValue>
</bind>
</comp>

<comp id="26" class="1001" name="const_26">
<pin_list>
<pin id="27" dir="1" index="0" bw="1" slack="2147483647"/>
</pin_list>
<bind>
<StgValue><ssdm name="p_str19"/></StgValue>
</bind>
</comp>

<comp id="28" class="1001" name="const_28">
<pin_list>
<pin id="29" dir="1" index="0" bw="1" slack="2147483647"/>
</pin_list>
<bind>
<StgValue><ssdm name=""/></StgValue>
</bind>
</comp>

<comp id="30" class="1001" name="const_30">
<pin_list>
<pin id="31" dir="1" index="0" bw="1" slack="2147483647"/>
</pin_list>
<bind>
<StgValue><ssdm name="p_str9"/></StgValue>
</bind>
</comp>

<comp id="32" class="1001" name="const_32">
<pin_list>
<pin id="33" dir="1" index="0" bw="1" slack="2147483647"/>
</pin_list>
<bind>
<StgValue><ssdm name=""/></StgValue>
</bind>
</comp>

<comp id="34" class="1001" name="const_34">
<pin_list>
<pin id="35" dir="1" index="0" bw="1" slack="2147483647"/>
</pin_list>
<bind>
<StgValue><ssdm name="_ssdm_op_SpecPort"/></StgValue>
</bind>
</comp>

<comp id="36" class="1001" name="const_36">
<pin_list>
<pin id="37" dir="1" index="0" bw="1" slack="2147483647"/>
</pin_list>
<bind>
<StgValue><ssdm name="p_str20"/></StgValue>
</bind>
</comp>

<comp id="38" class="1001" name="const_38">
<pin_list>
<pin id="39" dir="1" index="0" bw="1" slack="2147483647"/>
</pin_list>
<bind>
<StgValue><ssdm name=""/></StgValue>
</bind>
</comp>

<comp id="40" class="1001" name="const_40">
<pin_list>
<pin id="41" dir="1" index="0" bw="1" slack="2147483647"/>
</pin_list>
<bind>
<StgValue><ssdm name="p_str6"/></StgValue>
</bind>
</comp>

<comp id="42" class="1001" name="const_42">
<pin_list>
<pin id="43" dir="1" index="0" bw="1" slack="2147483647"/>
</pin_list>
<bind>
<StgValue><ssdm name="p_str10"/></StgValue>
</bind>
</comp>

<comp id="44" class="1001" name="const_44">
<pin_list>
<pin id="45" dir="1" index="0" bw="1" slack="2147483647"/>
</pin_list>
<bind>
<StgValue><ssdm name="p_str11"/></StgValue>
</bind>
</comp>

<comp id="46" class="1001" name="const_46">
<pin_list>
<pin id="47" dir="1" index="0" bw="1" slack="2147483647"/>
</pin_list>
<bind>
<StgValue><ssdm name="p_str21"/></StgValue>
</bind>
</comp>

<comp id="48" class="1001" name="const_48">
<pin_list>
<pin id="49" dir="1" index="0" bw="1" slack="0"/>
</pin_list>
<bind>
<StgValue><ssdm name="first_counter::increment"/></StgValue>
</bind>
</comp>

<comp id="50" class="1004" name="grp_first_counter_increment_fu_50">
<pin_list>
<pin id="51" dir="0" index="0" bw="0" slack="0"/>
<pin id="52" dir="0" index="1" bw="1" slack="0"/>
<pin id="53" dir="0" index="2" bw="1" slack="0"/>
<pin id="54" dir="0" index="3" bw="1" slack="0"/>
<pin id="55" dir="0" index="4" bw="4" slack="0"/>
<pin id="56" dir="0" index="5" bw="4" slack="0"/>
<pin id="57" dir="1" index="6" bw="0" slack="2147483647"/>
</pin_list>
<bind>
<opcode="call(48) " fcode="call"/>
<opset="StgValue_19/1 "/>
</bind>
</comp>

<comp id="64" class="1004" name="first_counter_ssd_load_fu_64">
<pin_list>
<pin id="65" dir="0" index="0" bw="1" slack="0"/>
<pin id="66" dir="1" index="1" bw="1" slack="2147483647"/>
</pin_list>
<bind>
<opcode="load(27) " fcode="load"/>
<opset="first_counter_ssd/1 "/>
</bind>
</comp>

</comp_list>

<net_list>
<net id="58"><net_src comp="48" pin="0"/><net_sink comp="50" pin=0"/></net>

<net id="59"><net_src comp="0" pin="0"/><net_sink comp="50" pin=1"/></net>

<net id="60"><net_src comp="2" pin="0"/><net_sink comp="50" pin=2"/></net>

<net id="61"><net_src comp="4" pin="0"/><net_sink comp="50" pin=3"/></net>

<net id="62"><net_src comp="6" pin="0"/><net_sink comp="50" pin=4"/></net>

<net id="63"><net_src comp="8" pin="0"/><net_sink comp="50" pin=5"/></net>

<net id="67"><net_src comp="10" pin="0"/><net_sink comp="64" pin=0"/></net>

</net_list>

</model> 
---------------- Datapath Model END ------------------

* FSMD analyzer results:
  - Output states:
	Port: out_counter | {1 2 }
	Port: first_counter_count_V | {1 2 }
 - Input state : 
	Port: first_counter::first_counter.1 : enable | {1 2 }
	Port: first_counter::first_counter.1 : first_counter_count_V | {1 2 }
	Port: first_counter::first_counter.1 : first_counter_ssdm_thread_M_increment | {1 }
  - Chain level:
	State 1
		StgValue_10 : 1
	State 2


============================================================
+ Verbose Summary: Datapath Resource usage 
============================================================

* Functional unit list:
|----------|-----------------------------------|---------|---------|
| Operation|          Functional Unit          |    FF   |   LUT   |
|----------|-----------------------------------|---------|---------|
|   call   | grp_first_counter_increment_fu_50 |    0    |    12   |
|----------|-----------------------------------|---------|---------|
|   Total  |                                   |    0    |    12   |
|----------|-----------------------------------|---------|---------|

Memories:
N/A

* Register list:
N/A

* Multiplexer (MUX) list: 
|--------|------|------|------|--------|
|  Comp  |  Pin | Size |  BW  | S x BW |
|--------|------|------|------|--------|
|  Total |      |      |      |    0   |
|--------|------|------|------|--------|



* Summary:
+-----------+--------+--------+
|           |   FF   |   LUT  |
+-----------+--------+--------+
|  Function |    0   |   12   |
|   Memory  |    -   |    -   |
|Multiplexer|    -   |    -   |
|  Register |    -   |    -   |
+-----------+--------+--------+
|   Total   |    0   |   12   |
+-----------+--------+--------+
