

================================================================
== Vivado HLS Report for 'datag'
================================================================
* Date:           Sat Feb 22 17:22:00 2020

* Version:        2018.3 (Build 2405991 on Thu Dec 06 23:56:15 MST 2018)
* Project:        DataCPP
* Solution:       solution1
* Product family: zynquplus
* Target device:  xczu9eg-ffvb1156-2-i


================================================================
== Performance Estimates
================================================================
+ Timing (ns): 
    * Summary: 
    +--------+-------+----------+------------+
    |  Clock | Target| Estimated| Uncertainty|
    +--------+-------+----------+------------+
    |ap_clk  |  10.00|     0.000|        1.25|
    +--------+-------+----------+------------+

+ Latency (clock cycles): 
    * Summary: 
    +-----+-----+-----+-----+---------+
    |  Latency  |  Interval | Pipeline|
    | min | max | min | max |   Type  |
    +-----+-----+-----+-----+---------+
    |    1|    1|    1|    1|   none  |
    +-----+-----+-----+-----+---------+

    + Detail: 
        * Instance: 
        N/A

        * Loop: 
        N/A

============================================================
+ Verbose Summary: Synthesis Manager
============================================================
InlineROM: 1
ExposeGlobal: 0
============================================================
+ Verbose Summary: CDFG Model
============================================================
IsTopModel: 1
ResetActiveHigh: 1
IsCombinational: 0
IsDatapathOnly: 0
HasWiredReturn: 1
HasMFsm: 0
HasVarLatency: 1
IsPipeline: 0
IsRtlPipelined: 0
IsInstanceOverlapped: 0
IsDontTouch: 0
HasImplIP: 0
IsGatedGlobalClock: 0


============================================================
+ Verbose Summary: Schedule
============================================================
* Number of FSM states : 2
* Pipeline : 0
* Dataflow Pipeline: 0

* FSM state transitions: 
1 --> 
	2  / true
2 --> 

* FSM state operations: 

State 1 <SV = 0> <Delay = 0.00>
ST_1 : Operation 3 [2/2] (0.00ns)   --->   "call void @_ssdm_op_Write.axis.volatile.i32P(i32* %control_V, i32 0)" [/home/shubham/HLS_Exercises/DataCPP/DataCPP.h:40]   --->   Operation 3 'write' <Predicate = true> <Delay = 0.00> <Core = "AXI4Stream">   --->   Core 5 'AXI4Stream' <Latency = 0> <II = 1> <Delay = 1.00> <Adapter> <Opcode : >
ST_1 : Operation 4 [2/2] (0.00ns)   --->   "call void @_ssdm_op_Write.axis.volatile.i8P.i1P(i8* %din_words_V_data_V, i1* %din_words_V_tlast, i8 5, i1 true)" [/home/shubham/HLS_Exercises/DataCPP/DataCPP.h:41]   --->   Operation 4 'write' <Predicate = true> <Delay = 0.00> <Core = "AXI4Stream">   --->   Core 5 'AXI4Stream' <Latency = 0> <II = 1> <Delay = 1.00> <Adapter> <Opcode : >
ST_1 : Operation 5 [2/2] (0.00ns)   --->   "call void @_ssdm_op_Write.axis.volatile.i8P.i1P(i8* %dout_words_V_data_V, i1* %dout_words_V_tlast, i8 16, i1 true)" [/home/shubham/HLS_Exercises/DataCPP/DataCPP.h:42]   --->   Operation 5 'write' <Predicate = true> <Delay = 0.00> <Core = "AXI4Stream">   --->   Core 5 'AXI4Stream' <Latency = 0> <II = 1> <Delay = 1.00> <Adapter> <Opcode : >
ST_1 : Operation 6 [2/2] (0.00ns)   --->   "call void @_ssdm_op_Write.axis.volatile.i128P.i1P(i128* %din_V_data_V, i1* %din_V_tlast, i128 1056268458614, i1 true)" [/home/shubham/HLS_Exercises/DataCPP/DataCPP.h:58]   --->   Operation 6 'write' <Predicate = true> <Delay = 0.00> <Core = "AXI4Stream">   --->   Core 5 'AXI4Stream' <Latency = 0> <II = 1> <Delay = 1.00> <Adapter> <Opcode : >

State 2 <SV = 1> <Delay = 0.00>
ST_2 : Operation 7 [1/1] (0.00ns)   --->   "call void (...)* @_ssdm_op_SpecBitsMap(i128* %din_V_data_V), !map !42"   --->   Operation 7 'specbitsmap' <Predicate = true> <Delay = 0.00>
ST_2 : Operation 8 [1/1] (0.00ns)   --->   "call void (...)* @_ssdm_op_SpecBitsMap(i1* %din_V_tlast), !map !46"   --->   Operation 8 'specbitsmap' <Predicate = true> <Delay = 0.00>
ST_2 : Operation 9 [1/1] (0.00ns)   --->   "call void (...)* @_ssdm_op_SpecBitsMap(i32* %control_V), !map !50"   --->   Operation 9 'specbitsmap' <Predicate = true> <Delay = 0.00>
ST_2 : Operation 10 [1/1] (0.00ns)   --->   "call void (...)* @_ssdm_op_SpecBitsMap(i8* %din_words_V_data_V), !map !54"   --->   Operation 10 'specbitsmap' <Predicate = true> <Delay = 0.00>
ST_2 : Operation 11 [1/1] (0.00ns)   --->   "call void (...)* @_ssdm_op_SpecBitsMap(i1* %din_words_V_tlast), !map !58"   --->   Operation 11 'specbitsmap' <Predicate = true> <Delay = 0.00>
ST_2 : Operation 12 [1/1] (0.00ns)   --->   "call void (...)* @_ssdm_op_SpecBitsMap(i8* %dout_words_V_data_V), !map !62"   --->   Operation 12 'specbitsmap' <Predicate = true> <Delay = 0.00>
ST_2 : Operation 13 [1/1] (0.00ns)   --->   "call void (...)* @_ssdm_op_SpecBitsMap(i1* %dout_words_V_tlast), !map !66"   --->   Operation 13 'specbitsmap' <Predicate = true> <Delay = 0.00>
ST_2 : Operation 14 [1/1] (0.00ns)   --->   "call void (...)* @_ssdm_op_SpecTopModule([6 x i8]* @datag_str) nounwind"   --->   Operation 14 'spectopmodule' <Predicate = true> <Delay = 0.00>
ST_2 : Operation 15 [1/1] (0.00ns)   --->   "call void (...)* @_ssdm_op_SpecInterface(i8* %dout_words_V_data_V, i1* %dout_words_V_tlast, [5 x i8]* @p_str, i32 1, i32 1, [5 x i8]* @p_str1, i32 0, i32 0, [1 x i8]* @p_str2, [1 x i8]* @p_str2, [1 x i8]* @p_str2, i32 0, i32 0, i32 0, i32 0, [1 x i8]* @p_str2, [1 x i8]* @p_str2) nounwind" [/home/shubham/HLS_Exercises/DataCPP/DataCPP.h:27]   --->   Operation 15 'specinterface' <Predicate = true> <Delay = 0.00>
ST_2 : Operation 16 [1/1] (0.00ns)   --->   "call void (...)* @_ssdm_op_SpecInterface(i8* %din_words_V_data_V, i1* %din_words_V_tlast, [5 x i8]* @p_str, i32 1, i32 1, [5 x i8]* @p_str1, i32 0, i32 0, [1 x i8]* @p_str2, [1 x i8]* @p_str2, [1 x i8]* @p_str2, i32 0, i32 0, i32 0, i32 0, [1 x i8]* @p_str2, [1 x i8]* @p_str2) nounwind" [/home/shubham/HLS_Exercises/DataCPP/DataCPP.h:28]   --->   Operation 16 'specinterface' <Predicate = true> <Delay = 0.00>
ST_2 : Operation 17 [1/1] (0.00ns)   --->   "call void (...)* @_ssdm_op_SpecInterface(i32* %control_V, [5 x i8]* @p_str, i32 1, i32 1, [5 x i8]* @p_str1, i32 0, i32 0, [1 x i8]* @p_str2, [1 x i8]* @p_str2, [1 x i8]* @p_str2, i32 0, i32 0, i32 0, i32 0, [1 x i8]* @p_str2, [1 x i8]* @p_str2) nounwind" [/home/shubham/HLS_Exercises/DataCPP/DataCPP.h:29]   --->   Operation 17 'specinterface' <Predicate = true> <Delay = 0.00>
ST_2 : Operation 18 [1/1] (0.00ns)   --->   "call void (...)* @_ssdm_op_SpecInterface(i128* %din_V_data_V, i1* %din_V_tlast, [5 x i8]* @p_str, i32 1, i32 1, [5 x i8]* @p_str1, i32 0, i32 0, [1 x i8]* @p_str2, [1 x i8]* @p_str2, [1 x i8]* @p_str2, i32 0, i32 0, i32 0, i32 0, [1 x i8]* @p_str2, [1 x i8]* @p_str2) nounwind" [/home/shubham/HLS_Exercises/DataCPP/DataCPP.h:30]   --->   Operation 18 'specinterface' <Predicate = true> <Delay = 0.00>
ST_2 : Operation 19 [1/2] (0.00ns)   --->   "call void @_ssdm_op_Write.axis.volatile.i32P(i32* %control_V, i32 0)" [/home/shubham/HLS_Exercises/DataCPP/DataCPP.h:40]   --->   Operation 19 'write' <Predicate = true> <Delay = 0.00> <Core = "AXI4Stream">   --->   Core 5 'AXI4Stream' <Latency = 0> <II = 1> <Delay = 1.00> <Adapter> <Opcode : >
ST_2 : Operation 20 [1/2] (0.00ns)   --->   "call void @_ssdm_op_Write.axis.volatile.i8P.i1P(i8* %din_words_V_data_V, i1* %din_words_V_tlast, i8 5, i1 true)" [/home/shubham/HLS_Exercises/DataCPP/DataCPP.h:41]   --->   Operation 20 'write' <Predicate = true> <Delay = 0.00> <Core = "AXI4Stream">   --->   Core 5 'AXI4Stream' <Latency = 0> <II = 1> <Delay = 1.00> <Adapter> <Opcode : >
ST_2 : Operation 21 [1/2] (0.00ns)   --->   "call void @_ssdm_op_Write.axis.volatile.i8P.i1P(i8* %dout_words_V_data_V, i1* %dout_words_V_tlast, i8 16, i1 true)" [/home/shubham/HLS_Exercises/DataCPP/DataCPP.h:42]   --->   Operation 21 'write' <Predicate = true> <Delay = 0.00> <Core = "AXI4Stream">   --->   Core 5 'AXI4Stream' <Latency = 0> <II = 1> <Delay = 1.00> <Adapter> <Opcode : >
ST_2 : Operation 22 [1/2] (0.00ns)   --->   "call void @_ssdm_op_Write.axis.volatile.i128P.i1P(i128* %din_V_data_V, i1* %din_V_tlast, i128 1056268458614, i1 true)" [/home/shubham/HLS_Exercises/DataCPP/DataCPP.h:58]   --->   Operation 22 'write' <Predicate = true> <Delay = 0.00> <Core = "AXI4Stream">   --->   Core 5 'AXI4Stream' <Latency = 0> <II = 1> <Delay = 1.00> <Adapter> <Opcode : >
ST_2 : Operation 23 [1/1] (0.00ns)   --->   "ret void" [/home/shubham/HLS_Exercises/DataCPP/DataCPP.h:59]   --->   Operation 23 'ret' <Predicate = true> <Delay = 0.00>


============================================================
+ Verbose Summary: Binding
============================================================
STG Binding: 
---------------- STG Properties BEGIN ----------------
- Is combinational: 0
- Is one-state seq: 0
- Is datapath-only: 0
- Is pipelined: 0
- Is top level: 1
Port [ Return ] is wired: 1; IO mode=ap_ctrl_hs:ce=0
Port [ din_V_data_V]:  wired=1; compound=1; hidden=0; nouse=0; global=0; static=0; extern=0; dir=1; type=0; pingpong=0; private_global=0; IO mode=axis:ce=0
Port [ din_V_tlast]:  wired=1; compound=1; hidden=0; nouse=0; global=0; static=0; extern=0; dir=1; type=0; pingpong=0; private_global=0; IO mode=axis:ce=0
Port [ control_V]:  wired=1; compound=1; hidden=0; nouse=0; global=0; static=0; extern=0; dir=1; type=0; pingpong=0; private_global=0; IO mode=axis:ce=0
Port [ din_words_V_data_V]:  wired=1; compound=1; hidden=0; nouse=0; global=0; static=0; extern=0; dir=1; type=0; pingpong=0; private_global=0; IO mode=axis:ce=0
Port [ din_words_V_tlast]:  wired=1; compound=1; hidden=0; nouse=0; global=0; static=0; extern=0; dir=1; type=0; pingpong=0; private_global=0; IO mode=axis:ce=0
Port [ dout_words_V_data_V]:  wired=1; compound=1; hidden=0; nouse=0; global=0; static=0; extern=0; dir=1; type=0; pingpong=0; private_global=0; IO mode=axis:ce=0
Port [ dout_words_V_tlast]:  wired=1; compound=1; hidden=0; nouse=0; global=0; static=0; extern=0; dir=1; type=0; pingpong=0; private_global=0; IO mode=axis:ce=0
---------------- STG Properties END ------------------

---------------- Datapath Model BEGIN ----------------

<LifeTime>
<method=bitvector/>
StgValue_7  (specbitsmap  ) [ 000]
StgValue_8  (specbitsmap  ) [ 000]
StgValue_9  (specbitsmap  ) [ 000]
StgValue_10 (specbitsmap  ) [ 000]
StgValue_11 (specbitsmap  ) [ 000]
StgValue_12 (specbitsmap  ) [ 000]
StgValue_13 (specbitsmap  ) [ 000]
StgValue_14 (spectopmodule) [ 000]
StgValue_15 (specinterface) [ 000]
StgValue_16 (specinterface) [ 000]
StgValue_17 (specinterface) [ 000]
StgValue_18 (specinterface) [ 000]
StgValue_19 (write        ) [ 000]
StgValue_20 (write        ) [ 000]
StgValue_21 (write        ) [ 000]
StgValue_22 (write        ) [ 000]
StgValue_23 (ret          ) [ 000]
</LifeTime>

<model>

<comp_list>
<comp id="0" class="1000" name="din_V_data_V">
<pin_list>
<pin id="1" dir="1" index="0" bw="1" slack="0"/>
</pin_list>
<bind>
<StgValue><ssdm name="din_V_data_V"/></StgValue>
</bind>
</comp>

<comp id="2" class="1000" name="din_V_tlast">
<pin_list>
<pin id="3" dir="1" index="0" bw="1" slack="0"/>
</pin_list>
<bind>
<StgValue><ssdm name="din_V_tlast"/></StgValue>
</bind>
</comp>

<comp id="4" class="1000" name="control_V">
<pin_list>
<pin id="5" dir="1" index="0" bw="1" slack="0"/>
</pin_list>
<bind>
<StgValue><ssdm name="control_V"/></StgValue>
</bind>
</comp>

<comp id="6" class="1000" name="din_words_V_data_V">
<pin_list>
<pin id="7" dir="1" index="0" bw="1" slack="0"/>
</pin_list>
<bind>
<StgValue><ssdm name="din_words_V_data_V"/></StgValue>
</bind>
</comp>

<comp id="8" class="1000" name="din_words_V_tlast">
<pin_list>
<pin id="9" dir="1" index="0" bw="1" slack="0"/>
</pin_list>
<bind>
<StgValue><ssdm name="din_words_V_tlast"/></StgValue>
</bind>
</comp>

<comp id="10" class="1000" name="dout_words_V_data_V">
<pin_list>
<pin id="11" dir="1" index="0" bw="1" slack="0"/>
</pin_list>
<bind>
<StgValue><ssdm name="dout_words_V_data_V"/></StgValue>
</bind>
</comp>

<comp id="12" class="1000" name="dout_words_V_tlast">
<pin_list>
<pin id="13" dir="1" index="0" bw="1" slack="0"/>
</pin_list>
<bind>
<StgValue><ssdm name="dout_words_V_tlast"/></StgValue>
</bind>
</comp>

<comp id="14" class="1001" name="const_14">
<pin_list>
<pin id="15" dir="1" index="0" bw="1" slack="0"/>
</pin_list>
<bind>
<StgValue><ssdm name="_ssdm_op_Write.axis.volatile.i32P"/></StgValue>
</bind>
</comp>

<comp id="16" class="1001" name="const_16">
<pin_list>
<pin id="17" dir="1" index="0" bw="1" slack="0"/>
</pin_list>
<bind>
<StgValue><ssdm name=""/></StgValue>
</bind>
</comp>

<comp id="18" class="1001" name="const_18">
<pin_list>
<pin id="19" dir="1" index="0" bw="1" slack="0"/>
</pin_list>
<bind>
<StgValue><ssdm name="_ssdm_op_Write.axis.volatile.i8P.i1P"/></StgValue>
</bind>
</comp>

<comp id="20" class="1001" name="const_20">
<pin_list>
<pin id="21" dir="1" index="0" bw="1" slack="0"/>
</pin_list>
<bind>
<StgValue><ssdm name=""/></StgValue>
</bind>
</comp>

<comp id="22" class="1001" name="const_22">
<pin_list>
<pin id="23" dir="1" index="0" bw="1" slack="0"/>
</pin_list>
<bind>
<StgValue><ssdm name=""/></StgValue>
</bind>
</comp>

<comp id="24" class="1001" name="const_24">
<pin_list>
<pin id="25" dir="1" index="0" bw="1" slack="0"/>
</pin_list>
<bind>
<StgValue><ssdm name=""/></StgValue>
</bind>
</comp>

<comp id="26" class="1001" name="const_26">
<pin_list>
<pin id="27" dir="1" index="0" bw="1" slack="0"/>
</pin_list>
<bind>
<StgValue><ssdm name="_ssdm_op_Write.axis.volatile.i128P.i1P"/></StgValue>
</bind>
</comp>

<comp id="28" class="1001" name="const_28">
<pin_list>
<pin id="29" dir="1" index="0" bw="1" slack="0"/>
</pin_list>
<bind>
<StgValue><ssdm name=""/></StgValue>
</bind>
</comp>

<comp id="30" class="1001" name="const_30">
<pin_list>
<pin id="31" dir="1" index="0" bw="1" slack="2147483647"/>
</pin_list>
<bind>
<StgValue><ssdm name="_ssdm_op_SpecBitsMap"/></StgValue>
</bind>
</comp>

<comp id="32" class="1001" name="const_32">
<pin_list>
<pin id="33" dir="1" index="0" bw="1" slack="2147483647"/>
</pin_list>
<bind>
<StgValue><ssdm name="_ssdm_op_SpecTopModule"/></StgValue>
</bind>
</comp>

<comp id="34" class="1001" name="const_34">
<pin_list>
<pin id="35" dir="1" index="0" bw="1" slack="2147483647"/>
</pin_list>
<bind>
<StgValue><ssdm name="datag_str"/></StgValue>
</bind>
</comp>

<comp id="36" class="1001" name="const_36">
<pin_list>
<pin id="37" dir="1" index="0" bw="1" slack="2147483647"/>
</pin_list>
<bind>
<StgValue><ssdm name="_ssdm_op_SpecInterface"/></StgValue>
</bind>
</comp>

<comp id="38" class="1001" name="const_38">
<pin_list>
<pin id="39" dir="1" index="0" bw="1" slack="2147483647"/>
</pin_list>
<bind>
<StgValue><ssdm name="p_str"/></StgValue>
</bind>
</comp>

<comp id="40" class="1001" name="const_40">
<pin_list>
<pin id="41" dir="1" index="0" bw="1" slack="2147483647"/>
</pin_list>
<bind>
<StgValue><ssdm name=""/></StgValue>
</bind>
</comp>

<comp id="42" class="1001" name="const_42">
<pin_list>
<pin id="43" dir="1" index="0" bw="1" slack="2147483647"/>
</pin_list>
<bind>
<StgValue><ssdm name="p_str1"/></StgValue>
</bind>
</comp>

<comp id="44" class="1001" name="const_44">
<pin_list>
<pin id="45" dir="1" index="0" bw="1" slack="2147483647"/>
</pin_list>
<bind>
<StgValue><ssdm name="p_str2"/></StgValue>
</bind>
</comp>

<comp id="46" class="1004" name="grp_write_fu_46">
<pin_list>
<pin id="47" dir="0" index="0" bw="0" slack="0"/>
<pin id="48" dir="0" index="1" bw="32" slack="0"/>
<pin id="49" dir="0" index="2" bw="1" slack="0"/>
<pin id="50" dir="1" index="3" bw="0" slack="2147483647"/>
</pin_list>
<bind>
<opcode="write(1151) " fcode="write"/>
<opset="StgValue_3/1 "/>
</bind>
</comp>

<comp id="54" class="1004" name="grp_write_fu_54">
<pin_list>
<pin id="55" dir="0" index="0" bw="0" slack="0"/>
<pin id="56" dir="0" index="1" bw="8" slack="0"/>
<pin id="57" dir="0" index="2" bw="1" slack="0"/>
<pin id="58" dir="0" index="3" bw="4" slack="0"/>
<pin id="59" dir="0" index="4" bw="1" slack="0"/>
<pin id="60" dir="1" index="5" bw="0" slack="2147483647"/>
</pin_list>
<bind>
<opcode="write(1151) " fcode="write"/>
<opset="StgValue_4/1 "/>
</bind>
</comp>

<comp id="66" class="1004" name="grp_write_fu_66">
<pin_list>
<pin id="67" dir="0" index="0" bw="0" slack="0"/>
<pin id="68" dir="0" index="1" bw="8" slack="0"/>
<pin id="69" dir="0" index="2" bw="1" slack="0"/>
<pin id="70" dir="0" index="3" bw="6" slack="0"/>
<pin id="71" dir="0" index="4" bw="1" slack="0"/>
<pin id="72" dir="1" index="5" bw="0" slack="2147483647"/>
</pin_list>
<bind>
<opcode="write(1151) " fcode="write"/>
<opset="StgValue_5/1 "/>
</bind>
</comp>

<comp id="78" class="1004" name="grp_write_fu_78">
<pin_list>
<pin id="79" dir="0" index="0" bw="0" slack="0"/>
<pin id="80" dir="0" index="1" bw="128" slack="0"/>
<pin id="81" dir="0" index="2" bw="1" slack="0"/>
<pin id="82" dir="0" index="3" bw="41" slack="0"/>
<pin id="83" dir="0" index="4" bw="1" slack="0"/>
<pin id="84" dir="1" index="5" bw="0" slack="2147483647"/>
</pin_list>
<bind>
<opcode="write(1151) " fcode="write"/>
<opset="StgValue_6/1 "/>
</bind>
</comp>

</comp_list>

<net_list>
<net id="51"><net_src comp="14" pin="0"/><net_sink comp="46" pin=0"/></net>

<net id="52"><net_src comp="4" pin="0"/><net_sink comp="46" pin=1"/></net>

<net id="53"><net_src comp="16" pin="0"/><net_sink comp="46" pin=2"/></net>

<net id="61"><net_src comp="18" pin="0"/><net_sink comp="54" pin=0"/></net>

<net id="62"><net_src comp="6" pin="0"/><net_sink comp="54" pin=1"/></net>

<net id="63"><net_src comp="8" pin="0"/><net_sink comp="54" pin=2"/></net>

<net id="64"><net_src comp="20" pin="0"/><net_sink comp="54" pin=3"/></net>

<net id="65"><net_src comp="22" pin="0"/><net_sink comp="54" pin=4"/></net>

<net id="73"><net_src comp="18" pin="0"/><net_sink comp="66" pin=0"/></net>

<net id="74"><net_src comp="10" pin="0"/><net_sink comp="66" pin=1"/></net>

<net id="75"><net_src comp="12" pin="0"/><net_sink comp="66" pin=2"/></net>

<net id="76"><net_src comp="24" pin="0"/><net_sink comp="66" pin=3"/></net>

<net id="77"><net_src comp="22" pin="0"/><net_sink comp="66" pin=4"/></net>

<net id="85"><net_src comp="26" pin="0"/><net_sink comp="78" pin=0"/></net>

<net id="86"><net_src comp="0" pin="0"/><net_sink comp="78" pin=1"/></net>

<net id="87"><net_src comp="2" pin="0"/><net_sink comp="78" pin=2"/></net>

<net id="88"><net_src comp="28" pin="0"/><net_sink comp="78" pin=3"/></net>

<net id="89"><net_src comp="22" pin="0"/><net_sink comp="78" pin=4"/></net>

</net_list>

</model> 
---------------- Datapath Model END ------------------

* FSMD analyzer results:
  - Output states:
	Port: din_V_data_V | {2 }
	Port: din_V_tlast | {2 }
	Port: control_V | {2 }
	Port: din_words_V_data_V | {2 }
	Port: din_words_V_tlast | {2 }
	Port: dout_words_V_data_V | {2 }
	Port: dout_words_V_tlast | {2 }
 - Input state : 
  - Chain level:
	State 1
	State 2


============================================================
+ Verbose Summary: Datapath Resource usage 
============================================================

* Functional unit list:
|----------|-----------------|
| Operation| Functional Unit |
|----------|-----------------|
|          | grp_write_fu_46 |
|   write  | grp_write_fu_54 |
|          | grp_write_fu_66 |
|          | grp_write_fu_78 |
|----------|-----------------|
|   Total  |                 |
|----------|-----------------|

Memories:
N/A

* Register list:
N/A

* Multiplexer (MUX) list: 
|--------|------|------|------|--------|
|  Comp  |  Pin | Size |  BW  | S x BW |
|--------|------|------|------|--------|
|  Total |      |      |      |    0   |
|--------|------|------|------|--------|



* Summary:
+-----------+
|           |
+-----------+
|  Function |
|   Memory  |
|Multiplexer|
|  Register |
+-----------+
|   Total   |
+-----------+
