#
# An unexpected error has occurred (6)
#
Stack:
/lib/x86_64-linux-gnu/libc.so.6(+0x3ef20) [0x7f191123bf20]
/lib/x86_64-linux-gnu/libc.so.6(gsignal+0xc7) [0x7f191123be97]
/lib/x86_64-linux-gnu/libc.so.6(abort+0x141) [0x7f191123d801]
/home/shubham/Xilinx2018.3/Vivado/2018.3/lib/lnx64.o/libtcl8.5.so(Tcl_PanicVA+0x10e) [0x7f190cada9ae]
/home/shubham/Xilinx2018.3/Vivado/2018.3/lib/lnx64.o/libtcl8.5.so(Tcl_Panic+0x8c) [0x7f190cadaabc]
/home/shubham/Xilinx2018.3/Vivado/2018.3/lib/lnx64.o/libtcl8.5.so(Tcl_SetObjLength+0x146) [0x7f190caed316]
/home/shubham/Xilinx2018.3/Vivado/2018.3/lib/lnx64.o/libtcl8.5.so(+0x8a0d0) [0x7f190caba0d0]
/home/shubham/Xilinx2018.3/Vivado/2018.3/lib/lnx64.o/libtcl8.5.so(Tcl_GetsObj+0x13d) [0x7f190cabcfcd]
/home/shubham/Xilinx2018.3/Vivado/2018.3/lib/lnx64.o/libtcl8.5.so(+0x928f5) [0x7f190cac28f5]
/home/shubham/Xilinx2018.3/Vivado/2018.3/lib/lnx64.o/libtcl8.5.so(+0x334af) [0x7f190ca634af]
/home/shubham/Xilinx2018.3/Vivado/2018.3/lib/lnx64.o/libtcl8.5.so(+0x76875) [0x7f190caa6875]
/home/shubham/Xilinx2018.3/Vivado/2018.3/lib/lnx64.o/libtcl8.5.so(TclObjInterpProcCore+0x420) [0x7f190cae7df0]
/home/shubham/Xilinx2018.3/Vivado/2018.3/lib/lnx64.o/libtcl8.5.so(+0x334af) [0x7f190ca634af]
/home/shubham/Xilinx2018.3/Vivado/2018.3/lib/lnx64.o/libtcl8.5.so(+0x76875) [0x7f190caa6875]
/home/shubham/Xilinx2018.3/Vivado/2018.3/lib/lnx64.o/libtcl8.5.so(TclObjInterpProcCore+0x420) [0x7f190cae7df0]
/home/shubham/Xilinx2018.3/Vivado/2018.3/lib/lnx64.o/libtcl8.5.so(+0x334af) [0x7f190ca634af]
/home/shubham/Xilinx2018.3/Vivado/2018.3/lib/lnx64.o/libtcl8.5.so(+0x76875) [0x7f190caa6875]
/home/shubham/Xilinx2018.3/Vivado/2018.3/lib/lnx64.o/libtcl8.5.so(+0x7e029) [0x7f190caae029]
/home/shubham/Xilinx2018.3/Vivado/2018.3/lib/lnx64.o/libtcl8.5.so(TclEvalObjEx+0x76) [0x7f190ca65156]
/home/shubham/Xilinx2018.3/Vivado/2018.3/lib/lnx64.o/librdi_commontasks.so(+0x1d9887) [0x7f1901dd0887]
/home/shubham/Xilinx2018.3/Vivado/2018.3/lib/lnx64.o/libtcl8.5.so(+0x334af) [0x7f190ca634af]
/home/shubham/Xilinx2018.3/Vivado/2018.3/lib/lnx64.o/libtcl8.5.so(+0x76875) [0x7f190caa6875]
/home/shubham/Xilinx2018.3/Vivado/2018.3/lib/lnx64.o/libtcl8.5.so(TclObjInterpProcCore+0x420) [0x7f190cae7df0]
/home/shubham/Xilinx2018.3/Vivado/2018.3/lib/lnx64.o/libtcl8.5.so(+0x334af) [0x7f190ca634af]
/home/shubham/Xilinx2018.3/Vivado/2018.3/lib/lnx64.o/libtcl8.5.so(+0x76875) [0x7f190caa6875]
/home/shubham/Xilinx2018.3/Vivado/2018.3/lib/lnx64.o/libtcl8.5.so(+0x7e029) [0x7f190caae029]
/home/shubham/Xilinx2018.3/Vivado/2018.3/lib/lnx64.o/libtcl8.5.so(TclEvalObjEx+0x76) [0x7f190ca65156]
/home/shubham/Xilinx2018.3/Vivado/2018.3/lib/lnx64.o/librdi_commontasks.so(+0x1d9887) [0x7f1901dd0887]
/home/shubham/Xilinx2018.3/Vivado/2018.3/lib/lnx64.o/libtcl8.5.so(+0x334af) [0x7f190ca634af]
/home/shubham/Xilinx2018.3/Vivado/2018.3/lib/lnx64.o/libtcl8.5.so(+0x76875) [0x7f190caa6875]
/home/shubham/Xilinx2018.3/Vivado/2018.3/lib/lnx64.o/libtcl8.5.so(TclObjInterpProcCore+0x420) [0x7f190cae7df0]
/home/shubham/Xilinx2018.3/Vivado/2018.3/lib/lnx64.o/libtcl8.5.so(+0x334af) [0x7f190ca634af]
/home/shubham/Xilinx2018.3/Vivado/2018.3/lib/lnx64.o/libtcl8.5.so(+0x76875) [0x7f190caa6875]
/home/shubham/Xilinx2018.3/Vivado/2018.3/lib/lnx64.o/libtcl8.5.so(+0x7e029) [0x7f190caae029]
/home/shubham/Xilinx2018.3/Vivado/2018.3/lib/lnx64.o/libtcl8.5.so(TclEvalObjEx+0x76) [0x7f190ca65156]
/home/shubham/Xilinx2018.3/Vivado/2018.3/lib/lnx64.o/librdi_commontasks.so(+0x1d9887) [0x7f1901dd0887]
/home/shubham/Xilinx2018.3/Vivado/2018.3/lib/lnx64.o/libtcl8.5.so(+0x334af) [0x7f190ca634af]
/home/shubham/Xilinx2018.3/Vivado/2018.3/lib/lnx64.o/libtcl8.5.so(+0x76875) [0x7f190caa6875]
/home/shubham/Xilinx2018.3/Vivado/2018.3/lib/lnx64.o/libtcl8.5.so(Tcl_ExprObj+0xf8) [0x7f190caadc08]
/home/shubham/Xilinx2018.3/Vivado/2018.3/lib/lnx64.o/libtcl8.5.so(Tcl_ExprBooleanObj+0x16) [0x7f190ca63e96]
/home/shubham/Xilinx2018.3/Vivado/2018.3/lib/lnx64.o/libtcl8.5.so(+0x3e6de) [0x7f190ca6e6de]
/home/shubham/Xilinx2018.3/Vivado/2018.3/lib/lnx64.o/libtcl8.5.so(+0x334af) [0x7f190ca634af]
/home/shubham/Xilinx2018.3/Vivado/2018.3/lib/lnx64.o/libtcl8.5.so(+0x34b38) [0x7f190ca64b38]
/home/shubham/Xilinx2018.3/Vivado/2018.3/lib/lnx64.o/libtcl8.5.so(Tcl_EvalEx+0x13) [0x7f190ca650a3]
/home/shubham/Xilinx2018.3/Vivado/2018.3/lib/lnx64.o/libtcl8.5.so(Tcl_Eval+0x15) [0x7f190ca650c5]
/home/shubham/Xilinx2018.3/Vivado/2018.3/lib/lnx64.o/libhls_main.so(+0x9ed62) [0x7f19015a9d62]
/home/shubham/Xilinx2018.3/Vivado/2018.3/lib/lnx64.o/libhls_support.so(xpcl::TclCommand::callback(int, Tcl_Obj* const*)+0x39e) [0x7f19012d3e0e]
/home/shubham/Xilinx2018.3/Vivado/2018.3/lib/lnx64.o/libhls_support.so(+0x7629b) [0x7f19012d429b]
/home/shubham/Xilinx2018.3/Vivado/2018.3/lib/lnx64.o/libtcl8.5.so(+0x334af) [0x7f190ca634af]
/home/shubham/Xilinx2018.3/Vivado/2018.3/lib/lnx64.o/libtcl8.5.so(+0x34b38) [0x7f190ca64b38]
/home/shubham/Xilinx2018.3/Vivado/2018.3/lib/lnx64.o/libtcl8.5.so(Tcl_EvalEx+0x13) [0x7f190ca650a3]
/home/shubham/Xilinx2018.3/Vivado/2018.3/lib/lnx64.o/libtcl8.5.so(Tcl_FSEvalFileEx+0x1da) [0x7f190cac9c5a]
/home/shubham/Xilinx2018.3/Vivado/2018.3/lib/lnx64.o/libhls_main.so(ApSourceTclFile(std::__cxx11::basic_string<char, std::char_traits<char>, std::allocator<char> > const&, char const*)+0x77) [0x7f190159ed07]
/home/shubham/Xilinx2018.3/Vivado/2018.3/lib/lnx64.o/libhls_main.so(+0x99049) [0x7f19015a4049]
/home/shubham/Xilinx2018.3/Vivado/2018.3/lib/lnx64.o/libhls_support.so(xpcl::TclCommand::callback(int, Tcl_Obj* const*)+0x39e) [0x7f19012d3e0e]
/home/shubham/Xilinx2018.3/Vivado/2018.3/lib/lnx64.o/libhls_support.so(+0x7629b) [0x7f19012d429b]
/home/shubham/Xilinx2018.3/Vivado/2018.3/lib/lnx64.o/libtcl8.5.so(+0x334af) [0x7f190ca634af]
/home/shubham/Xilinx2018.3/Vivado/2018.3/lib/lnx64.o/libtcl8.5.so(Tcl_EvalObjv+0x32) [0x7f190ca635e2]
/home/shubham/Xilinx2018.3/Vivado/2018.3/lib/lnx64.o/libtcl8.5.so(TclEvalObjEx+0x322) [0x7f190ca65402]
/home/shubham/Xilinx2018.3/Vivado/2018.3/lib/lnx64.o/librdi_hlstasks.so(+0xda5a) [0x7f1902a78a5a]
/home/shubham/Xilinx2018.3/Vivado/2018.3/lib/lnx64.o/librdi_common.so(+0x7ef352) [0x7f191257e352]
/home/shubham/Xilinx2018.3/Vivado/2018.3/lib/lnx64.o/libtcl8.5.so(+0x334af) [0x7f190ca634af]
/home/shubham/Xilinx2018.3/Vivado/2018.3/lib/lnx64.o/libtcl8.5.so(+0x34b38) [0x7f190ca64b38]
/home/shubham/Xilinx2018.3/Vivado/2018.3/lib/lnx64.o/libtcl8.5.so(Tcl_EvalEx+0x13) [0x7f190ca650a3]
/home/shubham/Xilinx2018.3/Vivado/2018.3/lib/lnx64.o/libtcl8.5.so(TclEvalObjEx+0x3cf) [0x7f190ca654af]
/home/shubham/Xilinx2018.3/Vivado/2018.3/lib/lnx64.o/libtcl8.5.so(+0xb74a9) [0x7f190cae74a9]
/home/shubham/Xilinx2018.3/Vivado/2018.3/lib/lnx64.o/libtcl8.5.so(+0x334af) [0x7f190ca634af]
/home/shubham/Xilinx2018.3/Vivado/2018.3/lib/lnx64.o/libtcl8.5.so(+0x76875) [0x7f190caa6875]
/home/shubham/Xilinx2018.3/Vivado/2018.3/lib/lnx64.o/libtcl8.5.so(TclObjInterpProcCore+0x420) [0x7f190cae7df0]
/home/shubham/Xilinx2018.3/Vivado/2018.3/lib/lnx64.o/libtcl8.5.so(+0x334af) [0x7f190ca634af]
/home/shubham/Xilinx2018.3/Vivado/2018.3/lib/lnx64.o/libtcl8.5.so(+0x76875) [0x7f190caa6875]
/home/shubham/Xilinx2018.3/Vivado/2018.3/lib/lnx64.o/libtcl8.5.so(+0x7e029) [0x7f190caae029]
/home/shubham/Xilinx2018.3/Vivado/2018.3/lib/lnx64.o/libtcl8.5.so(TclEvalObjEx+0x76) [0x7f190ca65156]
/home/shubham/Xilinx2018.3/Vivado/2018.3/lib/lnx64.o/librdi_commontasks.so(+0x1d9924) [0x7f1901dd0924]
/home/shubham/Xilinx2018.3/Vivado/2018.3/lib/lnx64.o/libtcl8.5.so(+0x334af) [0x7f190ca634af]
/home/shubham/Xilinx2018.3/Vivado/2018.3/lib/lnx64.o/libtcl8.5.so(+0x34b38) [0x7f190ca64b38]
/home/shubham/Xilinx2018.3/Vivado/2018.3/lib/lnx64.o/libtcl8.5.so(+0xad486) [0x7f190cadd486]
/home/shubham/Xilinx2018.3/Vivado/2018.3/lib/lnx64.o/libtcl8.5.so(+0x346c5) [0x7f190ca646c5]
/home/shubham/Xilinx2018.3/Vivado/2018.3/lib/lnx64.o/libtcl8.5.so(Tcl_EvalEx+0x13) [0x7f190ca650a3]
/home/shubham/Xilinx2018.3/Vivado/2018.3/lib/lnx64.o/libtcl8.5.so(Tcl_FSEvalFileEx+0x1da) [0x7f190cac9c5a]
/home/shubham/Xilinx2018.3/Vivado/2018.3/lib/lnx64.o/librdi_commontasks.so(+0x1f6abd) [0x7f1901dedabd]
/home/shubham/Xilinx2018.3/Vivado/2018.3/lib/lnx64.o/librdi_common.so(+0x7ef352) [0x7f191257e352]
/home/shubham/Xilinx2018.3/Vivado/2018.3/lib/lnx64.o/libtcl8.5.so(+0x334af) [0x7f190ca634af]
/home/shubham/Xilinx2018.3/Vivado/2018.3/lib/lnx64.o/libtcl8.5.so(Tcl_EvalObjv+0x32) [0x7f190ca635e2]
/home/shubham/Xilinx2018.3/Vivado/2018.3/lib/lnx64.o/libtcl8.5.so(TclEvalObjEx+0x322) [0x7f190ca65402]
/home/shubham/Xilinx2018.3/Vivado/2018.3/lib/lnx64.o/librdi_commontasks.so(+0x2280ff) [0x7f1901e1f0ff]
/home/shubham/Xilinx2018.3/Vivado/2018.3/lib/lnx64.o/librdi_commontasks.so(+0x2297ce) [0x7f1901e207ce]
/home/shubham/Xilinx2018.3/Vivado/2018.3/lib/lnx64.o/librdi_common.so(+0x7ef352) [0x7f191257e352]
/home/shubham/Xilinx2018.3/Vivado/2018.3/lib/lnx64.o/libtcl8.5.so(+0x334af) [0x7f190ca634af]
/home/shubham/Xilinx2018.3/Vivado/2018.3/lib/lnx64.o/libtcl8.5.so(Tcl_EvalObjv+0x32) [0x7f190ca635e2]
/home/shubham/Xilinx2018.3/Vivado/2018.3/lib/lnx64.o/libtcl8.5.so(TclEvalObjEx+0x322) [0x7f190ca65402]
/home/shubham/Xilinx2018.3/Vivado/2018.3/lib/lnx64.o/librdi_commonmain.so(+0x7414) [0x7f1911b8b414]
/home/shubham/Xilinx2018.3/Vivado/2018.3/lib/lnx64.o/libtcl8.5.so(Tcl_Main+0x1d0) [0x7f190cad0210]
/home/shubham/Xilinx2018.3/Vivado/2018.3/lib/lnx64.o/librdi_common.so(+0x83363b) [0x7f19125c263b]
/lib/x86_64-linux-gnu/libpthread.so.0(+0x76db) [0x7f190a9ee6db]
/lib/x86_64-linux-gnu/libc.so.6(clone+0x3f) [0x7f191131e88f]
