#
# An unexpected error has occurred (6)
#
Stack:
/lib/x86_64-linux-gnu/libc.so.6(+0x3ef20) [0x7f4b5845ff20]
/lib/x86_64-linux-gnu/libc.so.6(gsignal+0xc7) [0x7f4b5845fe97]
/lib/x86_64-linux-gnu/libc.so.6(abort+0x141) [0x7f4b58461801]
/home/shubham/Xilinx2018.3/Vivado/2018.3/lib/lnx64.o/libtcl8.5.so(Tcl_PanicVA+0x10e) [0x7f4b53cfe9ae]
/home/shubham/Xilinx2018.3/Vivado/2018.3/lib/lnx64.o/libtcl8.5.so(Tcl_Panic+0x8c) [0x7f4b53cfeabc]
/home/shubham/Xilinx2018.3/Vivado/2018.3/lib/lnx64.o/libtcl8.5.so(Tcl_SetObjLength+0x146) [0x7f4b53d11316]
/home/shubham/Xilinx2018.3/Vivado/2018.3/lib/lnx64.o/libtcl8.5.so(+0x8a0d0) [0x7f4b53cde0d0]
/home/shubham/Xilinx2018.3/Vivado/2018.3/lib/lnx64.o/libtcl8.5.so(Tcl_GetsObj+0x13d) [0x7f4b53ce0fcd]
/home/shubham/Xilinx2018.3/Vivado/2018.3/lib/lnx64.o/libtcl8.5.so(+0x928f5) [0x7f4b53ce68f5]
/home/shubham/Xilinx2018.3/Vivado/2018.3/lib/lnx64.o/libtcl8.5.so(+0x334af) [0x7f4b53c874af]
/home/shubham/Xilinx2018.3/Vivado/2018.3/lib/lnx64.o/libtcl8.5.so(+0x76875) [0x7f4b53cca875]
/home/shubham/Xilinx2018.3/Vivado/2018.3/lib/lnx64.o/libtcl8.5.so(TclObjInterpProcCore+0x420) [0x7f4b53d0bdf0]
/home/shubham/Xilinx2018.3/Vivado/2018.3/lib/lnx64.o/libtcl8.5.so(+0x334af) [0x7f4b53c874af]
/home/shubham/Xilinx2018.3/Vivado/2018.3/lib/lnx64.o/libtcl8.5.so(+0x76875) [0x7f4b53cca875]
/home/shubham/Xilinx2018.3/Vivado/2018.3/lib/lnx64.o/libtcl8.5.so(TclObjInterpProcCore+0x420) [0x7f4b53d0bdf0]
/home/shubham/Xilinx2018.3/Vivado/2018.3/lib/lnx64.o/libtcl8.5.so(+0x334af) [0x7f4b53c874af]
/home/shubham/Xilinx2018.3/Vivado/2018.3/lib/lnx64.o/libtcl8.5.so(+0x76875) [0x7f4b53cca875]
/home/shubham/Xilinx2018.3/Vivado/2018.3/lib/lnx64.o/libtcl8.5.so(+0x7e029) [0x7f4b53cd2029]
/home/shubham/Xilinx2018.3/Vivado/2018.3/lib/lnx64.o/libtcl8.5.so(TclEvalObjEx+0x76) [0x7f4b53c89156]
/home/shubham/Xilinx2018.3/Vivado/2018.3/lib/lnx64.o/librdi_commontasks.so(+0x1d9887) [0x7f4b48fc6887]
/home/shubham/Xilinx2018.3/Vivado/2018.3/lib/lnx64.o/libtcl8.5.so(+0x334af) [0x7f4b53c874af]
/home/shubham/Xilinx2018.3/Vivado/2018.3/lib/lnx64.o/libtcl8.5.so(+0x76875) [0x7f4b53cca875]
/home/shubham/Xilinx2018.3/Vivado/2018.3/lib/lnx64.o/libtcl8.5.so(TclObjInterpProcCore+0x420) [0x7f4b53d0bdf0]
/home/shubham/Xilinx2018.3/Vivado/2018.3/lib/lnx64.o/libtcl8.5.so(+0x334af) [0x7f4b53c874af]
/home/shubham/Xilinx2018.3/Vivado/2018.3/lib/lnx64.o/libtcl8.5.so(+0x76875) [0x7f4b53cca875]
/home/shubham/Xilinx2018.3/Vivado/2018.3/lib/lnx64.o/libtcl8.5.so(+0x7e029) [0x7f4b53cd2029]
/home/shubham/Xilinx2018.3/Vivado/2018.3/lib/lnx64.o/libtcl8.5.so(TclEvalObjEx+0x76) [0x7f4b53c89156]
/home/shubham/Xilinx2018.3/Vivado/2018.3/lib/lnx64.o/librdi_commontasks.so(+0x1d9887) [0x7f4b48fc6887]
/home/shubham/Xilinx2018.3/Vivado/2018.3/lib/lnx64.o/libtcl8.5.so(+0x334af) [0x7f4b53c874af]
/home/shubham/Xilinx2018.3/Vivado/2018.3/lib/lnx64.o/libtcl8.5.so(+0x76875) [0x7f4b53cca875]
/home/shubham/Xilinx2018.3/Vivado/2018.3/lib/lnx64.o/libtcl8.5.so(TclObjInterpProcCore+0x420) [0x7f4b53d0bdf0]
/home/shubham/Xilinx2018.3/Vivado/2018.3/lib/lnx64.o/libtcl8.5.so(+0x334af) [0x7f4b53c874af]
/home/shubham/Xilinx2018.3/Vivado/2018.3/lib/lnx64.o/libtcl8.5.so(+0x76875) [0x7f4b53cca875]
/home/shubham/Xilinx2018.3/Vivado/2018.3/lib/lnx64.o/libtcl8.5.so(+0x7e029) [0x7f4b53cd2029]
/home/shubham/Xilinx2018.3/Vivado/2018.3/lib/lnx64.o/libtcl8.5.so(TclEvalObjEx+0x76) [0x7f4b53c89156]
/home/shubham/Xilinx2018.3/Vivado/2018.3/lib/lnx64.o/librdi_commontasks.so(+0x1d9887) [0x7f4b48fc6887]
/home/shubham/Xilinx2018.3/Vivado/2018.3/lib/lnx64.o/libtcl8.5.so(+0x334af) [0x7f4b53c874af]
/home/shubham/Xilinx2018.3/Vivado/2018.3/lib/lnx64.o/libtcl8.5.so(+0x76875) [0x7f4b53cca875]
/home/shubham/Xilinx2018.3/Vivado/2018.3/lib/lnx64.o/libtcl8.5.so(Tcl_ExprObj+0xf8) [0x7f4b53cd1c08]
/home/shubham/Xilinx2018.3/Vivado/2018.3/lib/lnx64.o/libtcl8.5.so(Tcl_ExprBooleanObj+0x16) [0x7f4b53c87e96]
/home/shubham/Xilinx2018.3/Vivado/2018.3/lib/lnx64.o/libtcl8.5.so(+0x3e6de) [0x7f4b53c926de]
/home/shubham/Xilinx2018.3/Vivado/2018.3/lib/lnx64.o/libtcl8.5.so(+0x334af) [0x7f4b53c874af]
/home/shubham/Xilinx2018.3/Vivado/2018.3/lib/lnx64.o/libtcl8.5.so(+0x34b38) [0x7f4b53c88b38]
/home/shubham/Xilinx2018.3/Vivado/2018.3/lib/lnx64.o/libtcl8.5.so(Tcl_EvalEx+0x13) [0x7f4b53c890a3]
/home/shubham/Xilinx2018.3/Vivado/2018.3/lib/lnx64.o/libtcl8.5.so(Tcl_Eval+0x15) [0x7f4b53c890c5]
/home/shubham/Xilinx2018.3/Vivado/2018.3/lib/lnx64.o/libhls_main.so(+0x9ed62) [0x7f4b480ced62]
/home/shubham/Xilinx2018.3/Vivado/2018.3/lib/lnx64.o/libhls_support.so(xpcl::TclCommand::callback(int, Tcl_Obj* const*)+0x39e) [0x7f4b42dc7e0e]
/home/shubham/Xilinx2018.3/Vivado/2018.3/lib/lnx64.o/libhls_support.so(+0x7629b) [0x7f4b42dc829b]
/home/shubham/Xilinx2018.3/Vivado/2018.3/lib/lnx64.o/libtcl8.5.so(+0x334af) [0x7f4b53c874af]
/home/shubham/Xilinx2018.3/Vivado/2018.3/lib/lnx64.o/libtcl8.5.so(+0x34b38) [0x7f4b53c88b38]
/home/shubham/Xilinx2018.3/Vivado/2018.3/lib/lnx64.o/libtcl8.5.so(Tcl_EvalEx+0x13) [0x7f4b53c890a3]
/home/shubham/Xilinx2018.3/Vivado/2018.3/lib/lnx64.o/libtcl8.5.so(Tcl_FSEvalFileEx+0x1da) [0x7f4b53cedc5a]
/home/shubham/Xilinx2018.3/Vivado/2018.3/lib/lnx64.o/libhls_main.so(ApSourceTclFile(std::__cxx11::basic_string<char, std::char_traits<char>, std::allocator<char> > const&, char const*)+0x77) [0x7f4b480c3d07]
/home/shubham/Xilinx2018.3/Vivado/2018.3/lib/lnx64.o/libhls_main.so(+0x99049) [0x7f4b480c9049]
/home/shubham/Xilinx2018.3/Vivado/2018.3/lib/lnx64.o/libhls_support.so(xpcl::TclCommand::callback(int, Tcl_Obj* const*)+0x39e) [0x7f4b42dc7e0e]
/home/shubham/Xilinx2018.3/Vivado/2018.3/lib/lnx64.o/libhls_support.so(+0x7629b) [0x7f4b42dc829b]
/home/shubham/Xilinx2018.3/Vivado/2018.3/lib/lnx64.o/libtcl8.5.so(+0x334af) [0x7f4b53c874af]
/home/shubham/Xilinx2018.3/Vivado/2018.3/lib/lnx64.o/libtcl8.5.so(Tcl_EvalObjv+0x32) [0x7f4b53c875e2]
/home/shubham/Xilinx2018.3/Vivado/2018.3/lib/lnx64.o/libtcl8.5.so(TclEvalObjEx+0x322) [0x7f4b53c89402]
/home/shubham/Xilinx2018.3/Vivado/2018.3/lib/lnx64.o/librdi_hlstasks.so(+0xda5a) [0x7f4b4b279a5a]
/home/shubham/Xilinx2018.3/Vivado/2018.3/lib/lnx64.o/librdi_common.so(+0x7ef352) [0x7f4b597a2352]
/home/shubham/Xilinx2018.3/Vivado/2018.3/lib/lnx64.o/libtcl8.5.so(+0x334af) [0x7f4b53c874af]
/home/shubham/Xilinx2018.3/Vivado/2018.3/lib/lnx64.o/libtcl8.5.so(+0x34b38) [0x7f4b53c88b38]
/home/shubham/Xilinx2018.3/Vivado/2018.3/lib/lnx64.o/libtcl8.5.so(Tcl_EvalEx+0x13) [0x7f4b53c890a3]
/home/shubham/Xilinx2018.3/Vivado/2018.3/lib/lnx64.o/libtcl8.5.so(TclEvalObjEx+0x3cf) [0x7f4b53c894af]
/home/shubham/Xilinx2018.3/Vivado/2018.3/lib/lnx64.o/libtcl8.5.so(+0xb74a9) [0x7f4b53d0b4a9]
/home/shubham/Xilinx2018.3/Vivado/2018.3/lib/lnx64.o/libtcl8.5.so(+0x334af) [0x7f4b53c874af]
/home/shubham/Xilinx2018.3/Vivado/2018.3/lib/lnx64.o/libtcl8.5.so(+0x76875) [0x7f4b53cca875]
/home/shubham/Xilinx2018.3/Vivado/2018.3/lib/lnx64.o/libtcl8.5.so(TclObjInterpProcCore+0x420) [0x7f4b53d0bdf0]
/home/shubham/Xilinx2018.3/Vivado/2018.3/lib/lnx64.o/libtcl8.5.so(+0x334af) [0x7f4b53c874af]
/home/shubham/Xilinx2018.3/Vivado/2018.3/lib/lnx64.o/libtcl8.5.so(+0x76875) [0x7f4b53cca875]
/home/shubham/Xilinx2018.3/Vivado/2018.3/lib/lnx64.o/libtcl8.5.so(+0x7e029) [0x7f4b53cd2029]
/home/shubham/Xilinx2018.3/Vivado/2018.3/lib/lnx64.o/libtcl8.5.so(TclEvalObjEx+0x76) [0x7f4b53c89156]
/home/shubham/Xilinx2018.3/Vivado/2018.3/lib/lnx64.o/librdi_commontasks.so(+0x1d9924) [0x7f4b48fc6924]
/home/shubham/Xilinx2018.3/Vivado/2018.3/lib/lnx64.o/libtcl8.5.so(+0x334af) [0x7f4b53c874af]
/home/shubham/Xilinx2018.3/Vivado/2018.3/lib/lnx64.o/libtcl8.5.so(+0x34b38) [0x7f4b53c88b38]
/home/shubham/Xilinx2018.3/Vivado/2018.3/lib/lnx64.o/libtcl8.5.so(+0xad486) [0x7f4b53d01486]
/home/shubham/Xilinx2018.3/Vivado/2018.3/lib/lnx64.o/libtcl8.5.so(+0x346c5) [0x7f4b53c886c5]
/home/shubham/Xilinx2018.3/Vivado/2018.3/lib/lnx64.o/libtcl8.5.so(Tcl_EvalEx+0x13) [0x7f4b53c890a3]
/home/shubham/Xilinx2018.3/Vivado/2018.3/lib/lnx64.o/libtcl8.5.so(Tcl_FSEvalFileEx+0x1da) [0x7f4b53cedc5a]
/home/shubham/Xilinx2018.3/Vivado/2018.3/lib/lnx64.o/librdi_commontasks.so(+0x1f6abd) [0x7f4b48fe3abd]
/home/shubham/Xilinx2018.3/Vivado/2018.3/lib/lnx64.o/librdi_common.so(+0x7ef352) [0x7f4b597a2352]
/home/shubham/Xilinx2018.3/Vivado/2018.3/lib/lnx64.o/libtcl8.5.so(+0x334af) [0x7f4b53c874af]
/home/shubham/Xilinx2018.3/Vivado/2018.3/lib/lnx64.o/libtcl8.5.so(Tcl_EvalObjv+0x32) [0x7f4b53c875e2]
/home/shubham/Xilinx2018.3/Vivado/2018.3/lib/lnx64.o/libtcl8.5.so(TclEvalObjEx+0x322) [0x7f4b53c89402]
/home/shubham/Xilinx2018.3/Vivado/2018.3/lib/lnx64.o/librdi_commontasks.so(+0x2280ff) [0x7f4b490150ff]
/home/shubham/Xilinx2018.3/Vivado/2018.3/lib/lnx64.o/librdi_commontasks.so(+0x2297ce) [0x7f4b490167ce]
/home/shubham/Xilinx2018.3/Vivado/2018.3/lib/lnx64.o/librdi_common.so(+0x7ef352) [0x7f4b597a2352]
/home/shubham/Xilinx2018.3/Vivado/2018.3/lib/lnx64.o/libtcl8.5.so(+0x334af) [0x7f4b53c874af]
/home/shubham/Xilinx2018.3/Vivado/2018.3/lib/lnx64.o/libtcl8.5.so(Tcl_EvalObjv+0x32) [0x7f4b53c875e2]
/home/shubham/Xilinx2018.3/Vivado/2018.3/lib/lnx64.o/libtcl8.5.so(TclEvalObjEx+0x322) [0x7f4b53c89402]
/home/shubham/Xilinx2018.3/Vivado/2018.3/lib/lnx64.o/librdi_commonmain.so(+0x7414) [0x7f4b58daf414]
/home/shubham/Xilinx2018.3/Vivado/2018.3/lib/lnx64.o/libtcl8.5.so(Tcl_Main+0x1d0) [0x7f4b53cf4210]
/home/shubham/Xilinx2018.3/Vivado/2018.3/lib/lnx64.o/librdi_common.so(+0x83363b) [0x7f4b597e663b]
/lib/x86_64-linux-gnu/libpthread.so.0(+0x76db) [0x7f4b51c126db]
/lib/x86_64-linux-gnu/libc.so.6(clone+0x3f) [0x7f4b5854288f]
