#
# An unexpected error has occurred (6)
#
Stack:
/lib/x86_64-linux-gnu/libc.so.6(+0x3ef20) [0x7f9e0bcf7f20]
/lib/x86_64-linux-gnu/libc.so.6(gsignal+0xc7) [0x7f9e0bcf7e97]
/lib/x86_64-linux-gnu/libc.so.6(abort+0x141) [0x7f9e0bcf9801]
/home/shubham/Xilinx2018.3/Vivado/2018.3/lib/lnx64.o/libtcl8.5.so(Tcl_PanicVA+0x10e) [0x7f9e075969ae]
/home/shubham/Xilinx2018.3/Vivado/2018.3/lib/lnx64.o/libtcl8.5.so(Tcl_Panic+0x8c) [0x7f9e07596abc]
/home/shubham/Xilinx2018.3/Vivado/2018.3/lib/lnx64.o/libtcl8.5.so(Tcl_SetObjLength+0x146) [0x7f9e075a9316]
/home/shubham/Xilinx2018.3/Vivado/2018.3/lib/lnx64.o/libtcl8.5.so(+0x8a0d0) [0x7f9e075760d0]
/home/shubham/Xilinx2018.3/Vivado/2018.3/lib/lnx64.o/libtcl8.5.so(Tcl_GetsObj+0x13d) [0x7f9e07578fcd]
/home/shubham/Xilinx2018.3/Vivado/2018.3/lib/lnx64.o/libtcl8.5.so(+0x928f5) [0x7f9e0757e8f5]
/home/shubham/Xilinx2018.3/Vivado/2018.3/lib/lnx64.o/libtcl8.5.so(+0x334af) [0x7f9e0751f4af]
/home/shubham/Xilinx2018.3/Vivado/2018.3/lib/lnx64.o/libtcl8.5.so(+0x76875) [0x7f9e07562875]
/home/shubham/Xilinx2018.3/Vivado/2018.3/lib/lnx64.o/libtcl8.5.so(TclObjInterpProcCore+0x420) [0x7f9e075a3df0]
/home/shubham/Xilinx2018.3/Vivado/2018.3/lib/lnx64.o/libtcl8.5.so(+0x334af) [0x7f9e0751f4af]
/home/shubham/Xilinx2018.3/Vivado/2018.3/lib/lnx64.o/libtcl8.5.so(+0x76875) [0x7f9e07562875]
/home/shubham/Xilinx2018.3/Vivado/2018.3/lib/lnx64.o/libtcl8.5.so(TclObjInterpProcCore+0x420) [0x7f9e075a3df0]
/home/shubham/Xilinx2018.3/Vivado/2018.3/lib/lnx64.o/libtcl8.5.so(+0x334af) [0x7f9e0751f4af]
/home/shubham/Xilinx2018.3/Vivado/2018.3/lib/lnx64.o/libtcl8.5.so(+0x76875) [0x7f9e07562875]
/home/shubham/Xilinx2018.3/Vivado/2018.3/lib/lnx64.o/libtcl8.5.so(+0x7e029) [0x7f9e0756a029]
/home/shubham/Xilinx2018.3/Vivado/2018.3/lib/lnx64.o/libtcl8.5.so(TclEvalObjEx+0x76) [0x7f9e07521156]
/home/shubham/Xilinx2018.3/Vivado/2018.3/lib/lnx64.o/librdi_commontasks.so(+0x1d9887) [0x7f9dfc7c5887]
/home/shubham/Xilinx2018.3/Vivado/2018.3/lib/lnx64.o/libtcl8.5.so(+0x334af) [0x7f9e0751f4af]
/home/shubham/Xilinx2018.3/Vivado/2018.3/lib/lnx64.o/libtcl8.5.so(+0x76875) [0x7f9e07562875]
/home/shubham/Xilinx2018.3/Vivado/2018.3/lib/lnx64.o/libtcl8.5.so(TclObjInterpProcCore+0x420) [0x7f9e075a3df0]
/home/shubham/Xilinx2018.3/Vivado/2018.3/lib/lnx64.o/libtcl8.5.so(+0x334af) [0x7f9e0751f4af]
/home/shubham/Xilinx2018.3/Vivado/2018.3/lib/lnx64.o/libtcl8.5.so(+0x76875) [0x7f9e07562875]
/home/shubham/Xilinx2018.3/Vivado/2018.3/lib/lnx64.o/libtcl8.5.so(+0x7e029) [0x7f9e0756a029]
/home/shubham/Xilinx2018.3/Vivado/2018.3/lib/lnx64.o/libtcl8.5.so(TclEvalObjEx+0x76) [0x7f9e07521156]
/home/shubham/Xilinx2018.3/Vivado/2018.3/lib/lnx64.o/librdi_commontasks.so(+0x1d9887) [0x7f9dfc7c5887]
/home/shubham/Xilinx2018.3/Vivado/2018.3/lib/lnx64.o/libtcl8.5.so(+0x334af) [0x7f9e0751f4af]
/home/shubham/Xilinx2018.3/Vivado/2018.3/lib/lnx64.o/libtcl8.5.so(+0x76875) [0x7f9e07562875]
/home/shubham/Xilinx2018.3/Vivado/2018.3/lib/lnx64.o/libtcl8.5.so(TclObjInterpProcCore+0x420) [0x7f9e075a3df0]
/home/shubham/Xilinx2018.3/Vivado/2018.3/lib/lnx64.o/libtcl8.5.so(+0x334af) [0x7f9e0751f4af]
/home/shubham/Xilinx2018.3/Vivado/2018.3/lib/lnx64.o/libtcl8.5.so(+0x76875) [0x7f9e07562875]
/home/shubham/Xilinx2018.3/Vivado/2018.3/lib/lnx64.o/libtcl8.5.so(+0x7e029) [0x7f9e0756a029]
/home/shubham/Xilinx2018.3/Vivado/2018.3/lib/lnx64.o/libtcl8.5.so(TclEvalObjEx+0x76) [0x7f9e07521156]
/home/shubham/Xilinx2018.3/Vivado/2018.3/lib/lnx64.o/librdi_commontasks.so(+0x1d9887) [0x7f9dfc7c5887]
/home/shubham/Xilinx2018.3/Vivado/2018.3/lib/lnx64.o/libtcl8.5.so(+0x334af) [0x7f9e0751f4af]
/home/shubham/Xilinx2018.3/Vivado/2018.3/lib/lnx64.o/libtcl8.5.so(+0x76875) [0x7f9e07562875]
/home/shubham/Xilinx2018.3/Vivado/2018.3/lib/lnx64.o/libtcl8.5.so(Tcl_ExprObj+0xf8) [0x7f9e07569c08]
/home/shubham/Xilinx2018.3/Vivado/2018.3/lib/lnx64.o/libtcl8.5.so(Tcl_ExprBooleanObj+0x16) [0x7f9e0751fe96]
/home/shubham/Xilinx2018.3/Vivado/2018.3/lib/lnx64.o/libtcl8.5.so(+0x3e6de) [0x7f9e0752a6de]
/home/shubham/Xilinx2018.3/Vivado/2018.3/lib/lnx64.o/libtcl8.5.so(+0x334af) [0x7f9e0751f4af]
/home/shubham/Xilinx2018.3/Vivado/2018.3/lib/lnx64.o/libtcl8.5.so(+0x34b38) [0x7f9e07520b38]
/home/shubham/Xilinx2018.3/Vivado/2018.3/lib/lnx64.o/libtcl8.5.so(Tcl_EvalEx+0x13) [0x7f9e075210a3]
/home/shubham/Xilinx2018.3/Vivado/2018.3/lib/lnx64.o/libtcl8.5.so(Tcl_Eval+0x15) [0x7f9e075210c5]
/home/shubham/Xilinx2018.3/Vivado/2018.3/lib/lnx64.o/libhls_main.so(+0x9ed62) [0x7f9df59acd62]
/home/shubham/Xilinx2018.3/Vivado/2018.3/lib/lnx64.o/libhls_support.so(xpcl::TclCommand::callback(int, Tcl_Obj* const*)+0x39e) [0x7f9df56d6e0e]
/home/shubham/Xilinx2018.3/Vivado/2018.3/lib/lnx64.o/libhls_support.so(+0x7629b) [0x7f9df56d729b]
/home/shubham/Xilinx2018.3/Vivado/2018.3/lib/lnx64.o/libtcl8.5.so(+0x334af) [0x7f9e0751f4af]
/home/shubham/Xilinx2018.3/Vivado/2018.3/lib/lnx64.o/libtcl8.5.so(+0x34b38) [0x7f9e07520b38]
/home/shubham/Xilinx2018.3/Vivado/2018.3/lib/lnx64.o/libtcl8.5.so(Tcl_EvalEx+0x13) [0x7f9e075210a3]
/home/shubham/Xilinx2018.3/Vivado/2018.3/lib/lnx64.o/libtcl8.5.so(Tcl_FSEvalFileEx+0x1da) [0x7f9e07585c5a]
/home/shubham/Xilinx2018.3/Vivado/2018.3/lib/lnx64.o/libhls_main.so(ApSourceTclFile(std::__cxx11::basic_string<char, std::char_traits<char>, std::allocator<char> > const&, char const*)+0x77) [0x7f9df59a1d07]
/home/shubham/Xilinx2018.3/Vivado/2018.3/lib/lnx64.o/libhls_main.so(+0x99049) [0x7f9df59a7049]
/home/shubham/Xilinx2018.3/Vivado/2018.3/lib/lnx64.o/libhls_support.so(xpcl::TclCommand::callback(int, Tcl_Obj* const*)+0x39e) [0x7f9df56d6e0e]
/home/shubham/Xilinx2018.3/Vivado/2018.3/lib/lnx64.o/libhls_support.so(+0x7629b) [0x7f9df56d729b]
/home/shubham/Xilinx2018.3/Vivado/2018.3/lib/lnx64.o/libtcl8.5.so(+0x334af) [0x7f9e0751f4af]
/home/shubham/Xilinx2018.3/Vivado/2018.3/lib/lnx64.o/libtcl8.5.so(Tcl_EvalObjv+0x32) [0x7f9e0751f5e2]
/home/shubham/Xilinx2018.3/Vivado/2018.3/lib/lnx64.o/libtcl8.5.so(TclEvalObjEx+0x322) [0x7f9e07521402]
/home/shubham/Xilinx2018.3/Vivado/2018.3/lib/lnx64.o/librdi_hlstasks.so(+0xda5a) [0x7f9df5dd1a5a]
/home/shubham/Xilinx2018.3/Vivado/2018.3/lib/lnx64.o/librdi_common.so(+0x7ef352) [0x7f9e0d03a352]
/home/shubham/Xilinx2018.3/Vivado/2018.3/lib/lnx64.o/libtcl8.5.so(+0x334af) [0x7f9e0751f4af]
/home/shubham/Xilinx2018.3/Vivado/2018.3/lib/lnx64.o/libtcl8.5.so(+0x34b38) [0x7f9e07520b38]
/home/shubham/Xilinx2018.3/Vivado/2018.3/lib/lnx64.o/libtcl8.5.so(Tcl_EvalEx+0x13) [0x7f9e075210a3]
/home/shubham/Xilinx2018.3/Vivado/2018.3/lib/lnx64.o/libtcl8.5.so(TclEvalObjEx+0x3cf) [0x7f9e075214af]
/home/shubham/Xilinx2018.3/Vivado/2018.3/lib/lnx64.o/libtcl8.5.so(+0xb74a9) [0x7f9e075a34a9]
/home/shubham/Xilinx2018.3/Vivado/2018.3/lib/lnx64.o/libtcl8.5.so(+0x334af) [0x7f9e0751f4af]
/home/shubham/Xilinx2018.3/Vivado/2018.3/lib/lnx64.o/libtcl8.5.so(+0x76875) [0x7f9e07562875]
/home/shubham/Xilinx2018.3/Vivado/2018.3/lib/lnx64.o/libtcl8.5.so(TclObjInterpProcCore+0x420) [0x7f9e075a3df0]
/home/shubham/Xilinx2018.3/Vivado/2018.3/lib/lnx64.o/libtcl8.5.so(+0x334af) [0x7f9e0751f4af]
/home/shubham/Xilinx2018.3/Vivado/2018.3/lib/lnx64.o/libtcl8.5.so(+0x76875) [0x7f9e07562875]
/home/shubham/Xilinx2018.3/Vivado/2018.3/lib/lnx64.o/libtcl8.5.so(+0x7e029) [0x7f9e0756a029]
/home/shubham/Xilinx2018.3/Vivado/2018.3/lib/lnx64.o/libtcl8.5.so(TclEvalObjEx+0x76) [0x7f9e07521156]
/home/shubham/Xilinx2018.3/Vivado/2018.3/lib/lnx64.o/librdi_commontasks.so(+0x1d9924) [0x7f9dfc7c5924]
/home/shubham/Xilinx2018.3/Vivado/2018.3/lib/lnx64.o/libtcl8.5.so(+0x334af) [0x7f9e0751f4af]
/home/shubham/Xilinx2018.3/Vivado/2018.3/lib/lnx64.o/libtcl8.5.so(+0x34b38) [0x7f9e07520b38]
/home/shubham/Xilinx2018.3/Vivado/2018.3/lib/lnx64.o/libtcl8.5.so(+0xad486) [0x7f9e07599486]
/home/shubham/Xilinx2018.3/Vivado/2018.3/lib/lnx64.o/libtcl8.5.so(+0x346c5) [0x7f9e075206c5]
/home/shubham/Xilinx2018.3/Vivado/2018.3/lib/lnx64.o/libtcl8.5.so(Tcl_EvalEx+0x13) [0x7f9e075210a3]
/home/shubham/Xilinx2018.3/Vivado/2018.3/lib/lnx64.o/libtcl8.5.so(Tcl_FSEvalFileEx+0x1da) [0x7f9e07585c5a]
/home/shubham/Xilinx2018.3/Vivado/2018.3/lib/lnx64.o/librdi_commontasks.so(+0x1f6abd) [0x7f9dfc7e2abd]
/home/shubham/Xilinx2018.3/Vivado/2018.3/lib/lnx64.o/librdi_common.so(+0x7ef352) [0x7f9e0d03a352]
/home/shubham/Xilinx2018.3/Vivado/2018.3/lib/lnx64.o/libtcl8.5.so(+0x334af) [0x7f9e0751f4af]
/home/shubham/Xilinx2018.3/Vivado/2018.3/lib/lnx64.o/libtcl8.5.so(Tcl_EvalObjv+0x32) [0x7f9e0751f5e2]
/home/shubham/Xilinx2018.3/Vivado/2018.3/lib/lnx64.o/libtcl8.5.so(TclEvalObjEx+0x322) [0x7f9e07521402]
/home/shubham/Xilinx2018.3/Vivado/2018.3/lib/lnx64.o/librdi_commontasks.so(+0x2280ff) [0x7f9dfc8140ff]
/home/shubham/Xilinx2018.3/Vivado/2018.3/lib/lnx64.o/librdi_commontasks.so(+0x2297ce) [0x7f9dfc8157ce]
/home/shubham/Xilinx2018.3/Vivado/2018.3/lib/lnx64.o/librdi_common.so(+0x7ef352) [0x7f9e0d03a352]
/home/shubham/Xilinx2018.3/Vivado/2018.3/lib/lnx64.o/libtcl8.5.so(+0x334af) [0x7f9e0751f4af]
/home/shubham/Xilinx2018.3/Vivado/2018.3/lib/lnx64.o/libtcl8.5.so(Tcl_EvalObjv+0x32) [0x7f9e0751f5e2]
/home/shubham/Xilinx2018.3/Vivado/2018.3/lib/lnx64.o/libtcl8.5.so(TclEvalObjEx+0x322) [0x7f9e07521402]
/home/shubham/Xilinx2018.3/Vivado/2018.3/lib/lnx64.o/librdi_commonmain.so(+0x7414) [0x7f9e0c647414]
/home/shubham/Xilinx2018.3/Vivado/2018.3/lib/lnx64.o/libtcl8.5.so(Tcl_Main+0x1d0) [0x7f9e0758c210]
/home/shubham/Xilinx2018.3/Vivado/2018.3/lib/lnx64.o/librdi_common.so(+0x83363b) [0x7f9e0d07e63b]
/lib/x86_64-linux-gnu/libpthread.so.0(+0x76db) [0x7f9e054aa6db]
/lib/x86_64-linux-gnu/libc.so.6(clone+0x3f) [0x7f9e0bdda88f]
