INFO-FLOW: Workspace /home/shubham/HLS_Exercises/CheckCustomization/solution1 opened at Thu Jan 23 15:46:43 IST 2020
Execute     config_clock -quiet -name default -period 10 -default=false 
INFO: [SYN 201-201] Setting up clock 'default' with a period of 10ns.
Execute     open_platform DefaultPlatform 
Execute     import_lib /home/shubham/Xilinx2018.3/Vivado/2018.3/common/technology/xilinx/zynquplus/zynquplus 
Execute       source /home/shubham/Xilinx2018.3/Vivado/2018.3/common/technology/xilinx/common/xilinx.lib 
Execute         source /home/shubham/Xilinx2018.3/Vivado/2018.3/common/technology/xilinx/interface/xilinx_interface.lib 
Execute           source /home/shubham/Xilinx2018.3/Vivado/2018.3/common/technology/xilinx/interface/plb46.lib 
Execute           source /home/shubham/Xilinx2018.3/Vivado/2018.3/common/technology/xilinx/interface/fsl.lib 
Execute           source /home/shubham/Xilinx2018.3/Vivado/2018.3/common/technology/xilinx/interface/axi4.lib 
Execute           source /home/shubham/Xilinx2018.3/Vivado/2018.3/common/technology/xilinx/interface/maxi.lib 
Execute           source /home/shubham/Xilinx2018.3/Vivado/2018.3/common/technology/xilinx/interface/saxilite.lib 
Execute         source /home/shubham/Xilinx2018.3/Vivado/2018.3/common/technology/xilinx/common/dsp48.lib 
Execute         source /home/shubham/Xilinx2018.3/Vivado/2018.3/common/technology/xilinx/ip/dds_compiler.lib 
Execute         source /home/shubham/Xilinx2018.3/Vivado/2018.3/common/technology/xilinx/ip/xfft.lib 
Execute         source /home/shubham/Xilinx2018.3/Vivado/2018.3/common/technology/xilinx/ip/xfir.lib 
Execute       source /home/shubham/Xilinx2018.3/Vivado/2018.3/common/technology/xilinx/common/xilinx_old.lib 
Execute       source /home/shubham/Xilinx2018.3/Vivado/2018.3/common/technology/xilinx/common/xilinx_vivado.lib 
Execute       source /home/shubham/Xilinx2018.3/Vivado/2018.3/common/technology/xilinx/common/xilinx.hlp 
Execute         source /home/shubham/Xilinx2018.3/Vivado/2018.3/common/technology/xilinx/common/target_info.tcl 
Execute         source /home/shubham/Xilinx2018.3/Vivado/2018.3/common/technology/xilinx/interface/xilinx_interface.hlp 
Execute           source /home/shubham/Xilinx2018.3/Vivado/2018.3/common/technology/xilinx/interface/maxi.hlp 
Execute           source /home/shubham/Xilinx2018.3/Vivado/2018.3/common/technology/xilinx/interface/saxilite.hlp 
Execute         source /home/shubham/Xilinx2018.3/Vivado/2018.3/common/technology/xilinx/common/dsp48.hlp 
Execute       source /home/shubham/Xilinx2018.3/Vivado/2018.3/common/technology/xilinx/zynquplus/dsp48e2.hlp 
Execute       get_default_platform 
Execute       config_chip_info -quiet -resource  {SLICE 34260} {LUT 274080}   {FF 548160}  {DSP48E 2520}  {BRAM 1824} {URAM 0}  
Execute       config_chip_info -quiet -speed medium 
Execute       source /home/shubham/Xilinx2018.3/Vivado/2018.3/common/technology/xilinx/common/xilinx.hlp 
Execute         source /home/shubham/Xilinx2018.3/Vivado/2018.3/common/technology/xilinx/common/target_info.tcl 
Execute         source /home/shubham/Xilinx2018.3/Vivado/2018.3/common/technology/xilinx/interface/xilinx_interface.hlp 
Execute           source /home/shubham/Xilinx2018.3/Vivado/2018.3/common/technology/xilinx/interface/maxi.hlp 
Execute           source /home/shubham/Xilinx2018.3/Vivado/2018.3/common/technology/xilinx/interface/saxilite.hlp 
Execute         source /home/shubham/Xilinx2018.3/Vivado/2018.3/common/technology/xilinx/common/dsp48.hlp 
Execute     source /home/shubham/Xilinx2018.3/Vivado/2018.3/common/technology/xilinx/zynquplus/zynquplus.gen 
Execute       source /home/shubham/Xilinx2018.3/Vivado/2018.3/common/technology/xilinx/common/virtex.gen 
Execute         source /home/shubham/Xilinx2018.3/Vivado/2018.3/common/technology/xilinx/common/xilinx.gen 
Execute           source /home/shubham/Xilinx2018.3/Vivado/2018.3/common/technology/xilinx/interface/plb46.gen 
Execute           source /home/shubham/Xilinx2018.3/Vivado/2018.3/common/technology/xilinx/interface/fsl.gen 
Execute           source /home/shubham/Xilinx2018.3/Vivado/2018.3/common/technology/xilinx/interface/axi4.gen 
Execute           source /home/shubham/Xilinx2018.3/Vivado/2018.3/common/technology/xilinx/interface/nativeAXI4.gen 
Execute             source /home/shubham/Xilinx2018.3/Vivado/2018.3/common/technology/xilinx/interface/saxilite.gen 
Execute             source /home/shubham/Xilinx2018.3/Vivado/2018.3/common/technology/xilinx/interface/maxi.gen 
Execute           source /home/shubham/Xilinx2018.3/Vivado/2018.3/common/technology/xilinx/scripts/xilinxcoregen.gen 
Execute           source /home/shubham/Xilinx2018.3/Vivado/2018.3/common/technology/xilinx/interface/XilEDKCoreGen.gen 
Execute           source /home/shubham/Xilinx2018.3/Vivado/2018.3/common/technology/xilinx/ip/dds_compiler.gen 
Execute           source /home/shubham/Xilinx2018.3/Vivado/2018.3/common/technology/xilinx/ip/util.gen 
Execute           source /home/shubham/Xilinx2018.3/Vivado/2018.3/common/technology/xilinx/ip/xfft.gen 
Execute           source /home/shubham/Xilinx2018.3/Vivado/2018.3/common/technology/xilinx/ip/xfir.gen 
Execute         source /home/shubham/Xilinx2018.3/Vivado/2018.3/common/technology/xilinx/common/dsp48.gen 
Execute     open_platform DefaultPlatform 
Execute     import_lib /home/shubham/Xilinx2018.3/Vivado/2018.3/common/technology/xilinx/zynquplus/zynquplus_fpv7 
Execute       source /home/shubham/Xilinx2018.3/Vivado/2018.3/common/technology/xilinx/common/xilinx_fpv7.lib 
Execute         source /home/shubham/Xilinx2018.3/Vivado/2018.3/common/technology/xilinx/common/xilinx_hp.lib 
Execute       source /home/shubham/Xilinx2018.3/Vivado/2018.3/common/technology/xilinx/common/xilinx_fpv.hlp 
Execute         source /home/shubham/Xilinx2018.3/Vivado/2018.3/common/technology/xilinx/common/xilinx.hlp 
Execute           source /home/shubham/Xilinx2018.3/Vivado/2018.3/common/technology/xilinx/common/target_info.tcl 
Execute           source /home/shubham/Xilinx2018.3/Vivado/2018.3/common/technology/xilinx/interface/xilinx_interface.hlp 
Execute             source /home/shubham/Xilinx2018.3/Vivado/2018.3/common/technology/xilinx/interface/maxi.hlp 
Execute             source /home/shubham/Xilinx2018.3/Vivado/2018.3/common/technology/xilinx/interface/saxilite.hlp 
Execute           source /home/shubham/Xilinx2018.3/Vivado/2018.3/common/technology/xilinx/common/dsp48.hlp 
Execute       source /home/shubham/Xilinx2018.3/Vivado/2018.3/common/technology/xilinx/zynquplus/zynquplus_hp.hlp 
Execute     source /home/shubham/Xilinx2018.3/Vivado/2018.3/common/technology/xilinx/zynquplus/zynquplus_fpv7.gen 
Execute       source /home/shubham/Xilinx2018.3/Vivado/2018.3/common/technology/xilinx/common/xilinx_fpv6.gen 
Execute     set_part xczu9eg-ffvb1156-2-e 
Execute       add_library xilinx/zynquplus/zynquplus:xczu9eg:-ffvb1156:-2-e 
Execute         get_default_platform 
Execute         license_isbetapart xczu9eg 
Command         license_isbetapart done; error code: 1; 
Execute         get_default_platform 
Execute         config_chip_info -quiet -resource  {SLICE 34260} {LUT 274080}   {FF 548160}  {DSP48E 2520}  {BRAM 1824} {URAM 0}  
Execute         config_chip_info -quiet -speed medium 
Execute       add_library xilinx/zynquplus/zynquplus_fpv7 
Execute         get_default_platform 
INFO: [HLS 200-10] Setting target device to 'xczu9eg-ffvb1156-2-e'
Execute       get_default_platform 
Execute     get_default_platform 
Execute     config_chip_info -quiet -resource  {SLICE 34260} {LUT 274080}   {FF 548160}  {DSP48E 2520}  {BRAM 1824} {URAM 0}  
Execute     config_chip_info -quiet -speed medium 
Command   open_solution done; 0.14 sec.
Execute   set_part xczu9eg-ffvb1156-2-e -tool vivado 
Execute     add_library xilinx/zynquplus/zynquplus:xczu9eg:-ffvb1156:-2-e 
Execute       get_default_platform 
Execute       license_isbetapart xczu9eg 
Command       license_isbetapart done; error code: 1; 
Execute       get_default_platform 
Execute       config_chip_info -quiet -resource  {SLICE 34260} {LUT 274080}   {FF 548160}  {DSP48E 2520}  {BRAM 1824} {URAM 0}  
Execute       config_chip_info -quiet -speed medium 
Execute     add_library xilinx/zynquplus/zynquplus_fpv7 
Execute       get_default_platform 
Execute     get_default_platform 
Execute   create_clock -period 10 -name default 
Execute     config_clock -quiet -name default -period 10 -default=false 
INFO: [SYN 201-201] Setting up clock 'default' with a period of 10ns.
Execute   csynth_design 
Execute     get_config_compile -effort 
Execute     get_config_compile -enable_clang39 
Execute     get_config_compile -g 
Execute     get_config_compile -lm 
Execute     get_config_compile -ng 
Execute     get_config_compile -opt_fp 
Execute     get_config_compile -skip_cdt 
Execute     get_config_compile -skip_syncheck 
Execute     get_config_compile -skip_transform 
Execute     config_compile -blackbox  
Execute     get_config_compile -keep_printf 
Execute     elaborate -effort=medium -skip_syncheck=0 -keep_printf=0 -lm=0 -skip_cdt=0 -skip_transform=0 -ng=0 -g=0 -opt_fp=0 -from_csynth_design=1 
Execute       get_config_schedule -relax_ii_for_timing 
INFO: [SCHED 204-61] Option 'relax_ii_for_timing' is enabled, will increase II to preserve clock frequency constraints.
Execute       get_config_schedule -suppress_dependence_error_break 
INFO: [HLS 200-10] Analyzing design file 'CheckCustomization/.settings/CheckCustomization.c' ... 
INFO-FLOW: Compiling one TU...
Execute       is_m_axi_addr64 
INFO-FLOW: Handling CheckCustomization/.settings/CheckCustomization.c as C
Execute       get_default_platform 
Execute       is_encrypted CheckCustomization/.settings/CheckCustomization.c 
INFO-FLOW: Running: GCC PP
INFO-FLOW: Source preprocessing
Execute       clang  -fno-limit-debug-info -gcc-toolchain "/home/shubham/Xilinx2018.3/Vivado/2018.3/lnx64/tools/gcc" -hls  -fno-exceptions  -D__llvm__  -E "CheckCustomization/.settings/CheckCustomization.c"     -fno-math-errno -c -emit-llvm -O0  -mllvm -disable-llvm-optzns -std=gnu89   -DAESL_SYN -D__SYNTHESIS__ -D__HLS_SYN__ -I "/home/shubham/Xilinx2018.3/Vivado/2018.3/common/technology/autopilot" -I "/home/shubham/Xilinx2018.3/Vivado/2018.3/common/technology/autopilot/ap_sysc" -include etc/autopilot_ssdm_op.h -D__DSP48E2__  -o "/home/shubham/HLS_Exercises/CheckCustomization/solution1/.autopilot/db/CheckCustomization.pp.0.c" 
INFO-FLOW: exec /home/shubham/Xilinx2018.3/Vivado/2018.3/lnx64/tools/clang/bin/clang -fno-limit-debug-info -gcc-toolchain /home/shubham/Xilinx2018.3/Vivado/2018.3/lnx64/tools/gcc -hls -fno-exceptions -D__llvm__ -E CheckCustomization/.settings/CheckCustomization.c -fno-math-errno -c -emit-llvm -O0 -mllvm -disable-llvm-optzns -std=gnu89 -DAESL_SYN -D__SYNTHESIS__ -D__HLS_SYN__ -I /home/shubham/Xilinx2018.3/Vivado/2018.3/common/technology/autopilot -I /home/shubham/Xilinx2018.3/Vivado/2018.3/common/technology/autopilot/ap_sysc -include etc/autopilot_ssdm_op.h -D__DSP48E2__ -o /home/shubham/HLS_Exercises/CheckCustomization/solution1/.autopilot/db/CheckCustomization.pp.0.c
Command       clang done; 0.88 sec.
Execute       tidy_31 xilinx-xfmat-array-geometry /home/shubham/HLS_Exercises/CheckCustomization/solution1/.autopilot/db/CheckCustomization.pp.0.c std=gnu89 
INFO-FLOW: exec /home/shubham/Xilinx2018.3/Vivado/2018.3/lnx64/tools/clang-3.9-csynth/bin/tidy-3.1 -header-filter=.* -checks=-*,xilinx-xfmat-array-geometry -quiet -fix /home/shubham/HLS_Exercises/CheckCustomization/solution1/.autopilot/db/CheckCustomization.pp.0.c -- -std=gnu89 -fhls -ferror-limit=0
INFO-FLOW: Syntax Checking before pre-processing...
Execute       clang -syntaxcheck -src /home/shubham/HLS_Exercises/CheckCustomization/solution1/.autopilot/db/CheckCustomization.pp.0.c  -fno-limit-debug-info -gcc-toolchain "/home/shubham/Xilinx2018.3/Vivado/2018.3/lnx64/tools/gcc" -hls    -fno-math-errno -c -emit-llvm -O0  -mllvm -disable-llvm-optzns -std=gnu89   -DAESL_SYN -D__SYNTHESIS__ -D__HLS_SYN__ -I "/home/shubham/Xilinx2018.3/Vivado/2018.3/common/technology/autopilot" -I "/home/shubham/Xilinx2018.3/Vivado/2018.3/common/technology/autopilot/ap_sysc" -include etc/autopilot_ssdm_op.h -D__DSP48E2__  "/home/shubham/HLS_Exercises/CheckCustomization/solution1/.autopilot/db/CheckCustomization.pp.0.c"  -o "/home/shubham/HLS_Exercises/CheckCustomization/solution1/.autopilot/db/useless.bc"  
INFO-FLOW: exec /home/shubham/Xilinx2018.3/Vivado/2018.3/lnx64/tools/clang/bin/clang -fno-limit-debug-info -gcc-toolchain /home/shubham/Xilinx2018.3/Vivado/2018.3/lnx64/tools/gcc -hls -fno-math-errno -c -emit-llvm -O0 -mllvm -disable-llvm-optzns -std=gnu89 -DAESL_SYN -D__SYNTHESIS__ -D__HLS_SYN__ -I /home/shubham/Xilinx2018.3/Vivado/2018.3/common/technology/autopilot -I /home/shubham/Xilinx2018.3/Vivado/2018.3/common/technology/autopilot/ap_sysc -include etc/autopilot_ssdm_op.h -D__DSP48E2__ /home/shubham/HLS_Exercises/CheckCustomization/solution1/.autopilot/db/CheckCustomization.pp.0.c -o /home/shubham/HLS_Exercises/CheckCustomization/solution1/.autopilot/db/useless.bc
Command       clang done; 0.86 sec.
INFO-FLOW: Done: GCC PP time: 1.7 seconds per iteration
Execute       list_core -type functional_unit 
Execute       tidy_31 xilinx-systemc-detector /home/shubham/HLS_Exercises/CheckCustomization/solution1/.autopilot/db/CheckCustomization.pp.0.c std=gnu89 -directive=/home/shubham/HLS_Exercises/CheckCustomization/solution1/.autopilot/db/.systemc_flag 
INFO-FLOW: exec /home/shubham/Xilinx2018.3/Vivado/2018.3/lnx64/tools/clang-3.9-csynth/bin/tidy-3.1 -header-filter=.* -checks=-*,xilinx-systemc-detector -import-directive=/home/shubham/HLS_Exercises/CheckCustomization/solution1/.autopilot/db/.systemc_flag -quiet -fix-errors /home/shubham/HLS_Exercises/CheckCustomization/solution1/.autopilot/db/CheckCustomization.pp.0.c -- -std=gnu89 -fhls -ferror-limit=0
INFO-FLOW: Running: tidy-3.1 CDT preprocess
Execute       tidy_31 xilinx-directive2pragma /home/shubham/HLS_Exercises/CheckCustomization/solution1/.autopilot/db/CheckCustomization.pp.0.c std=gnu89 -directive=/home/shubham/HLS_Exercises/CheckCustomization/solution1/.autopilot/db/all.directive.json 
INFO-FLOW: exec /home/shubham/Xilinx2018.3/Vivado/2018.3/lnx64/tools/clang-3.9-csynth/bin/tidy-3.1 -header-filter=.* -checks=-*,xilinx-directive2pragma -import-directive=/home/shubham/HLS_Exercises/CheckCustomization/solution1/.autopilot/db/all.directive.json -quiet -fix-errors /home/shubham/HLS_Exercises/CheckCustomization/solution1/.autopilot/db/CheckCustomization.pp.0.c -- -std=gnu89 -fhls -ferror-limit=0
Execute       get_config_dataflow -strict_mode 
Execute       ap_eval exec -ignorestderr /home/shubham/Xilinx2018.3/Vivado/2018.3/lnx64/tools/clang-3.9-csynth/bin/xilinx-dataflow-lawyer -export-fixes=/home/shubham/HLS_Exercises/CheckCustomization/solution1/.autopilot/db/xilinx-dataflow-lawyer.CheckCustomization.pp.0.c.diag.yml /home/shubham/HLS_Exercises/CheckCustomization/solution1/.autopilot/db/CheckCustomization.pp.0.c -- -std=gnu99 -fhls -ferror-limit=0 -fstrict-dataflow > /home/shubham/HLS_Exercises/CheckCustomization/solution1/.autopilot/db/xilinx-dataflow-lawyer.CheckCustomization.pp.0.c.out.log 2> /home/shubham/HLS_Exercises/CheckCustomization/solution1/.autopilot/db/xilinx-dataflow-lawyer.CheckCustomization.pp.0.c.err.log 
Execute       tidy_31 -errorcheck xilinx-constantarray-param,xilinx-resource-pragma-transformer,xilinx-xfmat-array-geometry /home/shubham/HLS_Exercises/CheckCustomization/solution1/.autopilot/db/CheckCustomization.pp.0.c std=gnu89 
Execute         ap_eval exec -ignorestderr /home/shubham/Xilinx2018.3/Vivado/2018.3/lnx64/tools/clang-3.9-csynth/bin/tidy-3.1 -export-fixes=/home/shubham/HLS_Exercises/CheckCustomization/solution1/.autopilot/db/tidy-3.1.CheckCustomization.pp.0.c.diag.yml -header-filter=.* -checks=-*,xilinx-constantarray-param,xilinx-resource-pragma-transformer,xilinx-xfmat-array-geometry -quiet -fix-errors /home/shubham/HLS_Exercises/CheckCustomization/solution1/.autopilot/db/CheckCustomization.pp.0.c -- -std=gnu89 -fhls -ferror-limit=0 > /home/shubham/HLS_Exercises/CheckCustomization/solution1/.autopilot/db/tidy-3.1.CheckCustomization.pp.0.c.out.log 2> /home/shubham/HLS_Exercises/CheckCustomization/solution1/.autopilot/db/tidy-3.1.CheckCustomization.pp.0.c.err.log 
Execute         ap_eval exec -ignorestderr /home/shubham/Xilinx2018.3/Vivado/2018.3/lnx64/tools/clang-3.9-csynth/bin/xilinx-legacy-rewriter /home/shubham/HLS_Exercises/CheckCustomization/solution1/.autopilot/db/CheckCustomization.pp.0.c -- -std=gnu89 -fhls -ferror-limit=0 > /home/shubham/HLS_Exercises/CheckCustomization/solution1/.autopilot/db/xilinx-legacy-rewriter.CheckCustomization.pp.0.c.out.log 2> /home/shubham/HLS_Exercises/CheckCustomization/solution1/.autopilot/db/xilinx-legacy-rewriter.CheckCustomization.pp.0.c.err.log 
INFO-FLOW: Done: tidy-3.1 CDT preprocess time: 0 seconds per iteration
INFO-FLOW: Pragma Handling...
Execute       tidy_31 xilinx-ssdm-intrinsics-arguments /home/shubham/HLS_Exercises/CheckCustomization/solution1/.autopilot/db/CheckCustomization.pragma.1.c std=gnu89 
INFO-FLOW: exec /home/shubham/Xilinx2018.3/Vivado/2018.3/lnx64/tools/clang-3.9-csynth/bin/tidy-3.1 -header-filter=.* -checks=-*,xilinx-ssdm-intrinsics-arguments -quiet -fix-errors /home/shubham/HLS_Exercises/CheckCustomization/solution1/.autopilot/db/CheckCustomization.pragma.1.c -- -std=gnu89 -fhls -ferror-limit=0
Execute       get_default_platform 
INFO-FLOW: Processing labels
Execute       clang -src /home/shubham/HLS_Exercises/CheckCustomization/solution1/.autopilot/db/CheckCustomization.pragma.2.c  -fno-limit-debug-info -gcc-toolchain /home/shubham/Xilinx2018.3/Vivado/2018.3/lnx64/tools/gcc -hls -hls-analyze-label -hls-analyze-pragma -fno-exceptions  -D__llvm__  -w  "/home/shubham/HLS_Exercises/CheckCustomization/solution1/.autopilot/db/CheckCustomization.pragma.2.c"    -fno-math-errno -c -emit-llvm -O0  -mllvm -disable-llvm-optzns -std=gnu89  -DAESL_SYN -D__SYNTHESIS__ -D__HLS_SYN__ -I "/home/shubham/Xilinx2018.3/Vivado/2018.3/common/technology/autopilot" -I "/home/shubham/Xilinx2018.3/Vivado/2018.3/common/technology/autopilot/ap_sysc" -include etc/autopilot_ssdm_op.h -D__DSP48E2__ -g -o "/home/shubham/HLS_Exercises/CheckCustomization/solution1/.autopilot/db/CheckCustomization.bc" 
INFO-FLOW: exec /home/shubham/Xilinx2018.3/Vivado/2018.3/lnx64/tools/clang/bin/clang -fno-limit-debug-info -gcc-toolchain /home/shubham/Xilinx2018.3/Vivado/2018.3/lnx64/tools/gcc -hls -hls-analyze-label -hls-analyze-pragma -fno-exceptions -D__llvm__ -w /home/shubham/HLS_Exercises/CheckCustomization/solution1/.autopilot/db/CheckCustomization.pragma.2.c -fno-math-errno -c -emit-llvm -O0 -mllvm -disable-llvm-optzns -std=gnu89 -DAESL_SYN -D__SYNTHESIS__ -D__HLS_SYN__ -I /home/shubham/Xilinx2018.3/Vivado/2018.3/common/technology/autopilot -I /home/shubham/Xilinx2018.3/Vivado/2018.3/common/technology/autopilot/ap_sysc -include etc/autopilot_ssdm_op.h -D__DSP48E2__ -g -o /home/shubham/HLS_Exercises/CheckCustomization/solution1/.autopilot/db/CheckCustomization.bc
Command       clang done; 0.87 sec.
INFO-FLOW: Linking Debug ...
Execute       llvm-ld /home/shubham/HLS_Exercises/CheckCustomization/solution1/.autopilot/db/CheckCustomization.g.bc -hls-opt -except-internalize Check -L/home/shubham/Xilinx2018.3/Vivado/2018.3/lnx64/lib -lhlsm -lhlsmc++ -o /home/shubham/HLS_Exercises/CheckCustomization/solution1/.autopilot/db/a.g 
Command       llvm-ld done; 0.43 sec.
INFO: [HLS 200-111] Finished Linking Time (s): cpu = 00:00:03 ; elapsed = 00:00:03 . Memory (MB): peak = 437.953 ; gain = 0.090 ; free physical = 363 ; free virtual = 10741
INFO: [HLS 200-111] Finished Checking Pragmas Time (s): cpu = 00:00:03 ; elapsed = 00:00:03 . Memory (MB): peak = 437.953 ; gain = 0.090 ; free physical = 363 ; free virtual = 10741
Execute       get_config_sdx -target 
Execute       opt_and_import_c a -opt_level=2 -skip_syncheck=0 -ng=0 -keep_printf=0 
Execute         cleanup_all_models 
INFO: [HLS 200-10] Starting code transformations ...
Execute         transform -promote-dbg-pointer /home/shubham/HLS_Exercises/CheckCustomization/solution1/.autopilot/db/a.pp.bc -o /home/shubham/HLS_Exercises/CheckCustomization/solution1/.autopilot/db/a.pp.0.bc -f 
Execute         llvm-ld /home/shubham/HLS_Exercises/CheckCustomization/solution1/.autopilot/db/a.pp.0.bc -disable-opt -L/home/shubham/Xilinx2018.3/Vivado/2018.3/lnx64/lib -lfloatconversion -o /home/shubham/HLS_Exercises/CheckCustomization/solution1/.autopilot/db/a.g.0 
Command         llvm-ld done; 0.43 sec.
INFO-FLOW: Running Standard Transforms...
Execute         transform -hls -share-std-xform -demangle-name -inline-byval-memcpy -always-inline -promote-dbg-pointer -interface-preproc -mem2reg -lower-blackbox -scalarrepl -mem2reg -keep-read-access -instcombine -dce -promote-dbg-pointer -bitop-raise -loop-simplify -indvarspre -indvars -loop-simplify -xunroll -constprop -instcombine -simplifycfg -indvars -simplifycfg -dce -globaldce -basicaa -simplifycfg -mem2reg -globalopt -global-constprop -deadargelim -instcombine -simplifycfg -prune-eh -simplifycfg -scalarrepl -instcombine -reassociate -licm -simplifycfg -loop-simplify -indvars -instcombine -simplifycfg -mem2reg -loop-simplify -indvars -instcombine -gvn -gvn -instcombine -adce -break-crit-edges -simplifycfg -loop-delete -global-array-opt -dce -dse -adce -find-syn-modules -top Check -deadargelim -mem2reg -instcombine -dce -presyn-prepare -auto-rom-infer -interface-preproc -syn-check -check-rec-only -find-region -simplifycfg -func-extr -function-inline -globaldce -mem2reg -instcombine -dce -gvn -globaldce -adce -adse -constprop -instcombine -bit-constprop -instcombine -dce -simplifycfg -bitop-raise -simplifycfg -dce -loop-delete -reassociate -globalopt -global-privatize -mem2reg -dce -global-constprop -pointer-simplify -constprop -dce -func-inst -deadargelim -auto-shift-reg-idiom -promote-dbg-pointer -norm-name /home/shubham/HLS_Exercises/CheckCustomization/solution1/.autopilot/db/a.g.0.bc -o /home/shubham/HLS_Exercises/CheckCustomization/solution1/.autopilot/db/a.g.1.bc -f -phase std-opt 
INFO: [HLS 200-111] Finished Standard Transforms Time (s): cpu = 00:00:04 ; elapsed = 00:00:04 . Memory (MB): peak = 437.953 ; gain = 0.090 ; free physical = 361 ; free virtual = 10741
INFO: [HLS 200-10] Checking synthesizability ...
INFO-FLOW: Checking Synthesizability 1/2..
Execute         transform -hls -syn-check -check-rec-only -disaggr -scalarrepl -norm-name -dce -mem2reg -instcombine -function-uniquify -directive-preproc -mem2reg -dse -dce -auto-rom-infer -dce -pag -array-normalize -instcombine -dce -warn-fifo-pointer -array-seg-normalize -instcombine -dce -array-flatten -instcombine -dce -array-burst -dce -deadargelim -promote-global-argument -simplifycfg -mem2reg -globaldce -resolve-double-ptr -dce -deadargelim -dce -instcombine -function-inline -globaldce -dce -doublePtrSimplify -doublePtrElim -dce -doublePtrSimplify -promote-dbg-pointer -dce -scalarrepl -dse -adse -instcombine -ptrLegalization -simplifycfg -dce -instcombine -pointer-simplify -ptrArgReplace -dce -instcombine -disaggr -scalarrepl -norm-name -dce -mem2reg -instcombine -ptrLegalization -simplifycfg -deadargelim -instcombine -dce -inst-simplify -function-uniquify -directive-preproc -mem2reg -dse -dce -globaldce -check-dspbuiltin /home/shubham/HLS_Exercises/CheckCustomization/solution1/.autopilot/db/a.g.1.bc -o /home/shubham/HLS_Exercises/CheckCustomization/solution1/.autopilot/db/a.g.2.prechk.bc -f 
INFO-FLOW: Checking Synthesizability 2/2..
Execute         transform -syn-check /home/shubham/HLS_Exercises/CheckCustomization/solution1/.autopilot/db/a.g.2.prechk.bc -o /home/shubham/HLS_Exercises/CheckCustomization/solution1/.autopilot/db/a.g.2.bc -f -phase syn-check 
WARNING: [SYNCHK 200-77] The top function 'Check' (CheckCustomization/.settings/CheckCustomization.c:3) has no outputs. Possible cause(s) are: (1) Output parameters are passed by value; (2) intended outputs (parameters or global variables) are never written; (3) there are infinite loops.
INFO: [SYNCHK 200-10] 0 error(s), 1 warning(s).
INFO: [HLS 200-111] Finished Checking Synthesizability Time (s): cpu = 00:00:04 ; elapsed = 00:00:04 . Memory (MB): peak = 437.953 ; gain = 0.090 ; free physical = 360 ; free virtual = 10740
INFO-FLOW: Compiler optimizing ...
INFO-FLOW: Share syncheck's 1.bc for syn flow: copy /home/shubham/HLS_Exercises/CheckCustomization/solution1/.autopilot/db/a.g.1.bc to /home/shubham/HLS_Exercises/CheckCustomization/solution1/.autopilot/db/a.o.1.bc
INFO-FLOW: Presyn 1...
Execute         transform -hls -tmp /home/shubham/HLS_Exercises/CheckCustomization/solution1/.autopilot/db -interface-port-rename -type-info -function-uniquify -directive-preproc -mem2reg -dse -dce -disaggr -scalarrepl -norm-name -deadargelim -mem2reg -instcombine -dce -simplifycfg -auto-rom-infer -dce -function-uniquify -resource-proc -simplifycfg -mem2reg -globaldce -resolve-double-ptr -dce -deadargelim -dce -instcombine -clib-intrinsic-prepare -dce -func-buffer -dce -pag -array-normalize -func-legal -instcombine -gvn -constprop -dce -ptrArgReplace -mem2reg -instcombine -dce -array-seg-normalize -deadargelim -instcombine -dce -pointer-simplify -dce -port-alignment -dce -interface-preproc -data-pack -instcombine -dce -basicaa -aggr-aa -aggrmodref-aa -aggr-aa -gvn -gvn -basicaa -aggr-aa -aggrmodref-aa -aggr-aa -dse -adse -adce -loop-simplify -indvars -instcombine -gvn -loop-simplify -mem2reg -dce -find-region -instcombine -auto-loop-pipeline -inst-simplify -interface-preproc -cfgopt -instcombine -indvars -auto-loop-unroll -loop-simplify -loop-bound -xunroll -constprop -instcombine -simplifycfg -indvars -simplifycfg -dce -globaldce -clean-region -attach-range -gvn -inst-simplify -constprop -simplifycfg -dce -pointer-simplify -dce -globalopt -constprop -dce -array-promote -constprop -instcombine -dce -ptrArgReplace -mem2reg -instcombine -simplifycfg -dce -auto-par -instcombine -dce -array-transform-check -array-reshape -instcombine -simplifycfg -dce -ptrArgReplace -deadargelim -mem2reg -instcombine -simplifycfg -dce -indvars -loop-simplify -loop-bound -xunroll -constprop -instcombine -simplifycfg -indvars -simplifycfg -dce -globaldce -basicaa -aggr-aa -aggrmodref-aa -aggr-aa -dse -duplicate-dataflow-processes -globaldce -instcombine -array-partition -instcombine -simplifycfg -dce -ptrArgReplace -global-constprop -deadargelim -mem2reg -func-legal -instcombine -dce -global-constprop -deadargelim -mem2reg -instcombine -simplifycfg -dce -merge-param -deadargelim -globalopt -constprop -dce -array-promote -constprop -instcombine -dce -ptrArgReplace -mem2reg -instcombine -simplifycfg -dce -mem-intrinsic-preproc -dce -global-internalize -global-privatize -mem2reg -globaldce -promote-global-argument -ptrArgReplace -mem2reg -instcombine -dce -globalopt -mergereturn -simplify-global-access -mem2reg -dce -pointer-simplify -dce -functionattrs -basicaa -aggr-aa -aggrmodref-aa -aggr-aa -gvn -gvn -basicaa -aggr-aa -aggrmodref-aa -aggr-aa -dse -adse -adce -inst-simplify -dce -norm-name -function-inline -globaldce -func-inst -constprop -instcombine -simplifycfg -dce -func-legal -dce -loop-bound -arraycheck -bitwidthmin -on-by-dataflow -loop-delete -instcombine -simplifycfg -globaldce -dce -gvn -deadargelim -dce -loop-simplify -clean-region -simplifycfg -propagate-stable-arguments -loop-stream -instcombine -simplifycfg -dce -globaldce -duplicate-dataflow-processes -stream-intrinsic-preproc -dce -check-ap-stream -loop-simplify -eliminate-keepreads -extract-dataflow-in-loop -loop-simplify -dce -gvn -deadargelim -dse -check-dataflow-syntax -legalize-stream-variable -legalize-global -extract-subproc -dce -dead-channel-elimination -canonicalize-gep -globaldce -dce -gvn -deadargelim -annotate-dataflow-channels -scalar-propagation -deadargelim -globaldce -mem2reg -check-dataflow-channels -function-stream -dce -globaldce -prop-fifo-spec -internal-stream-gen -canonicalize-gep -globaldce -dce -gvn -deadargelim -mergereturn -indvars -loop-simplify -instcombine -array-stream -array-seg-normalize -array-partition -func-legal -instcombine -simplifycfg -dce -bundle-memfifo-ops -deadargelim -function-uniquify -directive-preproc -mem2reg -dse -dce -group-axi-access -licm -simplifycfg -dce -loop-delete -norm-name /home/shubham/HLS_Exercises/CheckCustomization/solution1/.autopilot/db/a.o.1.bc -o /home/shubham/HLS_Exercises/CheckCustomization/solution1/.autopilot/db/a.o.1.tmp.bc -f 
INFO-FLOW: Presyn 2...
Execute         transform -hls -keep-callgraph -scalarrepl -mem2reg -port-alignment -attach-range -dce -pipe-mux-gen -indvars -loop-bound -inst-simplify -instcombine -dce -merge-array-access -mem2reg -dce -clean-region -mergereturn -if-conv -instcombine -dce -constprop -basicaa -aggr-aa -aggrmodref-aa -aggr-aa -gvn -gvn -basicaa -aggr-aa -aggrmodref-aa -aggr-aa -dse -adse -adce -scalarrepl -mem2reg -global-constprop -deadargelim -deadargelim -instcombine -dce -simplifycfg -ptrArgReplace -mem2reg -function-inline -globaldce -mem2reg -instcombine -dce -expr-balance -instcombine -dce -bitwidthmin -interface-preproc -directive-preproc -inst-rectify -instcombine -dce -functionattrs -constprop -instcombine -bit-constprop -simplify-global-access -globalopt -globaldce -inst-simplify -instcombine -elimdeaddata -dce -loop-delete -simplifycfg -loop-simplify -auto-burst -norm-name /home/shubham/HLS_Exercises/CheckCustomization/solution1/.autopilot/db/a.o.1.tmp.bc -o /home/shubham/HLS_Exercises/CheckCustomization/solution1/.autopilot/db/a.o.2.bc -f -phase presyn 
INFO: [HLS 200-111] Finished Pre-synthesis Time (s): cpu = 00:00:04 ; elapsed = 00:00:04 . Memory (MB): peak = 565.863 ; gain = 128.000 ; free physical = 342 ; free virtual = 10722
INFO-FLOW: Building ssdm...
Execute         transform -hls -function-uniquify -auto-function-inline -globaldce -ptrArgReplace -mem2reg -instcombine -dce -reset-lda -loop-simplify -indvars -licm -loop-dep -loop-bound -licm -loop-simplify -flattenloopnest -array-flatten -gvn -instcombine -dce -array-map -dce -func-legal -gvn -adce -instcombine -cfgopt -simplifycfg -loop-simplify -array-burst -promote-global-argument -dce -axi4-lower -array-seg-normalize -basicaa -aggrmodref-aa -globalsmodref-aa -aggr-aa -gvn -gvn -basicaa -aggrmodref-aa -globalsmodref-aa -aggr-aa -dse -adse -adce -licm -inst-simplify -dce -globaldce -instcombine -array-stream -eliminate-keepreads -instcombine -dce -deadargelim -doublePtrSimplify -doublePtrElim -dce -doublePtrSimplify -promote-dbg-pointer -dce -scalarrepl -mem2reg -disaggr -norm-name -mem2reg -instcombine -dse -adse -adce -ptrLegalization -dce -auto-rom-infer -array-flatten -dce -instcombine -check-doubleptr -loop-rot -constprop -cfgopt -simplifycfg -loop-simplify -indvars -pointer-simplify -dce -loop-bound -loop-simplify -loop-preproc -constprop -global-constprop -gvn -mem2reg -instcombine -dce -loop-bound -loop-merge -dce -bitwidthmin -deadargelim -dce -canonicalize-dataflow -dce -scalar-propagation -deadargelim -globaldce -mem2reg -read-loop-dep -interface-preproc -directive-preproc -interface-gen -bram-byte-enable -deadargelim -inst-simplify -dce -gvn -mem2reg -instcombine -dce -adse -loop-bound -instcombine -cfgopt -simplifycfg -loop-simplify -clean-region -io-protocol -find-region -mem2reg -bitop-raise -inst-simplify -inst-rectify -instcombine -adce -deadargelim -loop-simplify -phi-opt -bitop-raise -cfgopt -simplifycfg -strip-dead-prototypes -interface-lower -bitop-lower -intrinsic-lower -auto-function-inline -basicaa -aggrmodref-aa -globalsmodref-aa -aggr-aa -inst-simplify -simplifycfg -loop-simplify -mergereturn -inst-simplify -inst-rectify -dce -load-elim -bitop-lower -loop-rewind -pointer-simplify -dce -cfgopt -dce -bitwidth -loop-bound -loop-dep -read-loop-dep -dce -check-stream -norm-name -legalize -validate-dataflow -inst-clarity -cdfg-build /home/shubham/HLS_Exercises/CheckCustomization/solution1/.autopilot/db/a.o.2.bc -o /home/shubham/HLS_Exercises/CheckCustomization/solution1/.autopilot/db/a.o.3.bc -f -phase build-ssdm 
INFO: [HLS 200-111] Finished Architecture Synthesis Time (s): cpu = 00:00:04 ; elapsed = 00:00:04 . Memory (MB): peak = 565.863 ; gain = 128.000 ; free physical = 349 ; free virtual = 10729
INFO-FLOW: Finish building internal data model.
Command       opt_and_import_c done; 0.47 sec.
Command     elaborate done; 3.59 sec.
Execute     autosyn -from_csynth_design=1 
INFO: [HLS 200-10] Starting hardware synthesis ...
INFO-FLOW: Synthesizing C/C++ design ...
INFO: [HLS 200-10] Synthesizing 'Check' ...
Execute       ap_set_top_model Check 
Execute       get_model_list Check -filter all-wo-channel -topdown 
Execute       preproc_iomode -model Check 
Execute       get_model_list Check -filter all-wo-channel 
INFO-FLOW: Model list for configure: Check
INFO-FLOW: Configuring Module : Check ...
Execute       set_default_model Check 
Execute       apply_spec_resource_limit Check 
INFO-FLOW: Model list for preprocess: Check
INFO-FLOW: Preprocessing Module: Check ...
Execute       set_default_model Check 
Execute       cdfg_preprocess -model Check 
Execute       rtl_gen_preprocess Check 
INFO-FLOW: Model list for synthesis: Check
INFO: [HLS 200-10] ----------------------------------------------------------------
INFO: [HLS 200-42] -- Implementing module 'Check' 
INFO: [HLS 200-10] ----------------------------------------------------------------
Execute       set_default_model Check 
Execute       schedule -model Check 
INFO: [SCHED 204-11] Starting scheduling ...
INFO: [SCHED 204-11] Finished scheduling.
INFO: [HLS 200-111]  Elapsed time: 3.93 seconds; current allocated memory: 61.263 MB.
Execute       report -o /home/shubham/HLS_Exercises/CheckCustomization/solution1/.autopilot/db/Check.verbose.sched.rpt -verbose -f 
Execute       db_write -o /home/shubham/HLS_Exercises/CheckCustomization/solution1/.autopilot/db/Check.sched.adb -f 
INFO-FLOW: Finish scheduling Check.
Execute       set_default_model Check 
Execute       bind -model Check 
BIND OPTION: fu_weight=[ 0.0 -- 1.0 ]
BIND OPTION: model=Check
BIND OPTION: reg_weight=[ 0.0 -- 1.0 ]
INFO: [BIND 205-100] Starting micro-architecture generation ...
INFO: [BIND 205-101] Performing variable lifetime analysis.
INFO: [BIND 205-101] Exploring resource sharing.
INFO: [BIND 205-101] Binding ...
INFO: [BIND 205-100] Finished micro-architecture generation.
INFO: [HLS 200-111]  Elapsed time: 0 seconds; current allocated memory: 61.295 MB.
Execute       report -o /home/shubham/HLS_Exercises/CheckCustomization/solution1/.autopilot/db/Check.verbose.bind.rpt -verbose -f 
Execute       db_write -o /home/shubham/HLS_Exercises/CheckCustomization/solution1/.autopilot/db/Check.bind.adb -f 
INFO-FLOW: Finish binding Check.
Execute       get_model_list Check -filter all-wo-channel 
INFO-FLOW: Preprocessing for RTLGen ...
Execute       rtl_gen_preprocess Check 
INFO-FLOW: Model list for RTL generation: Check
INFO: [HLS 200-10] ----------------------------------------------------------------
INFO: [HLS 200-10] -- Generating RTL for module 'Check' 
INFO: [HLS 200-10] ----------------------------------------------------------------
Execute       get_config_rtl -prefix 
Execute       get_config_rtl -auto_prefix 
Execute       create_rtl_model Check -vendor xilinx -mg_file /home/shubham/HLS_Exercises/CheckCustomization/solution1/.autopilot/db/Check.compgen.tcl 
INFO: [RTGEN 206-500] Setting interface mode on port 'Check/a' to 'ap_none'.
INFO: [RTGEN 206-500] Setting interface mode on port 'Check/b' to 'ap_none'.
INFO: [RTGEN 206-500] Setting interface mode on function 'Check' to 'ap_ctrl_hs'.
WARNING: [RTGEN 206-101] Port 'Check/a' has no fanin or fanout and is left dangling.
               Please use C simulation to confirm this function argument can be read from or written to.
WARNING: [RTGEN 206-101] Port 'Check/b' has no fanin or fanout and is left dangling.
               Please use C simulation to confirm this function argument can be read from or written to.
INFO: [RTGEN 206-100] Finished creating RTL model for 'Check'.
INFO: [HLS 200-111]  Elapsed time: 0.01 seconds; current allocated memory: 61.402 MB.
Execute       source /home/shubham/HLS_Exercises/CheckCustomization/solution1/.autopilot/db/Check.rtl_wrap.cfg.tcl 
Execute       gen_rtl Check -istop -style xilinx -tracefl mytrace -tracefmt vcd -traceopt all -f -lang sc -o /home/shubham/HLS_Exercises/CheckCustomization/solution1/syn/systemc/Check -synmodules Check 
Execute       gen_rtl Check -istop -style xilinx -f -lang vhdl -o /home/shubham/HLS_Exercises/CheckCustomization/solution1/syn/vhdl/Check 
Execute       gen_rtl Check -istop -style xilinx -f -lang vlog -o /home/shubham/HLS_Exercises/CheckCustomization/solution1/syn/verilog/Check 
Execute       export_constraint_db -o /home/shubham/HLS_Exercises/CheckCustomization/solution1/.autopilot/db/Check.constraint.tcl -f -tool general 
Execute       report -model Check -o /home/shubham/HLS_Exercises/CheckCustomization/solution1/.autopilot/db/Check.design.xml -verbose -f -dv 
Execute       report -model Check -o /home/shubham/HLS_Exercises/CheckCustomization/solution1/.autopilot/db/Check.sdaccel.xml -verbose -f -sdaccel 
Execute       gen_tb_info Check -o /home/shubham/HLS_Exercises/CheckCustomization/solution1/.autopilot/db/Check -p /home/shubham/HLS_Exercises/CheckCustomization/solution1/.autopilot/db 
Execute       report -model Check -o /home/shubham/HLS_Exercises/CheckCustomization/solution1/syn/report/Check_csynth.rpt -f 
Execute       report -model Check -o /home/shubham/HLS_Exercises/CheckCustomization/solution1/syn/report/Check_csynth.xml -f -x 
Execute       report -model Check -o /home/shubham/HLS_Exercises/CheckCustomization/solution1/.autopilot/db/Check.verbose.rpt -verbose -f 
Execute       db_write -model Check -o /home/shubham/HLS_Exercises/CheckCustomization/solution1/.autopilot/db/Check.adb -f 
Execute       sc_get_clocks Check 
Execute       get_config_export -vivado_clock 
Execute       sc_get_portdomain Check 
INFO-FLOW: Model list for RTL component generation: Check
INFO-FLOW: Handling components in module [Check] ... 
Execute       source /home/shubham/HLS_Exercises/CheckCustomization/solution1/.autopilot/db/Check.compgen.tcl 
INFO-FLOW: Append model Check
INFO-FLOW: Generating RTL model list ...
INFO-FLOW: All models in this session: Check
INFO-FLOW: To file: write model Check
INFO-FLOW: Finished generating RTL model list.


INFO-FLOW: RTL Generation done.
INFO-FLOW: CAS Generation done.
INFO-FLOW: CBC Generation done.
INFO-FLOW: DBG:CMD: auto_generate_csynth_design
INFO-FLOW: DBG:CMD:     auto_generate --sim-model -phase csynth_design -d /home/shubham/HLS_Exercises/CheckCustomization/solution1
Execute       source /home/shubham/HLS_Exercises/CheckCustomization/solution1/.autopilot/db/global.setting.tcl 
INFO-FLOW: DBG:CMD: read_platform_lib /home/shubham/HLS_Exercises/CheckCustomization/solution1/.autopilot/db/global.setting.tcl
Execute       source /home/shubham/Xilinx2018.3/Vivado/2018.3/common/technology/generic/autopilot/common.gen 
Execute         source /home/shubham/Xilinx2018.3/Vivado/2018.3/common/technology/generic/autopilot/APCoreGen.gen 
Execute       source /home/shubham/Xilinx2018.3/Vivado/2018.3/common/technology/generic/autopilot/op.gen 
Execute       source /home/shubham/Xilinx2018.3/Vivado/2018.3/common/technology/generic/autopilot/op_simcore.gen 
Execute       source /home/shubham/Xilinx2018.3/Vivado/2018.3/common/technology/generic/autopilot/interface.gen 
Execute       source /home/shubham/HLS_Exercises/CheckCustomization/solution1/.autopilot/db/global.setting.tcl 
Execute       source /home/shubham/Xilinx2018.3/Vivado/2018.3/common/technology/xilinx/zynquplus/zynquplus.gen 
Execute         source /home/shubham/Xilinx2018.3/Vivado/2018.3/common/technology/xilinx/common/virtex.gen 
Execute           source /home/shubham/Xilinx2018.3/Vivado/2018.3/common/technology/xilinx/common/xilinx.gen 
Execute             source /home/shubham/Xilinx2018.3/Vivado/2018.3/common/technology/xilinx/interface/plb46.gen 
Execute             source /home/shubham/Xilinx2018.3/Vivado/2018.3/common/technology/xilinx/interface/fsl.gen 
Execute             source /home/shubham/Xilinx2018.3/Vivado/2018.3/common/technology/xilinx/interface/axi4.gen 
Execute             source /home/shubham/Xilinx2018.3/Vivado/2018.3/common/technology/xilinx/interface/nativeAXI4.gen 
Execute               source /home/shubham/Xilinx2018.3/Vivado/2018.3/common/technology/xilinx/interface/saxilite.gen 
Execute               source /home/shubham/Xilinx2018.3/Vivado/2018.3/common/technology/xilinx/interface/maxi.gen 
Execute             source /home/shubham/Xilinx2018.3/Vivado/2018.3/common/technology/xilinx/scripts/xilinxcoregen.gen 
Execute             source /home/shubham/Xilinx2018.3/Vivado/2018.3/common/technology/xilinx/interface/XilEDKCoreGen.gen 
Execute             source /home/shubham/Xilinx2018.3/Vivado/2018.3/common/technology/xilinx/ip/dds_compiler.gen 
Execute             source /home/shubham/Xilinx2018.3/Vivado/2018.3/common/technology/xilinx/ip/util.gen 
Execute             source /home/shubham/Xilinx2018.3/Vivado/2018.3/common/technology/xilinx/ip/xfft.gen 
Execute             source /home/shubham/Xilinx2018.3/Vivado/2018.3/common/technology/xilinx/ip/xfir.gen 
Execute           source /home/shubham/Xilinx2018.3/Vivado/2018.3/common/technology/xilinx/common/dsp48.gen 
Execute       source /home/shubham/Xilinx2018.3/Vivado/2018.3/common/technology/xilinx/zynquplus/zynquplus_fpv7.gen 
Execute         source /home/shubham/Xilinx2018.3/Vivado/2018.3/common/technology/xilinx/common/xilinx_fpv6.gen 
INFO-FLOW: DBG:CMD:   using AESL_AUTOCG::g_clock_period=10.000 (was NA)
INFO-FLOW: DBG:CMD:       generate_ip_cores sim=1 export=0 expOnly=0 dstVlogDir=syn/verilog
Execute       source /home/shubham/HLS_Exercises/CheckCustomization/solution1/.autopilot/db/global.setting.tcl 
Execute       source /home/shubham/HLS_Exercises/CheckCustomization/solution1/.autopilot/db/global.setting.tcl 
Execute       source /home/shubham/HLS_Exercises/CheckCustomization/solution1/.autopilot/db/global.setting.tcl 
Execute       source /home/shubham/HLS_Exercises/CheckCustomization/solution1/.autopilot/db/Check.compgen.tcl 
INFO-FLOW: DBG:CMD:     auto_generate -export -impltomg_flag -rtl both -tool Vivado -pcore_version 1.00.a -phase csynth_design -d /home/shubham/HLS_Exercises/CheckCustomization/solution1
Execute       source /home/shubham/HLS_Exercises/CheckCustomization/solution1/.autopilot/db/global.setting.tcl 
INFO-FLOW: DBG:CMD: read_platform_lib /home/shubham/HLS_Exercises/CheckCustomization/solution1/.autopilot/db/global.setting.tcl
Execute       source /home/shubham/Xilinx2018.3/Vivado/2018.3/common/technology/generic/autopilot/common.gen 
Execute         source /home/shubham/Xilinx2018.3/Vivado/2018.3/common/technology/generic/autopilot/APCoreGen.gen 
Execute       source /home/shubham/Xilinx2018.3/Vivado/2018.3/common/technology/generic/autopilot/op.gen 
Execute       source /home/shubham/Xilinx2018.3/Vivado/2018.3/common/technology/generic/autopilot/op_simcore.gen 
Execute       source /home/shubham/Xilinx2018.3/Vivado/2018.3/common/technology/generic/autopilot/interface.gen 
Execute       source /home/shubham/HLS_Exercises/CheckCustomization/solution1/.autopilot/db/global.setting.tcl 
Execute       source /home/shubham/Xilinx2018.3/Vivado/2018.3/common/technology/xilinx/zynquplus/zynquplus.gen 
Execute         source /home/shubham/Xilinx2018.3/Vivado/2018.3/common/technology/xilinx/common/virtex.gen 
Execute           source /home/shubham/Xilinx2018.3/Vivado/2018.3/common/technology/xilinx/common/xilinx.gen 
Execute             source /home/shubham/Xilinx2018.3/Vivado/2018.3/common/technology/xilinx/interface/plb46.gen 
Execute             source /home/shubham/Xilinx2018.3/Vivado/2018.3/common/technology/xilinx/interface/fsl.gen 
Execute             source /home/shubham/Xilinx2018.3/Vivado/2018.3/common/technology/xilinx/interface/axi4.gen 
Execute             source /home/shubham/Xilinx2018.3/Vivado/2018.3/common/technology/xilinx/interface/nativeAXI4.gen 
Execute               source /home/shubham/Xilinx2018.3/Vivado/2018.3/common/technology/xilinx/interface/saxilite.gen 
Execute               source /home/shubham/Xilinx2018.3/Vivado/2018.3/common/technology/xilinx/interface/maxi.gen 
Execute             source /home/shubham/Xilinx2018.3/Vivado/2018.3/common/technology/xilinx/scripts/xilinxcoregen.gen 
Execute             source /home/shubham/Xilinx2018.3/Vivado/2018.3/common/technology/xilinx/interface/XilEDKCoreGen.gen 
Execute             source /home/shubham/Xilinx2018.3/Vivado/2018.3/common/technology/xilinx/ip/dds_compiler.gen 
Execute             source /home/shubham/Xilinx2018.3/Vivado/2018.3/common/technology/xilinx/ip/util.gen 
Execute             source /home/shubham/Xilinx2018.3/Vivado/2018.3/common/technology/xilinx/ip/xfft.gen 
Execute             source /home/shubham/Xilinx2018.3/Vivado/2018.3/common/technology/xilinx/ip/xfir.gen 
Execute           source /home/shubham/Xilinx2018.3/Vivado/2018.3/common/technology/xilinx/common/dsp48.gen 
Execute       source /home/shubham/Xilinx2018.3/Vivado/2018.3/common/technology/xilinx/zynquplus/zynquplus_fpv7.gen 
Execute         source /home/shubham/Xilinx2018.3/Vivado/2018.3/common/technology/xilinx/common/xilinx_fpv6.gen 
INFO-FLOW: DBG:CMD:       initCTypeInfo top_module=Check xml_exists=0
Execute       source /home/shubham/HLS_Exercises/CheckCustomization/solution1/.autopilot/db/Check.rtl_wrap.cfg.tcl 
Execute       source /home/shubham/HLS_Exercises/CheckCustomization/solution1/.autopilot/db/Check.rtl_wrap.cfg.tcl 
Execute       source /home/shubham/HLS_Exercises/CheckCustomization/solution1/.autopilot/db/Check.rtl_wrap.cfg.tcl 
Execute       source /home/shubham/HLS_Exercises/CheckCustomization/solution1/.autopilot/db/Check.tbgen.tcl 
Execute       source /home/shubham/HLS_Exercises/CheckCustomization/solution1/.autopilot/db/Check.tbgen.tcl 
INFO-FLOW: DBG:CMD:       export_impl_rtl
INFO-FLOW: DBG:CMD:       generate_ip_cores sim=0 export=0 expOnly=0 dstVlogDir=impl/.verilog
Execute       source /home/shubham/HLS_Exercises/CheckCustomization/solution1/.autopilot/db/global.setting.tcl 
Execute       source /home/shubham/HLS_Exercises/CheckCustomization/solution1/.autopilot/db/Check.compgen.tcl 
INFO-FLOW: DBG:CMD:       generate_ip_cores sim=0 export=1 expOnly=1 dstVlogDir=impl/.pcores/verilog
Execute       source /home/shubham/HLS_Exercises/CheckCustomization/solution1/.autopilot/db/global.setting.tcl 
Execute       source /home/shubham/HLS_Exercises/CheckCustomization/solution1/.autopilot/db/Check.compgen.tcl 
INFO-FLOW: DBG:CMD:       generate_ip_cores sim=0 export=0 expOnly=0 dstVlogDir=impl/.pcores/verilog_sim
Execute       source /home/shubham/HLS_Exercises/CheckCustomization/solution1/.autopilot/db/global.setting.tcl 
Execute       source /home/shubham/HLS_Exercises/CheckCustomization/solution1/.autopilot/db/Check.compgen.tcl 
Execute       source /home/shubham/HLS_Exercises/CheckCustomization/solution1/.autopilot/db/global.setting.tcl 
Execute       source /home/shubham/HLS_Exercises/CheckCustomization/solution1/.autopilot/db/Check.constraint.tcl 
INFO-FLOW: DBG:CMD:       hasPcoreIpAdapter=false #gSsdmPorts=2
INFO-FLOW: DBG:CMD: Skipping loadAnalyze_DB, #g_database=2
INFO-FLOW: DBG:CMD:       generate_json is_phase_csynth=1 g_has_adaptors=false generate_bd_files=0 #modelList=1 #gSsdmPorts=2
Execute       source /home/shubham/HLS_Exercises/CheckCustomization/solution1/.autopilot/db/global.setting.tcl 
Execute       source /home/shubham/HLS_Exercises/CheckCustomization/solution1/.autopilot/db/global.setting.tcl 
Execute       source /home/shubham/HLS_Exercises/CheckCustomization/solution1/.autopilot/db/Check.tbgen.tcl 
Execute       source /home/shubham/HLS_Exercises/CheckCustomization/solution1/.autopilot/db/global.setting.tcl 
Execute       get_config_sdx -target 
Execute       get_config_export -xo 
Execute       source /home/shubham/HLS_Exercises/CheckCustomization/solution1/.autopilot/db/global.setting.tcl 
Execute       source /home/shubham/HLS_Exercises/CheckCustomization/solution1/.autopilot/db/Check.constraint.tcl 
Execute       source /home/shubham/HLS_Exercises/CheckCustomization/solution1/.autopilot/db/global.setting.tcl 
Execute       get_config_sdx -target 
Execute       get_config_sdx -profile 
Execute       ::config_rtl 
INFO-FLOW: DBG:CMD: add_json_sdx_info kernel file does not exist: /home/shubham/HLS_Exercises/CheckCustomization/solution1/.autopilot/db/kernel.internal.xml
INFO-FLOW: DBG:CMD:       delete-temp-dirs (skipped for debug)
INFO: [HLS 200-111] Finished generating all RTL models Time (s): cpu = 00:00:04 ; elapsed = 00:00:04 . Memory (MB): peak = 565.863 ; gain = 128.000 ; free physical = 346 ; free virtual = 10725
INFO: [SYSC 207-301] Generating SystemC RTL for Check.
INFO: [VHDL 208-304] Generating VHDL RTL for Check.
INFO: [VLOG 209-307] Generating Verilog RTL for Check.
Command     autosyn done; 0.23 sec.
Execute     get_part 
Execute     get_config_export -sdx_tcl 
Command   csynth_design done; 3.82 sec.
Command ap_source done; 3.99 sec.
Execute cleanup_all 
INFO-FLOW: Workspace /home/shubham/HLS_Exercises/CheckCustomization/solution1 opened at Thu Jan 23 15:54:30 IST 2020
Execute     config_clock -quiet -name default -period 10 -default=false 
INFO: [SYN 201-201] Setting up clock 'default' with a period of 10ns.
Execute     open_platform DefaultPlatform 
Execute     import_lib /home/shubham/Xilinx2018.3/Vivado/2018.3/common/technology/xilinx/zynquplus/zynquplus 
Execute       source /home/shubham/Xilinx2018.3/Vivado/2018.3/common/technology/xilinx/common/xilinx.lib 
Execute         source /home/shubham/Xilinx2018.3/Vivado/2018.3/common/technology/xilinx/interface/xilinx_interface.lib 
Execute           source /home/shubham/Xilinx2018.3/Vivado/2018.3/common/technology/xilinx/interface/plb46.lib 
Execute           source /home/shubham/Xilinx2018.3/Vivado/2018.3/common/technology/xilinx/interface/fsl.lib 
Execute           source /home/shubham/Xilinx2018.3/Vivado/2018.3/common/technology/xilinx/interface/axi4.lib 
Execute           source /home/shubham/Xilinx2018.3/Vivado/2018.3/common/technology/xilinx/interface/maxi.lib 
Execute           source /home/shubham/Xilinx2018.3/Vivado/2018.3/common/technology/xilinx/interface/saxilite.lib 
Execute         source /home/shubham/Xilinx2018.3/Vivado/2018.3/common/technology/xilinx/common/dsp48.lib 
Execute         source /home/shubham/Xilinx2018.3/Vivado/2018.3/common/technology/xilinx/ip/dds_compiler.lib 
Execute         source /home/shubham/Xilinx2018.3/Vivado/2018.3/common/technology/xilinx/ip/xfft.lib 
Execute         source /home/shubham/Xilinx2018.3/Vivado/2018.3/common/technology/xilinx/ip/xfir.lib 
Execute       source /home/shubham/Xilinx2018.3/Vivado/2018.3/common/technology/xilinx/common/xilinx_old.lib 
Execute       source /home/shubham/Xilinx2018.3/Vivado/2018.3/common/technology/xilinx/common/xilinx_vivado.lib 
Execute       source /home/shubham/Xilinx2018.3/Vivado/2018.3/common/technology/xilinx/common/xilinx.hlp 
Execute         source /home/shubham/Xilinx2018.3/Vivado/2018.3/common/technology/xilinx/common/target_info.tcl 
Execute         source /home/shubham/Xilinx2018.3/Vivado/2018.3/common/technology/xilinx/interface/xilinx_interface.hlp 
Execute           source /home/shubham/Xilinx2018.3/Vivado/2018.3/common/technology/xilinx/interface/maxi.hlp 
Execute           source /home/shubham/Xilinx2018.3/Vivado/2018.3/common/technology/xilinx/interface/saxilite.hlp 
Execute         source /home/shubham/Xilinx2018.3/Vivado/2018.3/common/technology/xilinx/common/dsp48.hlp 
Execute       source /home/shubham/Xilinx2018.3/Vivado/2018.3/common/technology/xilinx/zynquplus/dsp48e2.hlp 
Execute       get_default_platform 
Execute       config_chip_info -quiet -resource  {SLICE 34260} {LUT 274080}   {FF 548160}  {DSP48E 2520}  {BRAM 1824} {URAM 0}  
Execute       config_chip_info -quiet -speed medium 
Execute       source /home/shubham/Xilinx2018.3/Vivado/2018.3/common/technology/xilinx/common/xilinx.hlp 
Execute         source /home/shubham/Xilinx2018.3/Vivado/2018.3/common/technology/xilinx/common/target_info.tcl 
Execute         source /home/shubham/Xilinx2018.3/Vivado/2018.3/common/technology/xilinx/interface/xilinx_interface.hlp 
Execute           source /home/shubham/Xilinx2018.3/Vivado/2018.3/common/technology/xilinx/interface/maxi.hlp 
Execute           source /home/shubham/Xilinx2018.3/Vivado/2018.3/common/technology/xilinx/interface/saxilite.hlp 
Execute         source /home/shubham/Xilinx2018.3/Vivado/2018.3/common/technology/xilinx/common/dsp48.hlp 
Execute     source /home/shubham/Xilinx2018.3/Vivado/2018.3/common/technology/xilinx/zynquplus/zynquplus.gen 
Execute       source /home/shubham/Xilinx2018.3/Vivado/2018.3/common/technology/xilinx/common/virtex.gen 
Execute         source /home/shubham/Xilinx2018.3/Vivado/2018.3/common/technology/xilinx/common/xilinx.gen 
Execute           source /home/shubham/Xilinx2018.3/Vivado/2018.3/common/technology/xilinx/interface/plb46.gen 
Execute           source /home/shubham/Xilinx2018.3/Vivado/2018.3/common/technology/xilinx/interface/fsl.gen 
Execute           source /home/shubham/Xilinx2018.3/Vivado/2018.3/common/technology/xilinx/interface/axi4.gen 
Execute           source /home/shubham/Xilinx2018.3/Vivado/2018.3/common/technology/xilinx/interface/nativeAXI4.gen 
Execute             source /home/shubham/Xilinx2018.3/Vivado/2018.3/common/technology/xilinx/interface/saxilite.gen 
Execute             source /home/shubham/Xilinx2018.3/Vivado/2018.3/common/technology/xilinx/interface/maxi.gen 
Execute           source /home/shubham/Xilinx2018.3/Vivado/2018.3/common/technology/xilinx/scripts/xilinxcoregen.gen 
Execute           source /home/shubham/Xilinx2018.3/Vivado/2018.3/common/technology/xilinx/interface/XilEDKCoreGen.gen 
Execute           source /home/shubham/Xilinx2018.3/Vivado/2018.3/common/technology/xilinx/ip/dds_compiler.gen 
Execute           source /home/shubham/Xilinx2018.3/Vivado/2018.3/common/technology/xilinx/ip/util.gen 
Execute           source /home/shubham/Xilinx2018.3/Vivado/2018.3/common/technology/xilinx/ip/xfft.gen 
Execute           source /home/shubham/Xilinx2018.3/Vivado/2018.3/common/technology/xilinx/ip/xfir.gen 
Execute         source /home/shubham/Xilinx2018.3/Vivado/2018.3/common/technology/xilinx/common/dsp48.gen 
Execute     open_platform DefaultPlatform 
Execute     import_lib /home/shubham/Xilinx2018.3/Vivado/2018.3/common/technology/xilinx/zynquplus/zynquplus_fpv7 
Execute       source /home/shubham/Xilinx2018.3/Vivado/2018.3/common/technology/xilinx/common/xilinx_fpv7.lib 
Execute         source /home/shubham/Xilinx2018.3/Vivado/2018.3/common/technology/xilinx/common/xilinx_hp.lib 
Execute       source /home/shubham/Xilinx2018.3/Vivado/2018.3/common/technology/xilinx/common/xilinx_fpv.hlp 
Execute         source /home/shubham/Xilinx2018.3/Vivado/2018.3/common/technology/xilinx/common/xilinx.hlp 
Execute           source /home/shubham/Xilinx2018.3/Vivado/2018.3/common/technology/xilinx/common/target_info.tcl 
Execute           source /home/shubham/Xilinx2018.3/Vivado/2018.3/common/technology/xilinx/interface/xilinx_interface.hlp 
Execute             source /home/shubham/Xilinx2018.3/Vivado/2018.3/common/technology/xilinx/interface/maxi.hlp 
Execute             source /home/shubham/Xilinx2018.3/Vivado/2018.3/common/technology/xilinx/interface/saxilite.hlp 
Execute           source /home/shubham/Xilinx2018.3/Vivado/2018.3/common/technology/xilinx/common/dsp48.hlp 
Execute       source /home/shubham/Xilinx2018.3/Vivado/2018.3/common/technology/xilinx/zynquplus/zynquplus_hp.hlp 
Execute     source /home/shubham/Xilinx2018.3/Vivado/2018.3/common/technology/xilinx/zynquplus/zynquplus_fpv7.gen 
Execute       source /home/shubham/Xilinx2018.3/Vivado/2018.3/common/technology/xilinx/common/xilinx_fpv6.gen 
Execute     set_part xczu9eg-ffvb1156-2-e 
Execute       add_library xilinx/zynquplus/zynquplus:xczu9eg:-ffvb1156:-2-e 
Execute         get_default_platform 
Execute         license_isbetapart xczu9eg 
Command         license_isbetapart done; error code: 1; 
Execute         get_default_platform 
Execute         config_chip_info -quiet -resource  {SLICE 34260} {LUT 274080}   {FF 548160}  {DSP48E 2520}  {BRAM 1824} {URAM 0}  
Execute         config_chip_info -quiet -speed medium 
Execute       add_library xilinx/zynquplus/zynquplus_fpv7 
Execute         get_default_platform 
INFO: [HLS 200-10] Setting target device to 'xczu9eg-ffvb1156-2-e'
Execute       get_default_platform 
Execute     get_default_platform 
Execute     config_chip_info -quiet -resource  {SLICE 34260} {LUT 274080}   {FF 548160}  {DSP48E 2520}  {BRAM 1824} {URAM 0}  
Execute     config_chip_info -quiet -speed medium 
Command   open_solution done; 0.13 sec.
Execute   export_design -flow syn -rtl verilog -format ip_catalog 
Execute     get_config_export -acc 
Execute     get_config_export -clock_margin 
Execute     get_config_export -custom_script 
Execute     get_config_export -description 
Execute     get_config_export -display_name 
Execute     get_config_export -driver_input_dir 
Execute     get_config_export -ipname 
Execute     get_config_export -kernel_drc 
Execute     get_config_export -library 
Execute     get_config_export -qor_test 
Execute     get_config_export -sdaccel 
Execute     get_config_export -sim 
Execute     get_config_export -taxonomy 
Execute     get_config_export -use_ip 
Execute     get_config_export -use_netlist 
Execute     get_config_export -vendor 
Execute     get_config_export -version 
Execute     get_config_export -xo 
Execute     config_export -format=ip_catalog -rtl=verilog 
INFO-FLOW: DBG:CMD: export_design_wrap: -format ip_catalog -flow syn -rtl verilog
Execute     source /home/shubham/HLS_Exercises/CheckCustomization/solution1/.autopilot/db/global.setting.tcl 
Execute     get_config_export -vivado_clock 
Execute     get_top 
Execute     get_config_sdx -target 
Execute     get_config_rtl -auto_prefix 
Execute     get_config_sdx -target 
INFO-FLOW: DBG:CMD:   auto_impl: pack: -export -tool vivado -rtl verilog -sdx-target none
Execute     source /home/shubham/HLS_Exercises/CheckCustomization/solution1/.autopilot/db/global.setting.tcl 
INFO-FLOW: DBG:CMD: read_platform_lib /home/shubham/HLS_Exercises/CheckCustomization/solution1/.autopilot/db/global.setting.tcl
Execute     source /home/shubham/Xilinx2018.3/Vivado/2018.3/common/technology/generic/autopilot/common.gen 
Execute       source /home/shubham/Xilinx2018.3/Vivado/2018.3/common/technology/generic/autopilot/APCoreGen.gen 
Execute     source /home/shubham/Xilinx2018.3/Vivado/2018.3/common/technology/generic/autopilot/op.gen 
Execute     source /home/shubham/Xilinx2018.3/Vivado/2018.3/common/technology/generic/autopilot/op_simcore.gen 
Execute     source /home/shubham/Xilinx2018.3/Vivado/2018.3/common/technology/generic/autopilot/interface.gen 
Execute     source /home/shubham/HLS_Exercises/CheckCustomization/solution1/.autopilot/db/global.setting.tcl 
Execute     source /home/shubham/Xilinx2018.3/Vivado/2018.3/common/technology/xilinx/zynquplus/zynquplus.gen 
Execute       source /home/shubham/Xilinx2018.3/Vivado/2018.3/common/technology/xilinx/common/virtex.gen 
Execute         source /home/shubham/Xilinx2018.3/Vivado/2018.3/common/technology/xilinx/common/xilinx.gen 
Execute           source /home/shubham/Xilinx2018.3/Vivado/2018.3/common/technology/xilinx/interface/plb46.gen 
Execute           source /home/shubham/Xilinx2018.3/Vivado/2018.3/common/technology/xilinx/interface/fsl.gen 
Execute           source /home/shubham/Xilinx2018.3/Vivado/2018.3/common/technology/xilinx/interface/axi4.gen 
Execute           source /home/shubham/Xilinx2018.3/Vivado/2018.3/common/technology/xilinx/interface/nativeAXI4.gen 
Execute             source /home/shubham/Xilinx2018.3/Vivado/2018.3/common/technology/xilinx/interface/saxilite.gen 
Execute             source /home/shubham/Xilinx2018.3/Vivado/2018.3/common/technology/xilinx/interface/maxi.gen 
Execute           source /home/shubham/Xilinx2018.3/Vivado/2018.3/common/technology/xilinx/scripts/xilinxcoregen.gen 
Execute           source /home/shubham/Xilinx2018.3/Vivado/2018.3/common/technology/xilinx/interface/XilEDKCoreGen.gen 
Execute           source /home/shubham/Xilinx2018.3/Vivado/2018.3/common/technology/xilinx/ip/dds_compiler.gen 
Execute           source /home/shubham/Xilinx2018.3/Vivado/2018.3/common/technology/xilinx/ip/util.gen 
Execute           source /home/shubham/Xilinx2018.3/Vivado/2018.3/common/technology/xilinx/ip/xfft.gen 
Execute           source /home/shubham/Xilinx2018.3/Vivado/2018.3/common/technology/xilinx/ip/xfir.gen 
Execute         source /home/shubham/Xilinx2018.3/Vivado/2018.3/common/technology/xilinx/common/dsp48.gen 
Execute     source /home/shubham/Xilinx2018.3/Vivado/2018.3/common/technology/xilinx/zynquplus/zynquplus_fpv7.gen 
Execute       source /home/shubham/Xilinx2018.3/Vivado/2018.3/common/technology/xilinx/common/xilinx_fpv6.gen 
INFO-FLOW: DBG:CMD:   using AESL_AUTOCG::g_clock_period=10.000 (was NA)
Execute     source /home/shubham/HLS_Exercises/CheckCustomization/solution1/.autopilot/db/global.setting.tcl 
INFO: [IMPL 213-8] Exporting RTL as a Vivado IP.
Execute     source /home/shubham/HLS_Exercises/CheckCustomization/solution1/.autopilot/db/global.setting.tcl 
INFO-FLOW: DBG:CMD: automg_wrap -export -pcore_version 1.00.a -rtl vlog -sdx-target none -tool Vivado -impltomg_flag
INFO-FLOW: DBG:CMD:     auto_generate -export -pcore_version 1.00.a -rtl vlog -sdx-target none -tool Vivado -impltomg_flag
Execute     source /home/shubham/HLS_Exercises/CheckCustomization/solution1/.autopilot/db/global.setting.tcl 
INFO-FLOW: DBG:CMD: read_platform_lib /home/shubham/HLS_Exercises/CheckCustomization/solution1/.autopilot/db/global.setting.tcl
Execute     source /home/shubham/Xilinx2018.3/Vivado/2018.3/common/technology/generic/autopilot/common.gen 
Execute       source /home/shubham/Xilinx2018.3/Vivado/2018.3/common/technology/generic/autopilot/APCoreGen.gen 
Execute     source /home/shubham/Xilinx2018.3/Vivado/2018.3/common/technology/generic/autopilot/op.gen 
Execute     source /home/shubham/Xilinx2018.3/Vivado/2018.3/common/technology/generic/autopilot/op_simcore.gen 
Execute     source /home/shubham/Xilinx2018.3/Vivado/2018.3/common/technology/generic/autopilot/interface.gen 
Execute     source /home/shubham/HLS_Exercises/CheckCustomization/solution1/.autopilot/db/global.setting.tcl 
Execute     source /home/shubham/Xilinx2018.3/Vivado/2018.3/common/technology/xilinx/zynquplus/zynquplus.gen 
Execute       source /home/shubham/Xilinx2018.3/Vivado/2018.3/common/technology/xilinx/common/virtex.gen 
Execute         source /home/shubham/Xilinx2018.3/Vivado/2018.3/common/technology/xilinx/common/xilinx.gen 
Execute           source /home/shubham/Xilinx2018.3/Vivado/2018.3/common/technology/xilinx/interface/plb46.gen 
Execute           source /home/shubham/Xilinx2018.3/Vivado/2018.3/common/technology/xilinx/interface/fsl.gen 
Execute           source /home/shubham/Xilinx2018.3/Vivado/2018.3/common/technology/xilinx/interface/axi4.gen 
Execute           source /home/shubham/Xilinx2018.3/Vivado/2018.3/common/technology/xilinx/interface/nativeAXI4.gen 
Execute             source /home/shubham/Xilinx2018.3/Vivado/2018.3/common/technology/xilinx/interface/saxilite.gen 
Execute             source /home/shubham/Xilinx2018.3/Vivado/2018.3/common/technology/xilinx/interface/maxi.gen 
Execute           source /home/shubham/Xilinx2018.3/Vivado/2018.3/common/technology/xilinx/scripts/xilinxcoregen.gen 
Execute           source /home/shubham/Xilinx2018.3/Vivado/2018.3/common/technology/xilinx/interface/XilEDKCoreGen.gen 
Execute           source /home/shubham/Xilinx2018.3/Vivado/2018.3/common/technology/xilinx/ip/dds_compiler.gen 
Execute           source /home/shubham/Xilinx2018.3/Vivado/2018.3/common/technology/xilinx/ip/util.gen 
Execute           source /home/shubham/Xilinx2018.3/Vivado/2018.3/common/technology/xilinx/ip/xfft.gen 
Execute           source /home/shubham/Xilinx2018.3/Vivado/2018.3/common/technology/xilinx/ip/xfir.gen 
Execute         source /home/shubham/Xilinx2018.3/Vivado/2018.3/common/technology/xilinx/common/dsp48.gen 
Execute     source /home/shubham/Xilinx2018.3/Vivado/2018.3/common/technology/xilinx/zynquplus/zynquplus_fpv7.gen 
Execute       source /home/shubham/Xilinx2018.3/Vivado/2018.3/common/technology/xilinx/common/xilinx_fpv6.gen 
INFO-FLOW: DBG:CMD:       initCTypeInfo top_module=Check xml_exists=1
Execute     source /home/shubham/HLS_Exercises/CheckCustomization/solution1/.autopilot/db/Check.rtl_wrap.cfg.tcl 
Execute     source /home/shubham/HLS_Exercises/CheckCustomization/solution1/.autopilot/db/Check.rtl_wrap.cfg.tcl 
Execute     source /home/shubham/HLS_Exercises/CheckCustomization/solution1/.autopilot/db/Check.rtl_wrap.cfg.tcl 
Execute     source /home/shubham/HLS_Exercises/CheckCustomization/solution1/.autopilot/db/Check.tbgen.tcl 
Execute     source /home/shubham/HLS_Exercises/CheckCustomization/solution1/.autopilot/db/Check.tbgen.tcl 
INFO-FLOW: DBG:CMD:       export_impl_rtl
INFO-FLOW: DBG:CMD:       generate_ip_cores sim=0 export=0 expOnly=0 dstVlogDir=impl/.verilog
Execute     source /home/shubham/HLS_Exercises/CheckCustomization/solution1/.autopilot/db/global.setting.tcl 
Execute     source /home/shubham/HLS_Exercises/CheckCustomization/solution1/.autopilot/db/Check.compgen.tcl 
INFO-FLOW: DBG:CMD:       generate_ip_cores sim=0 export=1 expOnly=1 dstVlogDir=impl/.pcores/verilog
Execute     source /home/shubham/HLS_Exercises/CheckCustomization/solution1/.autopilot/db/global.setting.tcl 
Execute     source /home/shubham/HLS_Exercises/CheckCustomization/solution1/.autopilot/db/Check.compgen.tcl 
INFO-FLOW: DBG:CMD:       generate_ip_cores sim=0 export=0 expOnly=0 dstVlogDir=impl/.pcores/verilog_sim
Execute     source /home/shubham/HLS_Exercises/CheckCustomization/solution1/.autopilot/db/global.setting.tcl 
Execute     source /home/shubham/HLS_Exercises/CheckCustomization/solution1/.autopilot/db/Check.compgen.tcl 
Execute     source /home/shubham/HLS_Exercises/CheckCustomization/solution1/.autopilot/db/global.setting.tcl 
Execute     source /home/shubham/HLS_Exercises/CheckCustomization/solution1/.autopilot/db/Check.constraint.tcl 
INFO-FLOW: DBG:CMD:       hasPcoreIpAdapter=false #gSsdmPorts=2
INFO-FLOW: DBG:CMD:       generate_ip_script #gSsdmPorts=2
Execute     source /home/shubham/HLS_Exercises/CheckCustomization/solution1/.autopilot/db/Check.tbgen.tcl 
Execute     source /home/shubham/HLS_Exercises/CheckCustomization/solution1/.autopilot/db/global.setting.tcl 
Execute     get_config_sdx -target 
INFO-FLOW: DBG:CMD:       generate_ip_auxiliary
Execute     source /home/shubham/HLS_Exercises/CheckCustomization/solution1/.autopilot/db/global.setting.tcl 
INFO-FLOW: DBG:CMD:       prepArgInfo -> loadAnalyze_DB top_module=Check
Execute     source /home/shubham/HLS_Exercises/CheckCustomization/solution1/.autopilot/db/Check.rtl_wrap.cfg.tcl 
Execute     source /home/shubham/HLS_Exercises/CheckCustomization/solution1/.autopilot/db/Check.rtl_wrap.cfg.tcl 
Execute     source /home/shubham/HLS_Exercises/CheckCustomization/solution1/.autopilot/db/Check.rtl_wrap.cfg.tcl 
Execute     source /home/shubham/HLS_Exercises/CheckCustomization/solution1/.autopilot/db/Check.tbgen.tcl 
Execute     source /home/shubham/HLS_Exercises/CheckCustomization/solution1/.autopilot/db/Check.tbgen.tcl 
Execute     source /home/shubham/HLS_Exercises/CheckCustomization/solution1/.autopilot/db/Check.tbgen.tcl 
INFO-FLOW: DBG:CMD:       generate_top_info
INFO-FLOW: DBG:CMD:       prepArgInfo -> loadAnalyze_DB top_module=Check
Execute     source /home/shubham/HLS_Exercises/CheckCustomization/solution1/.autopilot/db/Check.rtl_wrap.cfg.tcl 
Execute     source /home/shubham/HLS_Exercises/CheckCustomization/solution1/.autopilot/db/Check.rtl_wrap.cfg.tcl 
Execute     source /home/shubham/HLS_Exercises/CheckCustomization/solution1/.autopilot/db/Check.rtl_wrap.cfg.tcl 
Execute     source /home/shubham/HLS_Exercises/CheckCustomization/solution1/.autopilot/db/Check.tbgen.tcl 
Execute     source /home/shubham/HLS_Exercises/CheckCustomization/solution1/.autopilot/db/Check.tbgen.tcl 
Execute     source /home/shubham/HLS_Exercises/CheckCustomization/solution1/.autopilot/db/global.setting.tcl 
Execute     source /home/shubham/HLS_Exercises/CheckCustomization/solution1/.autopilot/db/Check.constraint.tcl 
INFO-FLOW: DBG:CMD:       generate_ipi_example_script
INFO-FLOW: DBG:CMD:       generate_syn_sh
Execute     source /home/shubham/HLS_Exercises/CheckCustomization/solution1/.autopilot/db/global.setting.tcl 
Execute     source /home/shubham/HLS_Exercises/CheckCustomization/solution1/.autopilot/db/global.setting.tcl 
INFO-FLOW: DBG:CMD:       generate_imp_constraints
Execute     source /home/shubham/HLS_Exercises/CheckCustomization/solution1/.autopilot/db/Check.constraint.tcl 
Execute     source /home/shubham/HLS_Exercises/CheckCustomization/solution1/.autopilot/db/Check.constraint.tcl 
INFO-FLOW: DBG:CMD:       copy-tb-rtl-files
INFO-FLOW: DBG:CMD:       copy-tb-data-files
INFO-FLOW: DBG:CMD:       delete-temp-dirs (skipped for debug)
INFO-FLOW: DBG:CMD: read_platform_lib /home/shubham/HLS_Exercises/CheckCustomization/solution1/.autopilot/db/global.setting.tcl
Execute     source /home/shubham/Xilinx2018.3/Vivado/2018.3/common/technology/generic/autopilot/common.gen 
Execute       source /home/shubham/Xilinx2018.3/Vivado/2018.3/common/technology/generic/autopilot/APCoreGen.gen 
Execute     source /home/shubham/Xilinx2018.3/Vivado/2018.3/common/technology/generic/autopilot/op.gen 
Execute     source /home/shubham/Xilinx2018.3/Vivado/2018.3/common/technology/generic/autopilot/op_simcore.gen 
Execute     source /home/shubham/Xilinx2018.3/Vivado/2018.3/common/technology/generic/autopilot/interface.gen 
Execute     source /home/shubham/HLS_Exercises/CheckCustomization/solution1/.autopilot/db/global.setting.tcl 
Execute     source /home/shubham/Xilinx2018.3/Vivado/2018.3/common/technology/xilinx/zynquplus/zynquplus.gen 
Execute       source /home/shubham/Xilinx2018.3/Vivado/2018.3/common/technology/xilinx/common/virtex.gen 
Execute         source /home/shubham/Xilinx2018.3/Vivado/2018.3/common/technology/xilinx/common/xilinx.gen 
Execute           source /home/shubham/Xilinx2018.3/Vivado/2018.3/common/technology/xilinx/interface/plb46.gen 
Execute           source /home/shubham/Xilinx2018.3/Vivado/2018.3/common/technology/xilinx/interface/fsl.gen 
Execute           source /home/shubham/Xilinx2018.3/Vivado/2018.3/common/technology/xilinx/interface/axi4.gen 
Execute           source /home/shubham/Xilinx2018.3/Vivado/2018.3/common/technology/xilinx/interface/nativeAXI4.gen 
Execute             source /home/shubham/Xilinx2018.3/Vivado/2018.3/common/technology/xilinx/interface/saxilite.gen 
Execute             source /home/shubham/Xilinx2018.3/Vivado/2018.3/common/technology/xilinx/interface/maxi.gen 
Execute           source /home/shubham/Xilinx2018.3/Vivado/2018.3/common/technology/xilinx/scripts/xilinxcoregen.gen 
Execute           source /home/shubham/Xilinx2018.3/Vivado/2018.3/common/technology/xilinx/interface/XilEDKCoreGen.gen 
Execute           source /home/shubham/Xilinx2018.3/Vivado/2018.3/common/technology/xilinx/ip/dds_compiler.gen 
Execute           source /home/shubham/Xilinx2018.3/Vivado/2018.3/common/technology/xilinx/ip/util.gen 
Execute           source /home/shubham/Xilinx2018.3/Vivado/2018.3/common/technology/xilinx/ip/xfft.gen 
Execute           source /home/shubham/Xilinx2018.3/Vivado/2018.3/common/technology/xilinx/ip/xfir.gen 
Execute         source /home/shubham/Xilinx2018.3/Vivado/2018.3/common/technology/xilinx/common/dsp48.gen 
Execute     source /home/shubham/Xilinx2018.3/Vivado/2018.3/common/technology/xilinx/zynquplus/zynquplus_fpv7.gen 
Execute       source /home/shubham/Xilinx2018.3/Vivado/2018.3/common/technology/xilinx/common/xilinx_fpv6.gen 
INFO-FLOW: DBG:CMD:     exec /home/shubham/HLS_Exercises/CheckCustomization/solution1/impl/ip/pack.sh
INFO-FLOW: DBG:CMD:   auto_impl: eval: -tool vivado -flow syn -rtl verilog
Execute     source /home/shubham/HLS_Exercises/CheckCustomization/solution1/.autopilot/db/global.setting.tcl 
INFO-FLOW: DBG:CMD: read_platform_lib /home/shubham/HLS_Exercises/CheckCustomization/solution1/.autopilot/db/global.setting.tcl
Execute     source /home/shubham/Xilinx2018.3/Vivado/2018.3/common/technology/generic/autopilot/common.gen 
Execute       source /home/shubham/Xilinx2018.3/Vivado/2018.3/common/technology/generic/autopilot/APCoreGen.gen 
Execute     source /home/shubham/Xilinx2018.3/Vivado/2018.3/common/technology/generic/autopilot/op.gen 
Execute     source /home/shubham/Xilinx2018.3/Vivado/2018.3/common/technology/generic/autopilot/op_simcore.gen 
Execute     source /home/shubham/Xilinx2018.3/Vivado/2018.3/common/technology/generic/autopilot/interface.gen 
Execute     source /home/shubham/HLS_Exercises/CheckCustomization/solution1/.autopilot/db/global.setting.tcl 
Execute     source /home/shubham/Xilinx2018.3/Vivado/2018.3/common/technology/xilinx/zynquplus/zynquplus.gen 
Execute       source /home/shubham/Xilinx2018.3/Vivado/2018.3/common/technology/xilinx/common/virtex.gen 
Execute         source /home/shubham/Xilinx2018.3/Vivado/2018.3/common/technology/xilinx/common/xilinx.gen 
Execute           source /home/shubham/Xilinx2018.3/Vivado/2018.3/common/technology/xilinx/interface/plb46.gen 
Execute           source /home/shubham/Xilinx2018.3/Vivado/2018.3/common/technology/xilinx/interface/fsl.gen 
Execute           source /home/shubham/Xilinx2018.3/Vivado/2018.3/common/technology/xilinx/interface/axi4.gen 
Execute           source /home/shubham/Xilinx2018.3/Vivado/2018.3/common/technology/xilinx/interface/nativeAXI4.gen 
Execute             source /home/shubham/Xilinx2018.3/Vivado/2018.3/common/technology/xilinx/interface/saxilite.gen 
Execute             source /home/shubham/Xilinx2018.3/Vivado/2018.3/common/technology/xilinx/interface/maxi.gen 
Execute           source /home/shubham/Xilinx2018.3/Vivado/2018.3/common/technology/xilinx/scripts/xilinxcoregen.gen 
Execute           source /home/shubham/Xilinx2018.3/Vivado/2018.3/common/technology/xilinx/interface/XilEDKCoreGen.gen 
Execute           source /home/shubham/Xilinx2018.3/Vivado/2018.3/common/technology/xilinx/ip/dds_compiler.gen 
Execute           source /home/shubham/Xilinx2018.3/Vivado/2018.3/common/technology/xilinx/ip/util.gen 
Execute           source /home/shubham/Xilinx2018.3/Vivado/2018.3/common/technology/xilinx/ip/xfft.gen 
Execute           source /home/shubham/Xilinx2018.3/Vivado/2018.3/common/technology/xilinx/ip/xfir.gen 
Execute         source /home/shubham/Xilinx2018.3/Vivado/2018.3/common/technology/xilinx/common/dsp48.gen 
Execute     source /home/shubham/Xilinx2018.3/Vivado/2018.3/common/technology/xilinx/zynquplus/zynquplus_fpv7.gen 
Execute       source /home/shubham/Xilinx2018.3/Vivado/2018.3/common/technology/xilinx/common/xilinx_fpv6.gen 
Execute     source /home/shubham/HLS_Exercises/CheckCustomization/solution1/.autopilot/db/global.setting.tcl 
INFO: [IMPL 213-8] Starting RTL evaluation using Vivado ...
Execute     source /home/shubham/HLS_Exercises/CheckCustomization/solution1/.autopilot/db/global.setting.tcl 
INFO-FLOW: DBG:CMD: automg_wrap -rtl vlog -tool Vivado -impltomg_flag
INFO-FLOW: DBG:CMD:     auto_generate -rtl vlog -tool Vivado -impltomg_flag
Execute     source /home/shubham/HLS_Exercises/CheckCustomization/solution1/.autopilot/db/global.setting.tcl 
INFO-FLOW: DBG:CMD: read_platform_lib /home/shubham/HLS_Exercises/CheckCustomization/solution1/.autopilot/db/global.setting.tcl
Execute     source /home/shubham/Xilinx2018.3/Vivado/2018.3/common/technology/generic/autopilot/common.gen 
Execute       source /home/shubham/Xilinx2018.3/Vivado/2018.3/common/technology/generic/autopilot/APCoreGen.gen 
Execute     source /home/shubham/Xilinx2018.3/Vivado/2018.3/common/technology/generic/autopilot/op.gen 
Execute     source /home/shubham/Xilinx2018.3/Vivado/2018.3/common/technology/generic/autopilot/op_simcore.gen 
Execute     source /home/shubham/Xilinx2018.3/Vivado/2018.3/common/technology/generic/autopilot/interface.gen 
Execute     source /home/shubham/HLS_Exercises/CheckCustomization/solution1/.autopilot/db/global.setting.tcl 
Execute     source /home/shubham/Xilinx2018.3/Vivado/2018.3/common/technology/xilinx/zynquplus/zynquplus.gen 
Execute       source /home/shubham/Xilinx2018.3/Vivado/2018.3/common/technology/xilinx/common/virtex.gen 
Execute         source /home/shubham/Xilinx2018.3/Vivado/2018.3/common/technology/xilinx/common/xilinx.gen 
Execute           source /home/shubham/Xilinx2018.3/Vivado/2018.3/common/technology/xilinx/interface/plb46.gen 
Execute           source /home/shubham/Xilinx2018.3/Vivado/2018.3/common/technology/xilinx/interface/fsl.gen 
Execute           source /home/shubham/Xilinx2018.3/Vivado/2018.3/common/technology/xilinx/interface/axi4.gen 
Execute           source /home/shubham/Xilinx2018.3/Vivado/2018.3/common/technology/xilinx/interface/nativeAXI4.gen 
Execute             source /home/shubham/Xilinx2018.3/Vivado/2018.3/common/technology/xilinx/interface/saxilite.gen 
Execute             source /home/shubham/Xilinx2018.3/Vivado/2018.3/common/technology/xilinx/interface/maxi.gen 
Execute           source /home/shubham/Xilinx2018.3/Vivado/2018.3/common/technology/xilinx/scripts/xilinxcoregen.gen 
Execute           source /home/shubham/Xilinx2018.3/Vivado/2018.3/common/technology/xilinx/interface/XilEDKCoreGen.gen 
Execute           source /home/shubham/Xilinx2018.3/Vivado/2018.3/common/technology/xilinx/ip/dds_compiler.gen 
Execute           source /home/shubham/Xilinx2018.3/Vivado/2018.3/common/technology/xilinx/ip/util.gen 
Execute           source /home/shubham/Xilinx2018.3/Vivado/2018.3/common/technology/xilinx/ip/xfft.gen 
Execute           source /home/shubham/Xilinx2018.3/Vivado/2018.3/common/technology/xilinx/ip/xfir.gen 
Execute         source /home/shubham/Xilinx2018.3/Vivado/2018.3/common/technology/xilinx/common/dsp48.gen 
Execute     source /home/shubham/Xilinx2018.3/Vivado/2018.3/common/technology/xilinx/zynquplus/zynquplus_fpv7.gen 
Execute       source /home/shubham/Xilinx2018.3/Vivado/2018.3/common/technology/xilinx/common/xilinx_fpv6.gen 
INFO-FLOW: DBG:CMD:       generate_ip_cores sim=0 export=0 expOnly=0 dstVlogDir=impl/verilog
Execute     source /home/shubham/HLS_Exercises/CheckCustomization/solution1/.autopilot/db/global.setting.tcl 
Execute     source /home/shubham/HLS_Exercises/CheckCustomization/solution1/.autopilot/db/Check.compgen.tcl 
INFO-FLOW: DBG:CMD:       generate_syn_sh
Execute     source /home/shubham/HLS_Exercises/CheckCustomization/solution1/.autopilot/db/global.setting.tcl 
INFO-FLOW: DBG:CMD:       generate_imp_constraints
Execute     source /home/shubham/HLS_Exercises/CheckCustomization/solution1/.autopilot/db/Check.constraint.tcl 
INFO-FLOW: DBG:CMD:       copy-tb-rtl-files
INFO-FLOW: DBG:CMD:       copy-tb-data-files
INFO-FLOW: DBG:CMD:       delete-temp-dirs (skipped for debug)
INFO-FLOW: DBG:CMD: read_platform_lib /home/shubham/HLS_Exercises/CheckCustomization/solution1/.autopilot/db/global.setting.tcl
Execute     source /home/shubham/Xilinx2018.3/Vivado/2018.3/common/technology/generic/autopilot/common.gen 
Execute       source /home/shubham/Xilinx2018.3/Vivado/2018.3/common/technology/generic/autopilot/APCoreGen.gen 
Execute     source /home/shubham/Xilinx2018.3/Vivado/2018.3/common/technology/generic/autopilot/op.gen 
Execute     source /home/shubham/Xilinx2018.3/Vivado/2018.3/common/technology/generic/autopilot/op_simcore.gen 
Execute     source /home/shubham/Xilinx2018.3/Vivado/2018.3/common/technology/generic/autopilot/interface.gen 
Execute     source /home/shubham/HLS_Exercises/CheckCustomization/solution1/.autopilot/db/global.setting.tcl 
Execute     source /home/shubham/Xilinx2018.3/Vivado/2018.3/common/technology/xilinx/zynquplus/zynquplus.gen 
Execute       source /home/shubham/Xilinx2018.3/Vivado/2018.3/common/technology/xilinx/common/virtex.gen 
Execute         source /home/shubham/Xilinx2018.3/Vivado/2018.3/common/technology/xilinx/common/xilinx.gen 
Execute           source /home/shubham/Xilinx2018.3/Vivado/2018.3/common/technology/xilinx/interface/plb46.gen 
Execute           source /home/shubham/Xilinx2018.3/Vivado/2018.3/common/technology/xilinx/interface/fsl.gen 
Execute           source /home/shubham/Xilinx2018.3/Vivado/2018.3/common/technology/xilinx/interface/axi4.gen 
Execute           source /home/shubham/Xilinx2018.3/Vivado/2018.3/common/technology/xilinx/interface/nativeAXI4.gen 
Execute             source /home/shubham/Xilinx2018.3/Vivado/2018.3/common/technology/xilinx/interface/saxilite.gen 
Execute             source /home/shubham/Xilinx2018.3/Vivado/2018.3/common/technology/xilinx/interface/maxi.gen 
Execute           source /home/shubham/Xilinx2018.3/Vivado/2018.3/common/technology/xilinx/scripts/xilinxcoregen.gen 
Execute           source /home/shubham/Xilinx2018.3/Vivado/2018.3/common/technology/xilinx/interface/XilEDKCoreGen.gen 
Execute           source /home/shubham/Xilinx2018.3/Vivado/2018.3/common/technology/xilinx/ip/dds_compiler.gen 
Execute           source /home/shubham/Xilinx2018.3/Vivado/2018.3/common/technology/xilinx/ip/util.gen 
Execute           source /home/shubham/Xilinx2018.3/Vivado/2018.3/common/technology/xilinx/ip/xfft.gen 
Execute           source /home/shubham/Xilinx2018.3/Vivado/2018.3/common/technology/xilinx/ip/xfir.gen 
Execute         source /home/shubham/Xilinx2018.3/Vivado/2018.3/common/technology/xilinx/common/dsp48.gen 
Execute     source /home/shubham/Xilinx2018.3/Vivado/2018.3/common/technology/xilinx/zynquplus/zynquplus_fpv7.gen 
Execute       source /home/shubham/Xilinx2018.3/Vivado/2018.3/common/technology/xilinx/common/xilinx_fpv6.gen 
WARNING: [IMPL 213-201] IO timing constraints are not applied without adding IO buffers.
Execute     get_config_export -vivado_report_level 
Execute     get_config_export -vivado_ip_cache 
Execute     get_config_export -vivado_enable_slr_assignment 
Execute     get_config_export -vivado_bd_cell_properties 
Execute     get_config_export -vivado_synth_design_args 
Execute     source /home/shubham/HLS_Exercises/CheckCustomization/solution1/.autopilot/db/global.setting.tcl 
Execute     get_config_export -vivado_synth_strategy 
Execute     get_config_export -vivado_synth_run_properties 
INFO-FLOW: DBG:CMD: auto_impl: vlog syn exec /home/shubham/HLS_Exercises/CheckCustomization/solution1/impl/verilog/implsyn.sh
Command   export_design done; 214.79 sec.
Command ap_source done; 214.93 sec.
Execute cleanup_all 
