

================================================================
== Vivado HLS Report for 'datagdec'
================================================================
* Date:           Thu Feb 27 23:52:57 2020

* Version:        2018.3 (Build 2405991 on Thu Dec 06 23:56:15 MST 2018)
* Project:        DataDecCPP
* Solution:       solution1
* Product family: zynquplus
* Target device:  xczu9eg-ffvb1156-2-i


================================================================
== Performance Estimates
================================================================
+ Timing (ns): 
    * Summary: 
    +--------+-------+----------+------------+
    |  Clock | Target| Estimated| Uncertainty|
    +--------+-------+----------+------------+
    |ap_clk  |  10.00|     1.416|        1.25|
    +--------+-------+----------+------------+

+ Latency (clock cycles): 
    * Summary: 
    +-----+-----+-----+-----+---------+
    |  Latency  |  Interval | Pipeline|
    | min | max | min | max |   Type  |
    +-----+-----+-----+-----+---------+
    |   26|   26|   26|   26|   none  |
    +-----+-----+-----+-----+---------+

    + Detail: 
        * Instance: 
        N/A

        * Loop: 
        +----------+-----+-----+----------+-----------+-----------+------+----------+
        |          |  Latency  | Iteration|  Initiation Interval  | Trip |          |
        | Loop Name| min | max |  Latency |  achieved |   target  | Count| Pipelined|
        +----------+-----+-----+----------+-----------+-----------+------+----------+
        |- Loop 1  |   24|   24|         3|          -|          -|     8|    no    |
        +----------+-----+-----+----------+-----------+-----------+------+----------+



================================================================
== Utilization Estimates
================================================================
* Summary: 
+-----------------+---------+-------+--------+--------+-----+
|       Name      | BRAM_18K| DSP48E|   FF   |   LUT  | URAM|
+-----------------+---------+-------+--------+--------+-----+
|DSP              |        -|      -|       -|       -|    -|
|Expression       |        -|      -|       0|      62|    -|
|FIFO             |        -|      -|       -|       -|    -|
|Instance         |        -|      -|       -|       -|    -|
|Memory           |        0|      -|       1|       1|    -|
|Multiplexer      |        -|      -|       -|     201|    -|
|Register         |        -|      -|     295|       -|    -|
+-----------------+---------+-------+--------+--------+-----+
|Total            |        0|      0|     296|     264|    0|
+-----------------+---------+-------+--------+--------+-----+
|Available        |     1824|   2520|  548160|  274080|    0|
+-----------------+---------+-------+--------+--------+-----+
|Utilization (%)  |        0|      0|   ~0   |   ~0   |    0|
+-----------------+---------+-------+--------+--------+-----+

+ Detail: 
    * Instance: 
    N/A

    * DSP48: 
    N/A

    * Memory: 
    +-------+------------+---------+---+----+------+-----+------+-------------+
    | Memory|   Module   | BRAM_18K| FF| LUT| Words| Bits| Banks| W*Bits*Banks|
    +-------+------------+---------+---+----+------+-----+------+-------------+
    |t_U    |datagdec_t  |        0|  1|   1|     8|    1|     1|            8|
    +-------+------------+---------+---+----+------+-----+------+-------------+
    |Total  |            |        0|  1|   1|     8|    1|     1|            8|
    +-------+------------+---------+---+----+------+-----+------+-------------+

    * FIFO: 
    N/A

    * Expression: 
    +-------------------------------+----------+-------+---+----+------------+------------+
    |         Variable Name         | Operation| DSP48E| FF| LUT| Bitwidth P0| Bitwidth P1|
    +-------------------------------+----------+-------+---+----+------------+------------+
    |i_fu_134_p2                    |     +    |      0|  0|  12|           4|           1|
    |din_V_data_V_1_load_A          |    and   |      0|  0|   2|           1|           1|
    |din_V_data_V_1_load_B          |    and   |      0|  0|   2|           1|           1|
    |din_V_tlast_1_load_A           |    and   |      0|  0|   2|           1|           1|
    |din_V_tlast_1_load_B           |    and   |      0|  0|   2|           1|           1|
    |din_V_data_V_1_state_cmp_full  |   icmp   |      0|  0|   8|           2|           1|
    |din_V_tlast_1_state_cmp_full   |   icmp   |      0|  0|   8|           2|           1|
    |exitcond_fu_128_p2             |   icmp   |      0|  0|  11|           4|           5|
    |tmp_tlast_fu_140_p2            |   icmp   |      0|  0|   9|           4|           3|
    |ap_block_state1_io             |    or    |      0|  0|   2|           1|           1|
    |ap_block_state3                |    or    |      0|  0|   2|           1|           1|
    |dat_data_V_fu_151_p3           |  select  |      0|  0|   2|           1|           2|
    +-------------------------------+----------+-------+---+----+------------+------------+
    |Total                          |          |      0|  0|  62|          23|          19|
    +-------------------------------+----------+-------+---+----+------------+------------+

    * Multiplexer: 
    +-----------------------------+----+-----------+-----+-----------+
    |             Name            | LUT| Input Size| Bits| Total Bits|
    +-----------------------------+----+-----------+-----+-----------+
    |ap_NS_fsm                    |  33|          6|    1|          6|
    |control_V_1_state            |  15|          3|    2|          6|
    |control_V_TDATA_blk_n        |   9|          2|    1|          2|
    |din_TDATA_blk_n              |   9|          2|    1|          2|
    |din_V_data_V_1_data_out      |   9|          2|  128|        256|
    |din_V_data_V_1_state         |  15|          3|    2|          6|
    |din_V_tlast_1_data_out       |   9|          2|    1|          2|
    |din_V_tlast_1_state          |  15|          3|    2|          6|
    |din_words_TDATA_blk_n        |   9|          2|    1|          2|
    |din_words_V_data_V_1_state   |  15|          3|    2|          6|
    |din_words_V_tlast_1_state    |  15|          3|    2|          6|
    |dout_words_TDATA_blk_n       |   9|          2|    1|          2|
    |dout_words_V_data_V_1_state  |  15|          3|    2|          6|
    |dout_words_V_tlast_1_state   |  15|          3|    2|          6|
    |i2_reg_117                   |   9|          2|    4|          8|
    +-----------------------------+----+-----------+-----+-----------+
    |Total                        | 201|         41|  152|        322|
    +-----------------------------+----+-----------+-----+-----------+

    * Register: 
    +------------------------------+-----+----+-----+-----------+
    |             Name             |  FF | LUT| Bits| Const Bits|
    +------------------------------+-----+----+-----+-----------+
    |ap_CS_fsm                     |    5|   0|    5|          0|
    |control_V_1_sel_rd            |    1|   0|    1|          0|
    |control_V_1_state             |    2|   0|    2|          0|
    |din_V_data_V_1_payload_A      |  128|   0|  128|          0|
    |din_V_data_V_1_payload_B      |  128|   0|  128|          0|
    |din_V_data_V_1_sel_rd         |    1|   0|    1|          0|
    |din_V_data_V_1_sel_wr         |    1|   0|    1|          0|
    |din_V_data_V_1_state          |    2|   0|    2|          0|
    |din_V_tlast_1_payload_A       |    1|   0|    1|          0|
    |din_V_tlast_1_payload_B       |    1|   0|    1|          0|
    |din_V_tlast_1_sel_rd          |    1|   0|    1|          0|
    |din_V_tlast_1_sel_wr          |    1|   0|    1|          0|
    |din_V_tlast_1_state           |    2|   0|    2|          0|
    |din_words_V_data_V_1_sel_rd   |    1|   0|    1|          0|
    |din_words_V_data_V_1_state    |    2|   0|    2|          0|
    |din_words_V_tlast_1_sel_rd    |    1|   0|    1|          0|
    |din_words_V_tlast_1_state     |    2|   0|    2|          0|
    |dout_words_V_data_V_1_sel_rd  |    1|   0|    1|          0|
    |dout_words_V_data_V_1_state   |    2|   0|    2|          0|
    |dout_words_V_tlast_1_sel_rd   |    1|   0|    1|          0|
    |dout_words_V_tlast_1_state    |    2|   0|    2|          0|
    |i2_reg_117                    |    4|   0|    4|          0|
    |i_reg_163                     |    4|   0|    4|          0|
    |tmp_tlast_reg_168             |    1|   0|    1|          0|
    +------------------------------+-----+----+-----+-----------+
    |Total                         |  295|   0|  295|          0|
    +------------------------------+-----+----+-----+-----------+



================================================================
== Interface
================================================================
* Summary: 
+-------------------+-----+-----+------------+---------------------+--------------+
|     RTL Ports     | Dir | Bits|  Protocol  |    Source Object    |    C Type    |
+-------------------+-----+-----+------------+---------------------+--------------+
|ap_clk             |  in |    1| ap_ctrl_hs |       datagdec      | return value |
|ap_rst_n           |  in |    1| ap_ctrl_hs |       datagdec      | return value |
|ap_start           |  in |    1| ap_ctrl_hs |       datagdec      | return value |
|ap_done            | out |    1| ap_ctrl_hs |       datagdec      | return value |
|ap_idle            | out |    1| ap_ctrl_hs |       datagdec      | return value |
|ap_ready           | out |    1| ap_ctrl_hs |       datagdec      | return value |
|din_TDATA          | out |  128|    axis    |     din_V_data_V    |    pointer   |
|din_TREADY         |  in |    1|    axis    |     din_V_data_V    |    pointer   |
|din_TVALID         | out |    1|    axis    |     din_V_tlast     |    pointer   |
|din_TLAST          | out |    1|    axis    |     din_V_tlast     |    pointer   |
|control_V_TDATA    | out |   32|    axis    |      control_V      |    pointer   |
|control_V_TVALID   | out |    1|    axis    |      control_V      |    pointer   |
|control_V_TREADY   |  in |    1|    axis    |      control_V      |    pointer   |
|din_words_TDATA    | out |    8|    axis    |  din_words_V_data_V |    pointer   |
|din_words_TREADY   |  in |    1|    axis    |  din_words_V_data_V |    pointer   |
|din_words_TVALID   | out |    1|    axis    |  din_words_V_tlast  |    pointer   |
|din_words_TLAST    | out |    1|    axis    |  din_words_V_tlast  |    pointer   |
|dout_words_TDATA   | out |    8|    axis    | dout_words_V_data_V |    pointer   |
|dout_words_TREADY  |  in |    1|    axis    | dout_words_V_data_V |    pointer   |
|dout_words_TVALID  | out |    1|    axis    |  dout_words_V_tlast |    pointer   |
|dout_words_TLAST   | out |    1|    axis    |  dout_words_V_tlast |    pointer   |
+-------------------+-----+-----+------------+---------------------+--------------+

